-------------------------------------------------------------------------------
Test set: org.javolution.util.FastSetTest
-------------------------------------------------------------------------------
Tests run: 13, Failures: 2, Errors: 9, Skipped: 0, Time elapsed: 0.018 sec <<< FAILURE! - in org.javolution.util.FastSetTest
testUnmodifiableView(org.javolution.util.FastSetTest)  Time elapsed: 0.001 sec  <<< ERROR!
java.lang.Exception: Unexpected exception, expected<java.lang.UnsupportedOperationException> but was<java.lang.NullPointerException>
	at org.javolution.util.FastSetTest.testUnmodifiableView(FastSetTest.java:171)

testIteratorAndSetRetainsInsertOrder(org.javolution.util.FastSetTest)  Time elapsed: 0.001 sec  <<< ERROR!
java.lang.NullPointerException: null
	at org.javolution.util.FastSetTest.testIteratorAndSetRetainsInsertOrder(FastSetTest.java:101)

testAny(org.javolution.util.FastSetTest)  Time elapsed: 0.003 sec  <<< ERROR!
java.lang.NullPointerException: null
	at org.javolution.util.FastCollection.until(FastCollection.java:352)
	at org.javolution.util.FastCollection.any(FastCollection.java:398)
	at org.javolution.util.FastSetTest.testAny(FastSetTest.java:41)

testMax(org.javolution.util.FastSetTest)  Time elapsed: 0.001 sec  <<< ERROR!
java.lang.NullPointerException: null
	at org.javolution.util.FastCollection.reduce(FastCollection.java:385)
	at org.javolution.util.FastCollection.max(FastCollection.java:423)
	at org.javolution.util.FastSetTest.testMax(FastSetTest.java:114)

testMin(org.javolution.util.FastSetTest)  Time elapsed: 0 sec  <<< ERROR!
java.lang.NullPointerException: null
	at org.javolution.util.FastCollection.reduce(FastCollection.java:385)
	at org.javolution.util.FastCollection.min(FastCollection.java:434)
	at org.javolution.util.FastSetTest.testMin(FastSetTest.java:124)

testClear(org.javolution.util.FastSetTest)  Time elapsed: 0 sec  <<< FAILURE!
java.lang.AssertionError: Set Is Empty After Clear
	at org.junit.Assert.fail(Assert.java:88)
	at org.junit.Assert.assertTrue(Assert.java:41)
	at org.javolution.util.FastSetTest.testClear(FastSetTest.java:62)

testRetainAll(org.javolution.util.FastSetTest)  Time elapsed: 0.001 sec  <<< ERROR!
java.lang.NullPointerException: null
	at org.javolution.util.FastCollection.addAll(FastCollection.java:531)
	at org.javolution.util.FastCollection.retainAll(FastCollection.java:577)
	at org.javolution.util.FastSetTest.testRetainAll(FastSetTest.java:137)

testContainsAll(org.javolution.util.FastSetTest)  Time elapsed: 0 sec  <<< ERROR!
java.lang.NullPointerException: null
	at org.javolution.util.FastCollection.containsAll(FastCollection.java:542)
	at org.javolution.util.FastSetTest.testContainsAll(FastSetTest.java:82)

testReversedView(org.javolution.util.FastSetTest)  Time elapsed: 0.001 sec  <<< ERROR!
java.lang.NullPointerException: null
	at org.javolution.util.FastSetTest.testReversedView(FastSetTest.java:152)

testCaseInsensitiveSetWithLexicalCaseInsensitive(org.javolution.util.FastSetTest)  Time elapsed: 0.001 sec  <<< ERROR!
java.lang.StringIndexOutOfBoundsException: String index out of range: -1
	at java.lang.String.charAt(String.java:646)
	at org.javolution.util.internal.function.CaseInsensitiveLexicalOrderImpl.areEqual(CaseInsensitiveLexicalOrderImpl.java:41)
	at org.javolution.util.internal.function.CaseInsensitiveLexicalOrderImpl.areEqual(CaseInsensitiveLexicalOrderImpl.java:18)
	at org.javolution.util.SparseMap.getEntry(SparseMap.java:106)
	at org.javolution.util.FastMap.containsKey(FastMap.java:342)
	at org.javolution.util.SparseSet.contains(SparseSet.java:78)
	at org.javolution.util.FastSetTest.testCaseInsensitiveSetWithLexicalCaseInsensitive(FastSetTest.java:52)

testIsEmpty(org.javolution.util.FastSetTest)  Time elapsed: 0.001 sec  <<< FAILURE!
java.lang.AssertionError: Set Is Empty
	at org.junit.Assert.fail(Assert.java:88)
	at org.junit.Assert.assertTrue(Assert.java:41)
	at org.javolution.util.FastSetTest.testIsEmpty(FastSetTest.java:87)

