-------------------------------------------------------------------------------
Test set: org.javolution.xml.jaxb.JAXBAnnotatedObjectWriterTest
-------------------------------------------------------------------------------
Tests run: 19, Failures: 0, Errors: 19, Skipped: 0, Time elapsed: 0.795 sec <<< FAILURE! - in org.javolution.xml.jaxb.JAXBAnnotatedObjectWriterTest
testWithValueElement(org.javolution.xml.jaxb.JAXBAnnotatedObjectWriterTest)  Time elapsed: 0.498 sec  <<< ERROR!
javax.xml.bind.UnmarshalException: null
	at org.javolution.io.CharSequenceReader.read(CharSequenceReader.java:129)
	at com.sun.org.apache.xerces.internal.impl.XMLEntityScanner.load(XMLEntityScanner.java:1743)
	at com.sun.org.apache.xerces.internal.impl.XMLEntityScanner.arrangeCapacity(XMLEntityScanner.java:1614)
	at com.sun.org.apache.xerces.internal.impl.XMLEntityScanner.skipString(XMLEntityScanner.java:1652)
	at com.sun.org.apache.xerces.internal.impl.XMLVersionDetector.determineDocVersion(XMLVersionDetector.java:196)
	at com.sun.org.apache.xerces.internal.parsers.XML11Configuration.parse(XML11Configuration.java:812)
	at com.sun.org.apache.xerces.internal.parsers.XML11Configuration.parse(XML11Configuration.java:777)
	at com.sun.org.apache.xerces.internal.parsers.XMLParser.parse(XMLParser.java:141)
	at com.sun.org.apache.xerces.internal.parsers.AbstractSAXParser.parse(AbstractSAXParser.java:1213)
	at com.sun.org.apache.xerces.internal.jaxp.SAXParserImpl$JAXPSAXParser.parse(SAXParserImpl.java:649)
	at com.sun.xml.internal.bind.v2.runtime.unmarshaller.UnmarshallerImpl.unmarshal0(UnmarshallerImpl.java:243)
	at com.sun.xml.internal.bind.v2.runtime.unmarshaller.UnmarshallerImpl.unmarshal(UnmarshallerImpl.java:214)
	at javax.xml.bind.helpers.AbstractUnmarshallerImpl.unmarshal(AbstractUnmarshallerImpl.java:157)
	at javax.xml.bind.helpers.AbstractUnmarshallerImpl.unmarshal(AbstractUnmarshallerImpl.java:214)
	at org.javolution.xml.jaxb.JAXBAnnotatedObjectWriterTest.readJAXBObjectWithJDK(JAXBAnnotatedObjectWriterTest.java:212)
	at org.javolution.xml.jaxb.JAXBAnnotatedObjectWriterTest.testWithValueElement(JAXBAnnotatedObjectWriterTest.java:178)

testLargeValidNestedMixedObject(org.javolution.xml.jaxb.JAXBAnnotatedObjectWriterTest)  Time elapsed: 0.063 sec  <<< ERROR!
javax.xml.bind.UnmarshalException: null
	at org.javolution.io.CharSequenceReader.read(CharSequenceReader.java:129)
	at com.sun.org.apache.xerces.internal.impl.XMLEntityScanner.load(XMLEntityScanner.java:1743)
	at com.sun.org.apache.xerces.internal.impl.XMLEntityScanner.arrangeCapacity(XMLEntityScanner.java:1614)
	at com.sun.org.apache.xerces.internal.impl.XMLEntityScanner.skipString(XMLEntityScanner.java:1652)
	at com.sun.org.apache.xerces.internal.impl.XMLVersionDetector.determineDocVersion(XMLVersionDetector.java:196)
	at com.sun.org.apache.xerces.internal.parsers.XML11Configuration.parse(XML11Configuration.java:812)
	at com.sun.org.apache.xerces.internal.parsers.XML11Configuration.parse(XML11Configuration.java:777)
	at com.sun.org.apache.xerces.internal.parsers.XMLParser.parse(XMLParser.java:141)
	at com.sun.org.apache.xerces.internal.parsers.AbstractSAXParser.parse(AbstractSAXParser.java:1213)
	at com.sun.org.apache.xerces.internal.jaxp.SAXParserImpl$JAXPSAXParser.parse(SAXParserImpl.java:649)
	at com.sun.xml.internal.bind.v2.runtime.unmarshaller.UnmarshallerImpl.unmarshal0(UnmarshallerImpl.java:243)
	at com.sun.xml.internal.bind.v2.runtime.unmarshaller.UnmarshallerImpl.unmarshal(UnmarshallerImpl.java:214)
	at javax.xml.bind.helpers.AbstractUnmarshallerImpl.unmarshal(AbstractUnmarshallerImpl.java:157)
	at javax.xml.bind.helpers.AbstractUnmarshallerImpl.unmarshal(AbstractUnmarshallerImpl.java:214)
	at org.javolution.xml.jaxb.JAXBAnnotatedObjectWriterTest.readJAXBObjectWithJDK(JAXBAnnotatedObjectWriterTest.java:212)
	at org.javolution.xml.jaxb.JAXBAnnotatedObjectWriterTest.testLargeValidNestedMixedObject(JAXBAnnotatedObjectWriterTest.java:83)

testWithChoiceElement(org.javolution.xml.jaxb.JAXBAnnotatedObjectWriterTest)  Time elapsed: 0.011 sec  <<< ERROR!
javax.xml.bind.UnmarshalException: null
	at org.javolution.io.CharSequenceReader.read(CharSequenceReader.java:129)
	at com.sun.org.apache.xerces.internal.impl.XMLEntityScanner.load(XMLEntityScanner.java:1743)
	at com.sun.org.apache.xerces.internal.impl.XMLEntityScanner.arrangeCapacity(XMLEntityScanner.java:1614)
	at com.sun.org.apache.xerces.internal.impl.XMLEntityScanner.skipString(XMLEntityScanner.java:1652)
	at com.sun.org.apache.xerces.internal.impl.XMLVersionDetector.determineDocVersion(XMLVersionDetector.java:196)
	at com.sun.org.apache.xerces.internal.parsers.XML11Configuration.parse(XML11Configuration.java:812)
	at com.sun.org.apache.xerces.internal.parsers.XML11Configuration.parse(XML11Configuration.java:777)
	at com.sun.org.apache.xerces.internal.parsers.XMLParser.parse(XMLParser.java:141)
	at com.sun.org.apache.xerces.internal.parsers.AbstractSAXParser.parse(AbstractSAXParser.java:1213)
	at com.sun.org.apache.xerces.internal.jaxp.SAXParserImpl$JAXPSAXParser.parse(SAXParserImpl.java:649)
	at com.sun.xml.internal.bind.v2.runtime.unmarshaller.UnmarshallerImpl.unmarshal0(UnmarshallerImpl.java:243)
	at com.sun.xml.internal.bind.v2.runtime.unmarshaller.UnmarshallerImpl.unmarshal(UnmarshallerImpl.java:214)
	at javax.xml.bind.helpers.AbstractUnmarshallerImpl.unmarshal(AbstractUnmarshallerImpl.java:157)
	at javax.xml.bind.helpers.AbstractUnmarshallerImpl.unmarshal(AbstractUnmarshallerImpl.java:214)
	at org.javolution.xml.jaxb.JAXBAnnotatedObjectWriterTest.readJAXBObjectWithJDK(JAXBAnnotatedObjectWriterTest.java:212)
	at org.javolution.xml.jaxb.JAXBAnnotatedObjectWriterTest.testWithChoiceElement(JAXBAnnotatedObjectWriterTest.java:119)

testWithMissingRequiredElement(org.javolution.xml.jaxb.JAXBAnnotatedObjectWriterTest)  Time elapsed: 0.013 sec  <<< ERROR!
java.lang.Exception: Unexpected exception, expected<javax.xml.bind.MarshalException> but was<javax.xml.bind.UnmarshalException>
	at org.javolution.io.CharSequenceReader.read(CharSequenceReader.java:129)
	at com.sun.org.apache.xerces.internal.impl.XMLEntityScanner.load(XMLEntityScanner.java:1743)
	at com.sun.org.apache.xerces.internal.impl.XMLEntityScanner.arrangeCapacity(XMLEntityScanner.java:1614)
	at com.sun.org.apache.xerces.internal.impl.XMLEntityScanner.skipString(XMLEntityScanner.java:1652)
	at com.sun.org.apache.xerces.internal.impl.XMLVersionDetector.determineDocVersion(XMLVersionDetector.java:196)
	at com.sun.org.apache.xerces.internal.parsers.XML11Configuration.parse(XML11Configuration.java:812)
	at com.sun.org.apache.xerces.internal.parsers.XML11Configuration.parse(XML11Configuration.java:777)
	at com.sun.org.apache.xerces.internal.parsers.XMLParser.parse(XMLParser.java:141)
	at com.sun.org.apache.xerces.internal.parsers.AbstractSAXParser.parse(AbstractSAXParser.java:1213)
	at com.sun.org.apache.xerces.internal.jaxp.SAXParserImpl$JAXPSAXParser.parse(SAXParserImpl.java:649)
	at com.sun.xml.internal.bind.v2.runtime.unmarshaller.UnmarshallerImpl.unmarshal0(UnmarshallerImpl.java:243)
	at com.sun.xml.internal.bind.v2.runtime.unmarshaller.UnmarshallerImpl.unmarshal(UnmarshallerImpl.java:214)
	at javax.xml.bind.helpers.AbstractUnmarshallerImpl.unmarshal(AbstractUnmarshallerImpl.java:157)
	at javax.xml.bind.helpers.AbstractUnmarshallerImpl.unmarshal(AbstractUnmarshallerImpl.java:214)
	at org.javolution.xml.jaxb.JAXBAnnotatedObjectWriterTest.readJAXBObjectWithJDK(JAXBAnnotatedObjectWriterTest.java:212)
	at org.javolution.xml.jaxb.JAXBAnnotatedObjectWriterTest.testWithMissingRequiredElement(JAXBAnnotatedObjectWriterTest.java:153)

testSmall(org.javolution.xml.jaxb.JAXBAnnotatedObjectWriterTest)  Time elapsed: 0.011 sec  <<< ERROR!
javax.xml.bind.UnmarshalException: null
	at org.javolution.io.CharSequenceReader.read(CharSequenceReader.java:129)
	at com.sun.org.apache.xerces.internal.impl.XMLEntityScanner.load(XMLEntityScanner.java:1743)
	at com.sun.org.apache.xerces.internal.impl.XMLEntityScanner.arrangeCapacity(XMLEntityScanner.java:1614)
	at com.sun.org.apache.xerces.internal.impl.XMLEntityScanner.skipString(XMLEntityScanner.java:1652)
	at com.sun.org.apache.xerces.internal.impl.XMLVersionDetector.determineDocVersion(XMLVersionDetector.java:196)
	at com.sun.org.apache.xerces.internal.parsers.XML11Configuration.parse(XML11Configuration.java:812)
	at com.sun.org.apache.xerces.internal.parsers.XML11Configuration.parse(XML11Configuration.java:777)
	at com.sun.org.apache.xerces.internal.parsers.XMLParser.parse(XMLParser.java:141)
	at com.sun.org.apache.xerces.internal.parsers.AbstractSAXParser.parse(AbstractSAXParser.java:1213)
	at com.sun.org.apache.xerces.internal.jaxp.SAXParserImpl$JAXPSAXParser.parse(SAXParserImpl.java:649)
	at com.sun.xml.internal.bind.v2.runtime.unmarshaller.UnmarshallerImpl.unmarshal0(UnmarshallerImpl.java:243)
	at com.sun.xml.internal.bind.v2.runtime.unmarshaller.UnmarshallerImpl.unmarshal(UnmarshallerImpl.java:214)
	at javax.xml.bind.helpers.AbstractUnmarshallerImpl.unmarshal(AbstractUnmarshallerImpl.java:157)
	at javax.xml.bind.helpers.AbstractUnmarshallerImpl.unmarshal(AbstractUnmarshallerImpl.java:214)
	at org.javolution.xml.jaxb.JAXBAnnotatedObjectWriterTest.readJAXBObjectWithJDK(JAXBAnnotatedObjectWriterTest.java:212)
	at org.javolution.xml.jaxb.JAXBAnnotatedObjectWriterTest.testSmall(JAXBAnnotatedObjectWriterTest.java:38)

testWithBasicDatatypes(org.javolution.xml.jaxb.JAXBAnnotatedObjectWriterTest)  Time elapsed: 0.017 sec  <<< ERROR!
javax.xml.bind.UnmarshalException: null
	at org.javolution.io.CharSequenceReader.read(CharSequenceReader.java:129)
	at com.sun.org.apache.xerces.internal.impl.XMLEntityScanner.load(XMLEntityScanner.java:1743)
	at com.sun.org.apache.xerces.internal.impl.XMLEntityScanner.arrangeCapacity(XMLEntityScanner.java:1614)
	at com.sun.org.apache.xerces.internal.impl.XMLEntityScanner.skipString(XMLEntityScanner.java:1652)
	at com.sun.org.apache.xerces.internal.impl.XMLVersionDetector.determineDocVersion(XMLVersionDetector.java:196)
	at com.sun.org.apache.xerces.internal.parsers.XML11Configuration.parse(XML11Configuration.java:812)
	at com.sun.org.apache.xerces.internal.parsers.XML11Configuration.parse(XML11Configuration.java:777)
	at com.sun.org.apache.xerces.internal.parsers.XMLParser.parse(XMLParser.java:141)
	at com.sun.org.apache.xerces.internal.parsers.AbstractSAXParser.parse(AbstractSAXParser.java:1213)
	at com.sun.org.apache.xerces.internal.jaxp.SAXParserImpl$JAXPSAXParser.parse(SAXParserImpl.java:649)
	at com.sun.xml.internal.bind.v2.runtime.unmarshaller.UnmarshallerImpl.unmarshal0(UnmarshallerImpl.java:243)
	at com.sun.xml.internal.bind.v2.runtime.unmarshaller.UnmarshallerImpl.unmarshal(UnmarshallerImpl.java:214)
	at javax.xml.bind.helpers.AbstractUnmarshallerImpl.unmarshal(AbstractUnmarshallerImpl.java:157)
	at javax.xml.bind.helpers.AbstractUnmarshallerImpl.unmarshal(AbstractUnmarshallerImpl.java:214)
	at org.javolution.xml.jaxb.JAXBAnnotatedObjectWriterTest.readJAXBObjectWithJDK(JAXBAnnotatedObjectWriterTest.java:212)
	at org.javolution.xml.jaxb.JAXBAnnotatedObjectWriterTest.testWithBasicDatatypes(JAXBAnnotatedObjectWriterTest.java:101)

testWithEnumAndDate(org.javolution.xml.jaxb.JAXBAnnotatedObjectWriterTest)  Time elapsed: 0.015 sec  <<< ERROR!
javax.xml.bind.UnmarshalException: null
	at org.javolution.io.CharSequenceReader.read(CharSequenceReader.java:129)
	at com.sun.org.apache.xerces.internal.impl.XMLEntityScanner.load(XMLEntityScanner.java:1743)
	at com.sun.org.apache.xerces.internal.impl.XMLEntityScanner.arrangeCapacity(XMLEntityScanner.java:1614)
	at com.sun.org.apache.xerces.internal.impl.XMLEntityScanner.skipString(XMLEntityScanner.java:1652)
	at com.sun.org.apache.xerces.internal.impl.XMLVersionDetector.determineDocVersion(XMLVersionDetector.java:196)
	at com.sun.org.apache.xerces.internal.parsers.XML11Configuration.parse(XML11Configuration.java:812)
	at com.sun.org.apache.xerces.internal.parsers.XML11Configuration.parse(XML11Configuration.java:777)
	at com.sun.org.apache.xerces.internal.parsers.XMLParser.parse(XMLParser.java:141)
	at com.sun.org.apache.xerces.internal.parsers.AbstractSAXParser.parse(AbstractSAXParser.java:1213)
	at com.sun.org.apache.xerces.internal.jaxp.SAXParserImpl$JAXPSAXParser.parse(SAXParserImpl.java:649)
	at com.sun.xml.internal.bind.v2.runtime.unmarshaller.UnmarshallerImpl.unmarshal0(UnmarshallerImpl.java:243)
	at com.sun.xml.internal.bind.v2.runtime.unmarshaller.UnmarshallerImpl.unmarshal(UnmarshallerImpl.java:214)
	at javax.xml.bind.helpers.AbstractUnmarshallerImpl.unmarshal(AbstractUnmarshallerImpl.java:157)
	at javax.xml.bind.helpers.AbstractUnmarshallerImpl.unmarshal(AbstractUnmarshallerImpl.java:214)
	at org.javolution.xml.jaxb.JAXBAnnotatedObjectWriterTest.readJAXBObjectWithJDK(JAXBAnnotatedObjectWriterTest.java:212)
	at org.javolution.xml.jaxb.JAXBAnnotatedObjectWriterTest.testWithEnumAndDate(JAXBAnnotatedObjectWriterTest.java:128)

testLargeNestedMixedObject(org.javolution.xml.jaxb.JAXBAnnotatedObjectWriterTest)  Time elapsed: 0.012 sec  <<< ERROR!
javax.xml.bind.UnmarshalException: null
	at org.javolution.io.CharSequenceReader.read(CharSequenceReader.java:129)
	at com.sun.org.apache.xerces.internal.impl.XMLEntityScanner.load(XMLEntityScanner.java:1743)
	at com.sun.org.apache.xerces.internal.impl.XMLEntityScanner.arrangeCapacity(XMLEntityScanner.java:1614)
	at com.sun.org.apache.xerces.internal.impl.XMLEntityScanner.skipString(XMLEntityScanner.java:1652)
	at com.sun.org.apache.xerces.internal.impl.XMLVersionDetector.determineDocVersion(XMLVersionDetector.java:196)
	at com.sun.org.apache.xerces.internal.parsers.XML11Configuration.parse(XML11Configuration.java:812)
	at com.sun.org.apache.xerces.internal.parsers.XML11Configuration.parse(XML11Configuration.java:777)
	at com.sun.org.apache.xerces.internal.parsers.XMLParser.parse(XMLParser.java:141)
	at com.sun.org.apache.xerces.internal.parsers.AbstractSAXParser.parse(AbstractSAXParser.java:1213)
	at com.sun.org.apache.xerces.internal.jaxp.SAXParserImpl$JAXPSAXParser.parse(SAXParserImpl.java:649)
	at com.sun.xml.internal.bind.v2.runtime.unmarshaller.UnmarshallerImpl.unmarshal0(UnmarshallerImpl.java:243)
	at com.sun.xml.internal.bind.v2.runtime.unmarshaller.UnmarshallerImpl.unmarshal(UnmarshallerImpl.java:214)
	at javax.xml.bind.helpers.AbstractUnmarshallerImpl.unmarshal(AbstractUnmarshallerImpl.java:157)
	at javax.xml.bind.helpers.AbstractUnmarshallerImpl.unmarshal(AbstractUnmarshallerImpl.java:214)
	at org.javolution.xml.jaxb.JAXBAnnotatedObjectWriterTest.readJAXBObjectWithJDK(JAXBAnnotatedObjectWriterTest.java:212)
	at org.javolution.xml.jaxb.JAXBAnnotatedObjectWriterTest.testLargeNestedMixedObject(JAXBAnnotatedObjectWriterTest.java:74)

testBoundedElementWithMixedBoundedNesting(org.javolution.xml.jaxb.JAXBAnnotatedObjectWriterTest)  Time elapsed: 0.015 sec  <<< ERROR!
javax.xml.bind.UnmarshalException: null
	at org.javolution.io.CharSequenceReader.read(CharSequenceReader.java:129)
	at com.sun.org.apache.xerces.internal.impl.XMLEntityScanner.load(XMLEntityScanner.java:1743)
	at com.sun.org.apache.xerces.internal.impl.XMLEntityScanner.arrangeCapacity(XMLEntityScanner.java:1614)
	at com.sun.org.apache.xerces.internal.impl.XMLEntityScanner.skipString(XMLEntityScanner.java:1652)
	at com.sun.org.apache.xerces.internal.impl.XMLVersionDetector.determineDocVersion(XMLVersionDetector.java:196)
	at com.sun.org.apache.xerces.internal.parsers.XML11Configuration.parse(XML11Configuration.java:812)
	at com.sun.org.apache.xerces.internal.parsers.XML11Configuration.parse(XML11Configuration.java:777)
	at com.sun.org.apache.xerces.internal.parsers.XMLParser.parse(XMLParser.java:141)
	at com.sun.org.apache.xerces.internal.parsers.AbstractSAXParser.parse(AbstractSAXParser.java:1213)
	at com.sun.org.apache.xerces.internal.jaxp.SAXParserImpl$JAXPSAXParser.parse(SAXParserImpl.java:649)
	at com.sun.xml.internal.bind.v2.runtime.unmarshaller.UnmarshallerImpl.unmarshal0(UnmarshallerImpl.java:243)
	at com.sun.xml.internal.bind.v2.runtime.unmarshaller.UnmarshallerImpl.unmarshal(UnmarshallerImpl.java:214)
	at javax.xml.bind.helpers.AbstractUnmarshallerImpl.unmarshal(AbstractUnmarshallerImpl.java:157)
	at javax.xml.bind.helpers.AbstractUnmarshallerImpl.unmarshal(AbstractUnmarshallerImpl.java:214)
	at org.javolution.xml.jaxb.JAXBAnnotatedObjectWriterTest.readJAXBObjectWithJDK(JAXBAnnotatedObjectWriterTest.java:212)
	at org.javolution.xml.jaxb.JAXBAnnotatedObjectWriterTest.testBoundedElementWithMixedBoundedNesting(JAXBAnnotatedObjectWriterTest.java:47)

testWithQNameElement(org.javolution.xml.jaxb.JAXBAnnotatedObjectWriterTest)  Time elapsed: 0.023 sec  <<< ERROR!
javax.xml.bind.UnmarshalException: null
	at org.javolution.io.CharSequenceReader.read(CharSequenceReader.java:129)
	at com.sun.org.apache.xerces.internal.impl.XMLEntityScanner.load(XMLEntityScanner.java:1743)
	at com.sun.org.apache.xerces.internal.impl.XMLEntityScanner.arrangeCapacity(XMLEntityScanner.java:1614)
	at com.sun.org.apache.xerces.internal.impl.XMLEntityScanner.skipString(XMLEntityScanner.java:1652)
	at com.sun.org.apache.xerces.internal.impl.XMLVersionDetector.determineDocVersion(XMLVersionDetector.java:196)
	at com.sun.org.apache.xerces.internal.parsers.XML11Configuration.parse(XML11Configuration.java:812)
	at com.sun.org.apache.xerces.internal.parsers.XML11Configuration.parse(XML11Configuration.java:777)
	at com.sun.org.apache.xerces.internal.parsers.XMLParser.parse(XMLParser.java:141)
	at com.sun.org.apache.xerces.internal.parsers.AbstractSAXParser.parse(AbstractSAXParser.java:1213)
	at com.sun.org.apache.xerces.internal.jaxp.SAXParserImpl$JAXPSAXParser.parse(SAXParserImpl.java:649)
	at com.sun.xml.internal.bind.v2.runtime.unmarshaller.UnmarshallerImpl.unmarshal0(UnmarshallerImpl.java:243)
	at com.sun.xml.internal.bind.v2.runtime.unmarshaller.UnmarshallerImpl.unmarshal(UnmarshallerImpl.java:214)
	at javax.xml.bind.helpers.AbstractUnmarshallerImpl.unmarshal(AbstractUnmarshallerImpl.java:157)
	at javax.xml.bind.helpers.AbstractUnmarshallerImpl.unmarshal(AbstractUnmarshallerImpl.java:214)
	at org.javolution.xml.jaxb.JAXBAnnotatedObjectWriterTest.readJAXBObjectWithJDK(JAXBAnnotatedObjectWriterTest.java:212)
	at org.javolution.xml.jaxb.JAXBAnnotatedObjectWriterTest.testWithQNameElement(JAXBAnnotatedObjectWriterTest.java:160)

testWithDecimalAndInteger(org.javolution.xml.jaxb.JAXBAnnotatedObjectWriterTest)  Time elapsed: 0.007 sec  <<< ERROR!
javax.xml.bind.UnmarshalException: null
	at org.javolution.io.CharSequenceReader.read(CharSequenceReader.java:129)
	at com.sun.org.apache.xerces.internal.impl.XMLEntityScanner.load(XMLEntityScanner.java:1743)
	at com.sun.org.apache.xerces.internal.impl.XMLEntityScanner.arrangeCapacity(XMLEntityScanner.java:1614)
	at com.sun.org.apache.xerces.internal.impl.XMLEntityScanner.skipString(XMLEntityScanner.java:1652)
	at com.sun.org.apache.xerces.internal.impl.XMLVersionDetector.determineDocVersion(XMLVersionDetector.java:196)
	at com.sun.org.apache.xerces.internal.parsers.XML11Configuration.parse(XML11Configuration.java:812)
	at com.sun.org.apache.xerces.internal.parsers.XML11Configuration.parse(XML11Configuration.java:777)
	at com.sun.org.apache.xerces.internal.parsers.XMLParser.parse(XMLParser.java:141)
	at com.sun.org.apache.xerces.internal.parsers.AbstractSAXParser.parse(AbstractSAXParser.java:1213)
	at com.sun.org.apache.xerces.internal.jaxp.SAXParserImpl$JAXPSAXParser.parse(SAXParserImpl.java:649)
	at com.sun.xml.internal.bind.v2.runtime.unmarshaller.UnmarshallerImpl.unmarshal0(UnmarshallerImpl.java:243)
	at com.sun.xml.internal.bind.v2.runtime.unmarshaller.UnmarshallerImpl.unmarshal(UnmarshallerImpl.java:214)
	at javax.xml.bind.helpers.AbstractUnmarshallerImpl.unmarshal(AbstractUnmarshallerImpl.java:157)
	at javax.xml.bind.helpers.AbstractUnmarshallerImpl.unmarshal(AbstractUnmarshallerImpl.java:214)
	at org.javolution.xml.jaxb.JAXBAnnotatedObjectWriterTest.readJAXBObjectWithJDK(JAXBAnnotatedObjectWriterTest.java:212)
	at org.javolution.xml.jaxb.JAXBAnnotatedObjectWriterTest.testWithDecimalAndInteger(JAXBAnnotatedObjectWriterTest.java:196)

testWithSkippedElements(org.javolution.xml.jaxb.JAXBAnnotatedObjectWriterTest)  Time elapsed: 0.036 sec  <<< ERROR!
javax.xml.bind.UnmarshalException: null
	at org.javolution.io.CharSequenceReader.read(CharSequenceReader.java:129)
	at com.sun.org.apache.xerces.internal.impl.XMLEntityScanner.load(XMLEntityScanner.java:1743)
	at com.sun.org.apache.xerces.internal.impl.XMLEntityScanner.arrangeCapacity(XMLEntityScanner.java:1614)
	at com.sun.org.apache.xerces.internal.impl.XMLEntityScanner.skipString(XMLEntityScanner.java:1652)
	at com.sun.org.apache.xerces.internal.impl.XMLVersionDetector.determineDocVersion(XMLVersionDetector.java:196)
	at com.sun.org.apache.xerces.internal.parsers.XML11Configuration.parse(XML11Configuration.java:812)
	at com.sun.org.apache.xerces.internal.parsers.XML11Configuration.parse(XML11Configuration.java:777)
	at com.sun.org.apache.xerces.internal.parsers.XMLParser.parse(XMLParser.java:141)
	at com.sun.org.apache.xerces.internal.parsers.AbstractSAXParser.parse(AbstractSAXParser.java:1213)
	at com.sun.org.apache.xerces.internal.jaxp.SAXParserImpl$JAXPSAXParser.parse(SAXParserImpl.java:649)
	at com.sun.xml.internal.bind.v2.runtime.unmarshaller.UnmarshallerImpl.unmarshal0(UnmarshallerImpl.java:243)
	at com.sun.xml.internal.bind.v2.runtime.unmarshaller.UnmarshallerImpl.unmarshal(UnmarshallerImpl.java:214)
	at javax.xml.bind.helpers.AbstractUnmarshallerImpl.unmarshal(AbstractUnmarshallerImpl.java:157)
	at javax.xml.bind.helpers.AbstractUnmarshallerImpl.unmarshal(AbstractUnmarshallerImpl.java:214)
	at org.javolution.xml.jaxb.JAXBAnnotatedObjectWriterTest.readJAXBObjectWithJDK(JAXBAnnotatedObjectWriterTest.java:212)
	at org.javolution.xml.jaxb.JAXBAnnotatedObjectWriterTest.testWithSkippedElements(JAXBAnnotatedObjectWriterTest.java:137)

testWithMissingRequiredAttribute(org.javolution.xml.jaxb.JAXBAnnotatedObjectWriterTest)  Time elapsed: 0 sec  <<< ERROR!
java.lang.Exception: Unexpected exception, expected<javax.xml.bind.MarshalException> but was<javax.xml.bind.UnmarshalException>
	at org.javolution.io.CharSequenceReader.read(CharSequenceReader.java:129)
	at com.sun.org.apache.xerces.internal.impl.XMLEntityScanner.load(XMLEntityScanner.java:1743)
	at com.sun.org.apache.xerces.internal.impl.XMLEntityScanner.arrangeCapacity(XMLEntityScanner.java:1614)
	at com.sun.org.apache.xerces.internal.impl.XMLEntityScanner.skipString(XMLEntityScanner.java:1652)
	at com.sun.org.apache.xerces.internal.impl.XMLVersionDetector.determineDocVersion(XMLVersionDetector.java:196)
	at com.sun.org.apache.xerces.internal.parsers.XML11Configuration.parse(XML11Configuration.java:812)
	at com.sun.org.apache.xerces.internal.parsers.XML11Configuration.parse(XML11Configuration.java:777)
	at com.sun.org.apache.xerces.internal.parsers.XMLParser.parse(XMLParser.java:141)
	at com.sun.org.apache.xerces.internal.parsers.AbstractSAXParser.parse(AbstractSAXParser.java:1213)
	at com.sun.org.apache.xerces.internal.jaxp.SAXParserImpl$JAXPSAXParser.parse(SAXParserImpl.java:649)
	at com.sun.xml.internal.bind.v2.runtime.unmarshaller.UnmarshallerImpl.unmarshal0(UnmarshallerImpl.java:243)
	at com.sun.xml.internal.bind.v2.runtime.unmarshaller.UnmarshallerImpl.unmarshal(UnmarshallerImpl.java:214)
	at javax.xml.bind.helpers.AbstractUnmarshallerImpl.unmarshal(AbstractUnmarshallerImpl.java:157)
	at javax.xml.bind.helpers.AbstractUnmarshallerImpl.unmarshal(AbstractUnmarshallerImpl.java:214)
	at org.javolution.xml.jaxb.JAXBAnnotatedObjectWriterTest.readJAXBObjectWithJDK(JAXBAnnotatedObjectWriterTest.java:212)
	at org.javolution.xml.jaxb.JAXBAnnotatedObjectWriterTest.testWithMissingRequiredAttribute(JAXBAnnotatedObjectWriterTest.java:146)

testWithBinaryElement(org.javolution.xml.jaxb.JAXBAnnotatedObjectWriterTest)  Time elapsed: 0.005 sec  <<< ERROR!
javax.xml.bind.UnmarshalException: null
	at org.javolution.io.CharSequenceReader.read(CharSequenceReader.java:129)
	at com.sun.org.apache.xerces.internal.impl.XMLEntityScanner.load(XMLEntityScanner.java:1743)
	at com.sun.org.apache.xerces.internal.impl.XMLEntityScanner.arrangeCapacity(XMLEntityScanner.java:1614)
	at com.sun.org.apache.xerces.internal.impl.XMLEntityScanner.skipString(XMLEntityScanner.java:1652)
	at com.sun.org.apache.xerces.internal.impl.XMLVersionDetector.determineDocVersion(XMLVersionDetector.java:196)
	at com.sun.org.apache.xerces.internal.parsers.XML11Configuration.parse(XML11Configuration.java:812)
	at com.sun.org.apache.xerces.internal.parsers.XML11Configuration.parse(XML11Configuration.java:777)
	at com.sun.org.apache.xerces.internal.parsers.XMLParser.parse(XMLParser.java:141)
	at com.sun.org.apache.xerces.internal.parsers.AbstractSAXParser.parse(AbstractSAXParser.java:1213)
	at com.sun.org.apache.xerces.internal.jaxp.SAXParserImpl$JAXPSAXParser.parse(SAXParserImpl.java:649)
	at com.sun.xml.internal.bind.v2.runtime.unmarshaller.UnmarshallerImpl.unmarshal0(UnmarshallerImpl.java:243)
	at com.sun.xml.internal.bind.v2.runtime.unmarshaller.UnmarshallerImpl.unmarshal(UnmarshallerImpl.java:214)
	at javax.xml.bind.helpers.AbstractUnmarshallerImpl.unmarshal(AbstractUnmarshallerImpl.java:157)
	at javax.xml.bind.helpers.AbstractUnmarshallerImpl.unmarshal(AbstractUnmarshallerImpl.java:214)
	at org.javolution.xml.jaxb.JAXBAnnotatedObjectWriterTest.readJAXBObjectWithJDK(JAXBAnnotatedObjectWriterTest.java:212)
	at org.javolution.xml.jaxb.JAXBAnnotatedObjectWriterTest.testWithBinaryElement(JAXBAnnotatedObjectWriterTest.java:169)

testWithCDataString(org.javolution.xml.jaxb.JAXBAnnotatedObjectWriterTest)  Time elapsed: 0.015 sec  <<< ERROR!
javax.xml.bind.UnmarshalException: null
	at org.javolution.io.CharSequenceReader.read(CharSequenceReader.java:129)
	at com.sun.org.apache.xerces.internal.impl.XMLEntityScanner.load(XMLEntityScanner.java:1743)
	at com.sun.org.apache.xerces.internal.impl.XMLEntityScanner.arrangeCapacity(XMLEntityScanner.java:1614)
	at com.sun.org.apache.xerces.internal.impl.XMLEntityScanner.skipString(XMLEntityScanner.java:1652)
	at com.sun.org.apache.xerces.internal.impl.XMLVersionDetector.determineDocVersion(XMLVersionDetector.java:196)
	at com.sun.org.apache.xerces.internal.parsers.XML11Configuration.parse(XML11Configuration.java:812)
	at com.sun.org.apache.xerces.internal.parsers.XML11Configuration.parse(XML11Configuration.java:777)
	at com.sun.org.apache.xerces.internal.parsers.XMLParser.parse(XMLParser.java:141)
	at com.sun.org.apache.xerces.internal.parsers.AbstractSAXParser.parse(AbstractSAXParser.java:1213)
	at com.sun.org.apache.xerces.internal.jaxp.SAXParserImpl$JAXPSAXParser.parse(SAXParserImpl.java:649)
	at com.sun.xml.internal.bind.v2.runtime.unmarshaller.UnmarshallerImpl.unmarshal0(UnmarshallerImpl.java:243)
	at com.sun.xml.internal.bind.v2.runtime.unmarshaller.UnmarshallerImpl.unmarshal(UnmarshallerImpl.java:214)
	at javax.xml.bind.helpers.AbstractUnmarshallerImpl.unmarshal(AbstractUnmarshallerImpl.java:157)
	at javax.xml.bind.helpers.AbstractUnmarshallerImpl.unmarshal(AbstractUnmarshallerImpl.java:214)
	at org.javolution.xml.jaxb.JAXBAnnotatedObjectWriterTest.readJAXBObjectWithJDK(JAXBAnnotatedObjectWriterTest.java:212)
	at org.javolution.xml.jaxb.JAXBAnnotatedObjectWriterTest.testWithCDataString(JAXBAnnotatedObjectWriterTest.java:110)

testCommonElement(org.javolution.xml.jaxb.JAXBAnnotatedObjectWriterTest)  Time elapsed: 0.014 sec  <<< ERROR!
javax.xml.bind.UnmarshalException: null
	at org.javolution.io.CharSequenceReader.read(CharSequenceReader.java:129)
	at com.sun.org.apache.xerces.internal.impl.XMLEntityScanner.load(XMLEntityScanner.java:1743)
	at com.sun.org.apache.xerces.internal.impl.XMLEntityScanner.arrangeCapacity(XMLEntityScanner.java:1614)
	at com.sun.org.apache.xerces.internal.impl.XMLEntityScanner.skipString(XMLEntityScanner.java:1652)
	at com.sun.org.apache.xerces.internal.impl.XMLVersionDetector.determineDocVersion(XMLVersionDetector.java:196)
	at com.sun.org.apache.xerces.internal.parsers.XML11Configuration.parse(XML11Configuration.java:812)
	at com.sun.org.apache.xerces.internal.parsers.XML11Configuration.parse(XML11Configuration.java:777)
	at com.sun.org.apache.xerces.internal.parsers.XMLParser.parse(XMLParser.java:141)
	at com.sun.org.apache.xerces.internal.parsers.AbstractSAXParser.parse(AbstractSAXParser.java:1213)
	at com.sun.org.apache.xerces.internal.jaxp.SAXParserImpl$JAXPSAXParser.parse(SAXParserImpl.java:649)
	at com.sun.xml.internal.bind.v2.runtime.unmarshaller.UnmarshallerImpl.unmarshal0(UnmarshallerImpl.java:243)
	at com.sun.xml.internal.bind.v2.runtime.unmarshaller.UnmarshallerImpl.unmarshal(UnmarshallerImpl.java:214)
	at javax.xml.bind.helpers.AbstractUnmarshallerImpl.unmarshal(AbstractUnmarshallerImpl.java:157)
	at javax.xml.bind.helpers.AbstractUnmarshallerImpl.unmarshal(AbstractUnmarshallerImpl.java:214)
	at org.javolution.xml.jaxb.JAXBAnnotatedObjectWriterTest.readJAXBObjectWithJDK(JAXBAnnotatedObjectWriterTest.java:212)
	at org.javolution.xml.jaxb.JAXBAnnotatedObjectWriterTest.testCommonElement(JAXBAnnotatedObjectWriterTest.java:65)

testMoreThanOneOfSameElementWithMixedData(org.javolution.xml.jaxb.JAXBAnnotatedObjectWriterTest)  Time elapsed: 0.013 sec  <<< ERROR!
javax.xml.bind.UnmarshalException: null
	at org.javolution.io.CharSequenceReader.read(CharSequenceReader.java:129)
	at com.sun.org.apache.xerces.internal.impl.XMLEntityScanner.load(XMLEntityScanner.java:1743)
	at com.sun.org.apache.xerces.internal.impl.XMLEntityScanner.arrangeCapacity(XMLEntityScanner.java:1614)
	at com.sun.org.apache.xerces.internal.impl.XMLEntityScanner.skipString(XMLEntityScanner.java:1652)
	at com.sun.org.apache.xerces.internal.impl.XMLVersionDetector.determineDocVersion(XMLVersionDetector.java:196)
	at com.sun.org.apache.xerces.internal.parsers.XML11Configuration.parse(XML11Configuration.java:812)
	at com.sun.org.apache.xerces.internal.parsers.XML11Configuration.parse(XML11Configuration.java:777)
	at com.sun.org.apache.xerces.internal.parsers.XMLParser.parse(XMLParser.java:141)
	at com.sun.org.apache.xerces.internal.parsers.AbstractSAXParser.parse(AbstractSAXParser.java:1213)
	at com.sun.org.apache.xerces.internal.jaxp.SAXParserImpl$JAXPSAXParser.parse(SAXParserImpl.java:649)
	at com.sun.xml.internal.bind.v2.runtime.unmarshaller.UnmarshallerImpl.unmarshal0(UnmarshallerImpl.java:243)
	at com.sun.xml.internal.bind.v2.runtime.unmarshaller.UnmarshallerImpl.unmarshal(UnmarshallerImpl.java:214)
	at javax.xml.bind.helpers.AbstractUnmarshallerImpl.unmarshal(AbstractUnmarshallerImpl.java:157)
	at javax.xml.bind.helpers.AbstractUnmarshallerImpl.unmarshal(AbstractUnmarshallerImpl.java:214)
	at org.javolution.xml.jaxb.JAXBAnnotatedObjectWriterTest.readJAXBObjectWithJDK(JAXBAnnotatedObjectWriterTest.java:212)
	at org.javolution.xml.jaxb.JAXBAnnotatedObjectWriterTest.testMoreThanOneOfSameElementWithMixedData(JAXBAnnotatedObjectWriterTest.java:92)

testBoundedElementWithNestedAttributeOnly(org.javolution.xml.jaxb.JAXBAnnotatedObjectWriterTest)  Time elapsed: 0.009 sec  <<< ERROR!
javax.xml.bind.UnmarshalException: null
	at org.javolution.io.CharSequenceReader.read(CharSequenceReader.java:129)
	at com.sun.org.apache.xerces.internal.impl.XMLEntityScanner.load(XMLEntityScanner.java:1743)
	at com.sun.org.apache.xerces.internal.impl.XMLEntityScanner.arrangeCapacity(XMLEntityScanner.java:1614)
	at com.sun.org.apache.xerces.internal.impl.XMLEntityScanner.skipString(XMLEntityScanner.java:1652)
	at com.sun.org.apache.xerces.internal.impl.XMLVersionDetector.determineDocVersion(XMLVersionDetector.java:196)
	at com.sun.org.apache.xerces.internal.parsers.XML11Configuration.parse(XML11Configuration.java:812)
	at com.sun.org.apache.xerces.internal.parsers.XML11Configuration.parse(XML11Configuration.java:777)
	at com.sun.org.apache.xerces.internal.parsers.XMLParser.parse(XMLParser.java:141)
	at com.sun.org.apache.xerces.internal.parsers.AbstractSAXParser.parse(AbstractSAXParser.java:1213)
	at com.sun.org.apache.xerces.internal.jaxp.SAXParserImpl$JAXPSAXParser.parse(SAXParserImpl.java:649)
	at com.sun.xml.internal.bind.v2.runtime.unmarshaller.UnmarshallerImpl.unmarshal0(UnmarshallerImpl.java:243)
	at com.sun.xml.internal.bind.v2.runtime.unmarshaller.UnmarshallerImpl.unmarshal(UnmarshallerImpl.java:214)
	at javax.xml.bind.helpers.AbstractUnmarshallerImpl.unmarshal(AbstractUnmarshallerImpl.java:157)
	at javax.xml.bind.helpers.AbstractUnmarshallerImpl.unmarshal(AbstractUnmarshallerImpl.java:214)
	at org.javolution.xml.jaxb.JAXBAnnotatedObjectWriterTest.readJAXBObjectWithJDK(JAXBAnnotatedObjectWriterTest.java:212)
	at org.javolution.xml.jaxb.JAXBAnnotatedObjectWriterTest.testBoundedElementWithNestedAttributeOnly(JAXBAnnotatedObjectWriterTest.java:56)

testWithEmptyElements(org.javolution.xml.jaxb.JAXBAnnotatedObjectWriterTest)  Time elapsed: 0.011 sec  <<< ERROR!
javax.xml.bind.UnmarshalException: null
	at org.javolution.io.CharSequenceReader.read(CharSequenceReader.java:129)
	at com.sun.org.apache.xerces.internal.impl.XMLEntityScanner.load(XMLEntityScanner.java:1743)
	at com.sun.org.apache.xerces.internal.impl.XMLEntityScanner.arrangeCapacity(XMLEntityScanner.java:1614)
	at com.sun.org.apache.xerces.internal.impl.XMLEntityScanner.skipString(XMLEntityScanner.java:1652)
	at com.sun.org.apache.xerces.internal.impl.XMLVersionDetector.determineDocVersion(XMLVersionDetector.java:196)
	at com.sun.org.apache.xerces.internal.parsers.XML11Configuration.parse(XML11Configuration.java:812)
	at com.sun.org.apache.xerces.internal.parsers.XML11Configuration.parse(XML11Configuration.java:777)
	at com.sun.org.apache.xerces.internal.parsers.XMLParser.parse(XMLParser.java:141)
	at com.sun.org.apache.xerces.internal.parsers.AbstractSAXParser.parse(AbstractSAXParser.java:1213)
	at com.sun.org.apache.xerces.internal.jaxp.SAXParserImpl$JAXPSAXParser.parse(SAXParserImpl.java:649)
	at com.sun.xml.internal.bind.v2.runtime.unmarshaller.UnmarshallerImpl.unmarshal0(UnmarshallerImpl.java:243)
	at com.sun.xml.internal.bind.v2.runtime.unmarshaller.UnmarshallerImpl.unmarshal(UnmarshallerImpl.java:214)
	at javax.xml.bind.helpers.AbstractUnmarshallerImpl.unmarshal(AbstractUnmarshallerImpl.java:157)
	at javax.xml.bind.helpers.AbstractUnmarshallerImpl.unmarshal(AbstractUnmarshallerImpl.java:214)
	at org.javolution.xml.jaxb.JAXBAnnotatedObjectWriterTest.readJAXBObjectWithJDK(JAXBAnnotatedObjectWriterTest.java:212)
	at org.javolution.xml.jaxb.JAXBAnnotatedObjectWriterTest.testWithEmptyElements(JAXBAnnotatedObjectWriterTest.java:187)

