<?xml version="1.0" encoding="UTF-8"?>
<testsuite name="org.javolution.util.FastSetTest" time="0.01" tests="13" errors="9" skipped="0" failures="2">
  <properties>
[...]
</properties>
  <testcase name="testUnmodifiableView" classname="org.javolution.util.FastSetTest" time="0.001">
    <error message="Unexpected exception, expected&lt;java.lang.UnsupportedOperationException&gt; but was&lt;java.lang.NullPointerException&gt;" type="java.lang.Exception"><![CDATA[java.lang.Exception: Unexpected exception, expected<java.lang.UnsupportedOperationException> but was<java.lang.NullPointerException>
	at org.javolution.util.FastSetTest.testUnmodifiableView(FastSetTest.java:171)
]]></error>
  </testcase>
  <testcase name="testIteratorAndSetRetainsInsertOrder" classname="org.javolution.util.FastSetTest" time="0.001">
    <error type="java.lang.NullPointerException:">java.lang.NullPointerException: null
	at org.javolution.util.FastSetTest.testIteratorAndSetRetainsInsertOrder(FastSetTest.java:101)
</error>
  </testcase>
  <testcase name="testAny" classname="org.javolution.util.FastSetTest" time="0.003">
    <error type="java.lang.NullPointerException:">java.lang.NullPointerException: null
	at org.javolution.util.FastCollection.until(FastCollection.java:352)
	at org.javolution.util.FastCollection.any(FastCollection.java:398)
	at org.javolution.util.FastSetTest.testAny(FastSetTest.java:41)
</error>
  </testcase>
  <testcase name="testMax" classname="org.javolution.util.FastSetTest" time="0.001">
    <error type="java.lang.NullPointerException:">java.lang.NullPointerException: null
	at org.javolution.util.FastCollection.reduce(FastCollection.java:385)
	at org.javolution.util.FastCollection.max(FastCollection.java:423)
	at org.javolution.util.FastSetTest.testMax(FastSetTest.java:114)
</error>
  </testcase>
  <testcase name="testMin" classname="org.javolution.util.FastSetTest" time="0">
    <error type="java.lang.NullPointerException:">java.lang.NullPointerException: null
	at org.javolution.util.FastCollection.reduce(FastCollection.java:385)
	at org.javolution.util.FastCollection.min(FastCollection.java:434)
	at org.javolution.util.FastSetTest.testMin(FastSetTest.java:124)
</error>
  </testcase>
  <testcase name="testClear" classname="org.javolution.util.FastSetTest" time="0">
    <failure message="Set Is Empty After Clear" type="java.lang.AssertionError">java.lang.AssertionError: Set Is Empty After Clear
	at org.junit.Assert.fail(Assert.java:88)
	at org.junit.Assert.assertTrue(Assert.java:41)
	at org.javolution.util.FastSetTest.testClear(FastSetTest.java:62)
</failure>
  </testcase>
  <testcase name="testSize" classname="org.javolution.util.FastSetTest" time="0"/>
  <testcase name="testRetainAll" classname="org.javolution.util.FastSetTest" time="0.001">
    <error type="java.lang.NullPointerException:">java.lang.NullPointerException: null
	at org.javolution.util.FastCollection.addAll(FastCollection.java:531)
	at org.javolution.util.FastCollection.retainAll(FastCollection.java:577)
	at org.javolution.util.FastSetTest.testRetainAll(FastSetTest.java:137)
</error>
  </testcase>
  <testcase name="testContainsAll" classname="org.javolution.util.FastSetTest" time="0">
    <error type="java.lang.NullPointerException:">java.lang.NullPointerException: null
	at org.javolution.util.FastCollection.containsAll(FastCollection.java:542)
	at org.javolution.util.FastSetTest.testContainsAll(FastSetTest.java:82)
</error>
  </testcase>
  <testcase name="testContains" classname="org.javolution.util.FastSetTest" time="0"/>
  <testcase name="testReversedView" classname="org.javolution.util.FastSetTest" time="0.001">
    <error type="java.lang.NullPointerException:">java.lang.NullPointerException: null
	at org.javolution.util.FastSetTest.testReversedView(FastSetTest.java:152)
</error>
  </testcase>
  <testcase name="testCaseInsensitiveSetWithLexicalCaseInsensitive" classname="org.javolution.util.FastSetTest" time="0.001">
    <error message="String index out of range: -1" type="java.lang.StringIndexOutOfBoundsException">java.lang.StringIndexOutOfBoundsException: String index out of range: -1
	at java.lang.String.charAt(String.java:646)
	at org.javolution.util.internal.function.CaseInsensitiveLexicalOrderImpl.areEqual(CaseInsensitiveLexicalOrderImpl.java:41)
	at org.javolution.util.internal.function.CaseInsensitiveLexicalOrderImpl.areEqual(CaseInsensitiveLexicalOrderImpl.java:18)
	at org.javolution.util.SparseMap.getEntry(SparseMap.java:106)
	at org.javolution.util.FastMap.containsKey(FastMap.java:342)
	at org.javolution.util.SparseSet.contains(SparseSet.java:78)
	at org.javolution.util.FastSetTest.testCaseInsensitiveSetWithLexicalCaseInsensitive(FastSetTest.java:52)
</error>
  </testcase>
  <testcase name="testIsEmpty" classname="org.javolution.util.FastSetTest" time="0.001">
    <failure message="Set Is Empty" type="java.lang.AssertionError">java.lang.AssertionError: Set Is Empty
	at org.junit.Assert.fail(Assert.java:88)
	at org.junit.Assert.assertTrue(Assert.java:41)
	at org.javolution.util.FastSetTest.testIsEmpty(FastSetTest.java:87)
</failure>
  </testcase>
</testsuite>