<?xml version="1.0" encoding="UTF-8"?>
<testsuite name="org.javolution.util.FastIdentityMapTest" time="0.058" tests="11" errors="2" skipped="0" failures="4">
  <properties>
[...]
</properties>
  <testcase name="testClear" classname="org.javolution.util.FastIdentityMapTest" time="0">
    <failure message="Map Is Empty After Clear" type="java.lang.AssertionError">java.lang.AssertionError: Map Is Empty After Clear
	at org.junit.Assert.fail(Assert.java:88)
	at org.junit.Assert.assertTrue(Assert.java:41)
	at org.javolution.util.FastIdentityMapTest.testClear(FastIdentityMapTest.java:42)
</failure>
  </testcase>
  <testcase name="testSize" classname="org.javolution.util.FastIdentityMapTest" time="0"/>
  <testcase name="testGetPutRemoveOperations" classname="org.javolution.util.FastIdentityMapTest" time="0"/>
  <testcase name="testContainsKey" classname="org.javolution.util.FastIdentityMapTest" time="0"/>
  <testcase name="testPutIfAbsent" classname="org.javolution.util.FastIdentityMapTest" time="0"/>
  <testcase name="testContainsValue" classname="org.javolution.util.FastIdentityMapTest" time="0.058">
    <error type="java.lang.StackOverflowError:">java.lang.StackOverflowError: null
	at org.javolution.util.internal.map.ValuesImpl.contains(ValuesImpl.java:65)
	at org.javolution.util.FastMap.containsValue(FastMap.java:352)
	at org.javolution.util.internal.map.ValuesImpl.contains(ValuesImpl.java:65)
	at org.javolution.util.FastMap.containsValue(FastMap.java:352)
	at org.javolution.util.internal.map.ValuesImpl.contains(ValuesImpl.java:65)
	at org.javolution.util.FastMap.containsValue(FastMap.java:352)
	at org.javolution.util.internal.map.ValuesImpl.contains(ValuesImpl.java:65)
	at org.javolution.util.FastMap.containsValue(FastMap.java:352)
	at org.javolution.util.internal.map.ValuesImpl.contains(ValuesImpl.java:65)
	at org.javolution.util.FastMap.containsValue(FastMap.java:352)
	at org.javolution.util.internal.map.ValuesImpl.contains(ValuesImpl.java:65)
	at org.javolution.util.FastMap.containsValue(FastMap.java:352)
	at org.javolution.util.internal.map.ValuesImpl.contains(ValuesImpl.java:65)
	at org.javolution.util.FastMap.containsValue(FastMap.java:352)
	at org.javolution.util.internal.map.ValuesImpl.contains(ValuesImpl.java:65)
	at org.javolution.util.FastMap.containsValue(FastMap.java:352)
	at org.javolution.util.internal.map.ValuesImpl.contains(ValuesImpl.java:65)
	at org.javolution.util.FastMap.containsValue(FastMap.java:352)
	at org.javolution.util.internal.map.ValuesImpl.contains(ValuesImpl.java:65)
	at org.javolution.util.FastMap.containsValue(FastMap.java:352)
	at org.javolution.util.internal.map.ValuesImpl.contains(ValuesImpl.java:65)
	at org.javolution.util.FastMap.containsValue(FastMap.java:352)
	at org.javolution.util.internal.map.ValuesImpl.contains(ValuesImpl.java:65)
	at org.javolution.util.FastMap.containsValue(FastMap.java:352)
	at org.javolution.util.internal.map.ValuesImpl.contains(ValuesImpl.java:65)
	at org.javolution.util.FastMap.containsValue(FastMap.java:352)
	at org.javolution.util.internal.map.ValuesImpl.contains(ValuesImpl.java:65)
	at org.javolution.util.FastMap.containsValue(FastMap.java:352)
	at org.javolution.util.internal.map.ValuesImpl.contains(ValuesImpl.java:65)
	at org.javolution.util.FastMap.containsValue(FastMap.java:352)
	at org.javolution.util.internal.map.ValuesImpl.contains(ValuesImpl.java:65)
	at org.javolution.util.FastMap.containsValue(FastMap.java:352)
	at org.javolution.util.internal.map.ValuesImpl.contains(ValuesImpl.java:65)
	at org.javolution.util.FastMap.containsValue(FastMap.java:352)
	at org.javolution.util.internal.map.ValuesImpl.contains(ValuesImpl.java:65)
	at org.javolution.util.FastMap.containsValue(FastMap.java:352)
	at org.javolution.util.internal.map.ValuesImpl.contains(ValuesImpl.java:65)
	at org.javolution.util.FastMap.containsValue(FastMap.java:352)
	at org.javolution.util.internal.map.ValuesImpl.contains(ValuesImpl.java:65)
	at org.javolution.util.FastMap.containsValue(FastMap.java:352)
	at org.javolution.util.internal.map.ValuesImpl.contains(ValuesImpl.java:65)
	at org.javolution.util.FastMap.containsValue(FastMap.java:352)
	at org.javolution.util.internal.map.ValuesImpl.contains(ValuesImpl.java:65)
	at org.javolution.util.FastMap.containsValue(FastMap.java:352)
	at org.javolution.util.internal.map.ValuesImpl.contains(ValuesImpl.java:65)
	at org.javolution.util.FastMap.containsValue(FastMap.java:352)
	at org.javolution.util.internal.map.ValuesImpl.contains(ValuesImpl.java:65)
	at org.javolution.util.FastMap.containsValue(FastMap.java:352)
	at org.javolution.util.internal.map.ValuesImpl.contains(ValuesImpl.java:65)
	at org.javolution.util.FastMap.containsValue(FastMap.java:352)
	at org.javolution.util.internal.map.ValuesImpl.contains(ValuesImpl.java:65)
	at org.javolution.util.FastMap.containsValue(FastMap.java:352)
	at org.javolution.util.internal.map.ValuesImpl.contains(ValuesImpl.java:65)
	at org.javolution.util.FastMap.containsValue(FastMap.java:352)
	at org.javolution.util.internal.map.ValuesImpl.contains(ValuesImpl.java:65)
	at org.javolution.util.FastMap.containsValue(FastMap.java:352)
	at org.javolution.util.internal.map.ValuesImpl.contains(ValuesImpl.java:65)
	at org.javolution.util.FastMap.containsValue(FastMap.java:352)
	at org.javolution.util.internal.map.ValuesImpl.contains(ValuesImpl.java:65)
	at org.javolution.util.FastMap.containsValue(FastMap.java:352)
	at org.javolution.util.internal.map.ValuesImpl.contains(ValuesImpl.java:65)
	at org.javolution.util.FastMap.containsValue(FastMap.java:352)
	at org.javolution.util.internal.map.ValuesImpl.contains(ValuesImpl.java:65)
	at org.javolution.util.FastMap.containsValue(FastMap.java:352)
	at org.javolution.util.internal.map.ValuesImpl.contains(ValuesImpl.java:65)
	at org.javolution.util.FastMap.containsValue(FastMap.java:352)
	at org.javolution.util.internal.map.ValuesImpl.contains(ValuesImpl.java:65)
	at org.javolution.util.FastMap.containsValue(FastMap.java:352)
	at org.javolution.util.internal.map.ValuesImpl.contains(ValuesImpl.java:65)
	at org.javolution.util.FastMap.containsValue(FastMap.java:352)
	at org.javolution.util.internal.map.ValuesImpl.contains(ValuesImpl.java:65)
	at org.javolution.util.FastMap.containsValue(FastMap.java:352)
	at org.javolution.util.internal.map.ValuesImpl.contains(ValuesImpl.java:65)
	at org.javolution.util.FastMap.containsValue(FastMap.java:352)
	at org.javolution.util.internal.map.ValuesImpl.contains(ValuesImpl.java:65)
	at org.javolution.util.FastMap.containsValue(FastMap.java:352)
	at org.javolution.util.internal.map.ValuesImpl.contains(ValuesImpl.java:65)
	at org.javolution.util.FastMap.containsValue(FastMap.java:352)
	at org.javolution.util.internal.map.ValuesImpl.contains(ValuesImpl.java:65)
	at org.javolution.util.FastMap.containsValue(FastMap.java:352)
	at org.javolution.util.internal.map.ValuesImpl.contains(ValuesImpl.java:65)
	at org.javolution.util.FastMap.containsValue(FastMap.java:352)
	at org.javolution.util.internal.map.ValuesImpl.contains(ValuesImpl.java:65)
	at org.javolution.util.FastMap.containsValue(FastMap.java:352)
	at org.javolution.util.internal.map.ValuesImpl.contains(ValuesImpl.java:65)
	at org.javolution.util.FastMap.containsValue(FastMap.java:352)
	at org.javolution.util.internal.map.ValuesImpl.contains(ValuesImpl.java:65)
	at org.javolution.util.FastMap.containsValue(FastMap.java:352)
	at org.javolution.util.internal.map.ValuesImpl.contains(ValuesImpl.java:65)
	at org.javolution.util.FastMap.containsValue(FastMap.java:352)
	at org.javolution.util.internal.map.ValuesImpl.contains(ValuesImpl.java:65)
	at org.javolution.util.FastMap.containsValue(FastMap.java:352)
	at org.javolution.util.internal.map.ValuesImpl.contains(ValuesImpl.java:65)
	at org.javolution.util.FastMap.containsValue(FastMap.java:352)
	at org.javolution.util.internal.map.ValuesImpl.contains(ValuesImpl.java:65)
	at org.javolution.util.FastMap.containsValue(FastMap.java:352)
	at org.javolution.util.internal.map.ValuesImpl.contains(ValuesImpl.java:65)
	at org.javolution.util.FastMap.containsValue(FastMap.java:352)
	at org.javolution.util.internal.map.ValuesImpl.contains(ValuesImpl.java:65)
	at org.javolution.util.FastMap.containsValue(FastMap.java:352)
	at org.javolution.util.internal.map.ValuesImpl.contains(ValuesImpl.java:65)
	at org.javolution.util.FastMap.containsValue(FastMap.java:352)
	at org.javolution.util.internal.map.ValuesImpl.contains(ValuesImpl.java:65)
	at org.javolution.util.FastMap.containsValue(FastMap.java:352)
	at org.javolution.util.internal.map.ValuesImpl.contains(ValuesImpl.java:65)
	at org.javolution.util.FastMap.containsValue(FastMap.java:352)
	at org.javolution.util.internal.map.ValuesImpl.contains(ValuesImpl.java:65)
	at org.javolution.util.FastMap.containsValue(FastMap.java:352)
	at org.javolution.util.internal.map.ValuesImpl.contains(ValuesImpl.java:65)
	at org.javolution.util.FastMap.containsValue(FastMap.java:352)
	at org.javolution.util.internal.map.ValuesImpl.contains(ValuesImpl.java:65)
	at org.javolution.util.FastMap.containsValue(FastMap.java:352)
	at org.javolution.util.internal.map.ValuesImpl.contains(ValuesImpl.java:65)
	at org.javolution.util.FastMap.containsValue(FastMap.java:352)
	at org.javolution.util.internal.map.ValuesImpl.contains(ValuesImpl.java:65)
	at org.javolution.util.FastMap.containsValue(FastMap.java:352)
	at org.javolution.util.internal.map.ValuesImpl.contains(ValuesImpl.java:65)
	at org.javolution.util.FastMap.containsValue(FastMap.java:352)
	at org.javolution.util.internal.map.ValuesImpl.contains(ValuesImpl.java:65)
	at org.javolution.util.FastMap.containsValue(FastMap.java:352)
	at org.javolution.util.internal.map.ValuesImpl.contains(ValuesImpl.java:65)
	at org.javolution.util.FastMap.containsValue(FastMap.java:352)
	at org.javolution.util.internal.map.ValuesImpl.contains(ValuesImpl.java:65)
	at org.javolution.util.FastMap.containsValue(FastMap.java:352)
	at org.javolution.util.internal.map.ValuesImpl.contains(ValuesImpl.java:65)
	at org.javolution.util.FastMap.containsValue(FastMap.java:352)
	at org.javolution.util.internal.map.ValuesImpl.contains(ValuesImpl.java:65)
	at org.javolution.util.FastMap.containsValue(FastMap.java:352)
	at org.javolution.util.internal.map.ValuesImpl.contains(ValuesImpl.java:65)
	at org.javolution.util.FastMap.containsValue(FastMap.java:352)
	at org.javolution.util.internal.map.ValuesImpl.contains(ValuesImpl.java:65)
	at org.javolution.util.FastMap.containsValue(FastMap.java:352)
	at org.javolution.util.internal.map.ValuesImpl.contains(ValuesImpl.java:65)
	at org.javolution.util.FastMap.containsValue(FastMap.java:352)
	at org.javolution.util.internal.map.ValuesImpl.contains(ValuesImpl.java:65)
	at org.javolution.util.FastMap.containsValue(FastMap.java:352)
	at org.javolution.util.internal.map.ValuesImpl.contains(ValuesImpl.java:65)
	at org.javolution.util.FastMap.containsValue(FastMap.java:352)
	at org.javolution.util.internal.map.ValuesImpl.contains(ValuesImpl.java:65)
	at org.javolution.util.FastMap.containsValue(FastMap.java:352)
	at org.javolution.util.internal.map.ValuesImpl.contains(ValuesImpl.java:65)
	at org.javolution.util.FastMap.containsValue(FastMap.java:352)
	at org.javolution.util.internal.map.ValuesImpl.contains(ValuesImpl.java:65)
	at org.javolution.util.FastMap.containsValue(FastMap.java:352)
	at org.javolution.util.internal.map.ValuesImpl.contains(ValuesImpl.java:65)
	at org.javolution.util.FastMap.containsValue(FastMap.java:352)
	at org.javolution.util.internal.map.ValuesImpl.contains(ValuesImpl.java:65)
	at org.javolution.util.FastMap.containsValue(FastMap.java:352)
	at org.javolution.util.internal.map.ValuesImpl.contains(ValuesImpl.java:65)
	at org.javolution.util.FastMap.containsValue(FastMap.java:352)
	at org.javolution.util.internal.map.ValuesImpl.contains(ValuesImpl.java:65)
	at org.javolution.util.FastMap.containsValue(FastMap.java:352)
	at org.javolution.util.internal.map.ValuesImpl.contains(ValuesImpl.java:65)
	at org.javolution.util.FastMap.containsValue(FastMap.java:352)
	at org.javolution.util.internal.map.ValuesImpl.contains(ValuesImpl.java:65)
	at org.javolution.util.FastMap.containsValue(FastMap.java:352)
	at org.javolution.util.internal.map.ValuesImpl.contains(ValuesImpl.java:65)
	at org.javolution.util.FastMap.containsValue(FastMap.java:352)
	at org.javolution.util.internal.map.ValuesImpl.contains(ValuesImpl.java:65)
	at org.javolution.util.FastMap.containsValue(FastMap.java:352)
	at org.javolution.util.internal.map.ValuesImpl.contains(ValuesImpl.java:65)
	at org.javolution.util.FastMap.containsValue(FastMap.java:352)
	at org.javolution.util.internal.map.ValuesImpl.contains(ValuesImpl.java:65)
	at org.javolution.util.FastMap.containsValue(FastMap.java:352)
	at org.javolution.util.internal.map.ValuesImpl.contains(ValuesImpl.java:65)
	at org.javolution.util.FastMap.containsValue(FastMap.java:352)
	at org.javolution.util.internal.map.ValuesImpl.contains(ValuesImpl.java:65)
	at org.javolution.util.FastMap.containsValue(FastMap.java:352)
	at org.javolution.util.internal.map.ValuesImpl.contains(ValuesImpl.java:65)
	at org.javolution.util.FastMap.containsValue(FastMap.java:352)
	at org.javolution.util.internal.map.ValuesImpl.contains(ValuesImpl.java:65)
	at org.javolution.util.FastMap.containsValue(FastMap.java:352)
	at org.javolution.util.internal.map.ValuesImpl.contains(ValuesImpl.java:65)
	at org.javolution.util.FastMap.containsValue(FastMap.java:352)
	at org.javolution.util.internal.map.ValuesImpl.contains(ValuesImpl.java:65)
	at org.javolution.util.FastMap.containsValue(FastMap.java:352)
	at org.javolution.util.internal.map.ValuesImpl.contains(ValuesImpl.java:65)
	at org.javolution.util.FastMap.containsValue(FastMap.java:352)
	at org.javolution.util.internal.map.ValuesImpl.contains(ValuesImpl.java:65)
	at org.javolution.util.FastMap.containsValue(FastMap.java:352)
	at org.javolution.util.internal.map.ValuesImpl.contains(ValuesImpl.java:65)
	at org.javolution.util.FastMap.containsValue(FastMap.java:352)
	at org.javolution.util.internal.map.ValuesImpl.contains(ValuesImpl.java:65)
	at org.javolution.util.FastMap.containsValue(FastMap.java:352)
	at org.javolution.util.internal.map.ValuesImpl.contains(ValuesImpl.java:65)
	at org.javolution.util.FastMap.containsValue(FastMap.java:352)
	at org.javolution.util.internal.map.ValuesImpl.contains(ValuesImpl.java:65)
	at org.javolution.util.FastMap.containsValue(FastMap.java:352)
	at org.javolution.util.internal.map.ValuesImpl.contains(ValuesImpl.java:65)
	at org.javolution.util.FastMap.containsValue(FastMap.java:352)
	at org.javolution.util.internal.map.ValuesImpl.contains(ValuesImpl.java:65)
	at org.javolution.util.FastMap.containsValue(FastMap.java:352)
	at org.javolution.util.internal.map.ValuesImpl.contains(ValuesImpl.java:65)
	at org.javolution.util.FastMap.containsValue(FastMap.java:352)
	at org.javolution.util.internal.map.ValuesImpl.contains(ValuesImpl.java:65)
	at org.javolution.util.FastMap.containsValue(FastMap.java:352)
	at org.javolution.util.internal.map.ValuesImpl.contains(ValuesImpl.java:65)
	at org.javolution.util.FastMap.containsValue(FastMap.java:352)
	at org.javolution.util.internal.map.ValuesImpl.contains(ValuesImpl.java:65)
	at org.javolution.util.FastMap.containsValue(FastMap.java:352)
	at org.javolution.util.internal.map.ValuesImpl.contains(ValuesImpl.java:65)
	at org.javolution.util.FastMap.containsValue(FastMap.java:352)
	at org.javolution.util.internal.map.ValuesImpl.contains(ValuesImpl.java:65)
	at org.javolution.util.FastMap.containsValue(FastMap.java:352)
	at org.javolution.util.internal.map.ValuesImpl.contains(ValuesImpl.java:65)
	at org.javolution.util.FastMap.containsValue(FastMap.java:352)
	at org.javolution.util.internal.map.ValuesImpl.contains(ValuesImpl.java:65)
	at org.javolution.util.FastMap.containsValue(FastMap.java:352)
	at org.javolution.util.internal.map.ValuesImpl.contains(ValuesImpl.java:65)
	at org.javolution.util.FastMap.containsValue(FastMap.java:352)
	at org.javolution.util.internal.map.ValuesImpl.contains(ValuesImpl.java:65)
	at org.javolution.util.FastMap.containsValue(FastMap.java:352)
	at org.javolution.util.internal.map.ValuesImpl.contains(ValuesImpl.java:65)
	at org.javolution.util.FastMap.containsValue(FastMap.java:352)
	at org.javolution.util.internal.map.ValuesImpl.contains(ValuesImpl.java:65)
	at org.javolution.util.FastMap.containsValue(FastMap.java:352)
	at org.javolution.util.internal.map.ValuesImpl.contains(ValuesImpl.java:65)
	at org.javolution.util.FastMap.containsValue(FastMap.java:352)
	at org.javolution.util.internal.map.ValuesImpl.contains(ValuesImpl.java:65)
	at org.javolution.util.FastMap.containsValue(FastMap.java:352)
	at org.javolution.util.internal.map.ValuesImpl.contains(ValuesImpl.java:65)
	at org.javolution.util.FastMap.containsValue(FastMap.java:352)
	at org.javolution.util.internal.map.ValuesImpl.contains(ValuesImpl.java:65)
	at org.javolution.util.FastMap.containsValue(FastMap.java:352)
	at org.javolution.util.internal.map.ValuesImpl.contains(ValuesImpl.java:65)
	at org.javolution.util.FastMap.containsValue(FastMap.java:352)
	at org.javolution.util.internal.map.ValuesImpl.contains(ValuesImpl.java:65)
	at org.javolution.util.FastMap.containsValue(FastMap.java:352)
	at org.javolution.util.internal.map.ValuesImpl.contains(ValuesImpl.java:65)
	at org.javolution.util.FastMap.containsValue(FastMap.java:352)
	at org.javolution.util.internal.map.ValuesImpl.contains(ValuesImpl.java:65)
	at org.javolution.util.FastMap.containsValue(FastMap.java:352)
	at org.javolution.util.internal.map.ValuesImpl.contains(ValuesImpl.java:65)
	at org.javolution.util.FastMap.containsValue(FastMap.java:352)
	at org.javolution.util.internal.map.ValuesImpl.contains(ValuesImpl.java:65)
	at org.javolution.util.FastMap.containsValue(FastMap.java:352)
	at org.javolution.util.internal.map.ValuesImpl.contains(ValuesImpl.java:65)
	at org.javolution.util.FastMap.containsValue(FastMap.java:352)
	at org.javolution.util.internal.map.ValuesImpl.contains(ValuesImpl.java:65)
	at org.javolution.util.FastMap.containsValue(FastMap.java:352)
	at org.javolution.util.internal.map.ValuesImpl.contains(ValuesImpl.java:65)
	at org.javolution.util.FastMap.containsValue(FastMap.java:352)
	at org.javolution.util.internal.map.ValuesImpl.contains(ValuesImpl.java:65)
	at org.javolution.util.FastMap.containsValue(FastMap.java:352)
	at org.javolution.util.internal.map.ValuesImpl.contains(ValuesImpl.java:65)
	at org.javolution.util.FastMap.containsValue(FastMap.java:352)
	at org.javolution.util.internal.map.ValuesImpl.contains(ValuesImpl.java:65)
	at org.javolution.util.FastMap.containsValue(FastMap.java:352)
	at org.javolution.util.internal.map.ValuesImpl.contains(ValuesImpl.java:65)
	at org.javolution.util.FastMap.containsValue(FastMap.java:352)
	at org.javolution.util.internal.map.ValuesImpl.contains(ValuesImpl.java:65)
	at org.javolution.util.FastMap.containsValue(FastMap.java:352)
	at org.javolution.util.internal.map.ValuesImpl.contains(ValuesImpl.java:65)
	at org.javolution.util.FastMap.containsValue(FastMap.java:352)
	at org.javolution.util.internal.map.ValuesImpl.contains(ValuesImpl.java:65)
	at org.javolution.util.FastMap.containsValue(FastMap.java:352)
	at org.javolution.util.internal.map.ValuesImpl.contains(ValuesImpl.java:65)
	at org.javolution.util.FastMap.containsValue(FastMap.java:352)
	at org.javolution.util.internal.map.ValuesImpl.contains(ValuesImpl.java:65)
	at org.javolution.util.FastMap.containsValue(FastMap.java:352)
	at org.javolution.util.internal.map.ValuesImpl.contains(ValuesImpl.java:65)
	at org.javolution.util.FastMap.containsValue(FastMap.java:352)
	at org.javolution.util.internal.map.ValuesImpl.contains(ValuesImpl.java:65)
	at org.javolution.util.FastMap.containsValue(FastMap.java:352)
	at org.javolution.util.internal.map.ValuesImpl.contains(ValuesImpl.java:65)
	at org.javolution.util.FastMap.containsValue(FastMap.java:352)
	at org.javolution.util.internal.map.ValuesImpl.contains(ValuesImpl.java:65)
	at org.javolution.util.FastMap.containsValue(FastMap.java:352)
	at org.javolution.util.internal.map.ValuesImpl.contains(ValuesImpl.java:65)
	at org.javolution.util.FastMap.containsValue(FastMap.java:352)
	at org.javolution.util.internal.map.ValuesImpl.contains(ValuesImpl.java:65)
	at org.javolution.util.FastMap.containsValue(FastMap.java:352)
	at org.javolution.util.internal.map.ValuesImpl.contains(ValuesImpl.java:65)
	at org.javolution.util.FastMap.containsValue(FastMap.java:352)
	at org.javolution.util.internal.map.ValuesImpl.contains(ValuesImpl.java:65)
	at org.javolution.util.FastMap.containsValue(FastMap.java:352)
	at org.javolution.util.internal.map.ValuesImpl.contains(ValuesImpl.java:65)
	at org.javolution.util.FastMap.containsValue(FastMap.java:352)
	at org.javolution.util.internal.map.ValuesImpl.contains(ValuesImpl.java:65)
	at org.javolution.util.FastMap.containsValue(FastMap.java:352)
	at org.javolution.util.internal.map.ValuesImpl.contains(ValuesImpl.java:65)
	at org.javolution.util.FastMap.containsValue(FastMap.java:352)
	at org.javolution.util.internal.map.ValuesImpl.contains(ValuesImpl.java:65)
	at org.javolution.util.FastMap.containsValue(FastMap.java:352)
	at org.javolution.util.internal.map.ValuesImpl.contains(ValuesImpl.java:65)
	at org.javolution.util.FastMap.containsValue(FastMap.java:352)
	at org.javolution.util.internal.map.ValuesImpl.contains(ValuesImpl.java:65)
	at org.javolution.util.FastMap.containsValue(FastMap.java:352)
	at org.javolution.util.internal.map.ValuesImpl.contains(ValuesImpl.java:65)
	at org.javolution.util.FastMap.containsValue(FastMap.java:352)
	at org.javolution.util.internal.map.ValuesImpl.contains(ValuesImpl.java:65)
	at org.javolution.util.FastMap.containsValue(FastMap.java:352)
	at org.javolution.util.internal.map.ValuesImpl.contains(ValuesImpl.java:65)
	at org.javolution.util.FastMap.containsValue(FastMap.java:352)
	at org.javolution.util.internal.map.ValuesImpl.contains(ValuesImpl.java:65)
	at org.javolution.util.FastMap.containsValue(FastMap.java:352)
	at org.javolution.util.internal.map.ValuesImpl.contains(ValuesImpl.java:65)
	at org.javolution.util.FastMap.containsValue(FastMap.java:352)
	at org.javolution.util.internal.map.ValuesImpl.contains(ValuesImpl.java:65)
	at org.javolution.util.FastMap.containsValue(FastMap.java:352)
	at org.javolution.util.internal.map.ValuesImpl.contains(ValuesImpl.java:65)
	at org.javolution.util.FastMap.containsValue(FastMap.java:352)
	at org.javolution.util.internal.map.ValuesImpl.contains(ValuesImpl.java:65)
	at org.javolution.util.FastMap.containsValue(FastMap.java:352)
	at org.javolution.util.internal.map.ValuesImpl.contains(ValuesImpl.java:65)
	at org.javolution.util.FastMap.containsValue(FastMap.java:352)
	at org.javolution.util.internal.map.ValuesImpl.contains(ValuesImpl.java:65)
	at org.javolution.util.FastMap.containsValue(FastMap.java:352)
	at org.javolution.util.internal.map.ValuesImpl.contains(ValuesImpl.java:65)
	at org.javolution.util.FastMap.containsValue(FastMap.java:352)
	at org.javolution.util.internal.map.ValuesImpl.contains(ValuesImpl.java:65)
	at org.javolution.util.FastMap.containsValue(FastMap.java:352)
	at org.javolution.util.internal.map.ValuesImpl.contains(ValuesImpl.java:65)
	at org.javolution.util.FastMap.containsValue(FastMap.java:352)
	at org.javolution.util.internal.map.ValuesImpl.contains(ValuesImpl.java:65)
	at org.javolution.util.FastMap.containsValue(FastMap.java:352)
	at org.javolution.util.internal.map.ValuesImpl.contains(ValuesImpl.java:65)
	at org.javolution.util.FastMap.containsValue(FastMap.java:352)
	at org.javolution.util.internal.map.ValuesImpl.contains(ValuesImpl.java:65)
	at org.javolution.util.FastMap.containsValue(FastMap.java:352)
	at org.javolution.util.internal.map.ValuesImpl.contains(ValuesImpl.java:65)
	at org.javolution.util.FastMap.containsValue(FastMap.java:352)
	at org.javolution.util.internal.map.ValuesImpl.contains(ValuesImpl.java:65)
	at org.javolution.util.FastMap.containsValue(FastMap.java:352)
	at org.javolution.util.internal.map.ValuesImpl.contains(ValuesImpl.java:65)
	at org.javolution.util.FastMap.containsValue(FastMap.java:352)
	at org.javolution.util.internal.map.ValuesImpl.contains(ValuesImpl.java:65)
	at org.javolution.util.FastMap.containsValue(FastMap.java:352)
	at org.javolution.util.internal.map.ValuesImpl.contains(ValuesImpl.java:65)
	at org.javolution.util.FastMap.containsValue(FastMap.java:352)
	at org.javolution.util.internal.map.ValuesImpl.contains(ValuesImpl.java:65)
	at org.javolution.util.FastMap.containsValue(FastMap.java:352)
	at org.javolution.util.internal.map.ValuesImpl.contains(ValuesImpl.java:65)
	at org.javolution.util.FastMap.containsValue(FastMap.java:352)
	at org.javolution.util.internal.map.ValuesImpl.contains(ValuesImpl.java:65)
	at org.javolution.util.FastMap.containsValue(FastMap.java:352)
	at org.javolution.util.internal.map.ValuesImpl.contains(ValuesImpl.java:65)
	at org.javolution.util.FastMap.containsValue(FastMap.java:352)
	at org.javolution.util.internal.map.ValuesImpl.contains(ValuesImpl.java:65)
	at org.javolution.util.FastMap.containsValue(FastMap.java:352)
	at org.javolution.util.internal.map.ValuesImpl.contains(ValuesImpl.java:65)
	at org.javolution.util.FastMap.containsValue(FastMap.java:352)
	at org.javolution.util.internal.map.ValuesImpl.contains(ValuesImpl.java:65)
	at org.javolution.util.FastMap.containsValue(FastMap.java:352)
	at org.javolution.util.internal.map.ValuesImpl.contains(ValuesImpl.java:65)
	at org.javolution.util.FastMap.containsValue(FastMap.java:352)
	at org.javolution.util.internal.map.ValuesImpl.contains(ValuesImpl.java:65)
	at org.javolution.util.FastMap.containsValue(FastMap.java:352)
	at org.javolution.util.internal.map.ValuesImpl.contains(ValuesImpl.java:65)
	at org.javolution.util.FastMap.containsValue(FastMap.java:352)
	at org.javolution.util.internal.map.ValuesImpl.contains(ValuesImpl.java:65)
	at org.javolution.util.FastMap.containsValue(FastMap.java:352)
	at org.javolution.util.internal.map.ValuesImpl.contains(ValuesImpl.java:65)
	at org.javolution.util.FastMap.containsValue(FastMap.java:352)
	at org.javolution.util.internal.map.ValuesImpl.contains(ValuesImpl.java:65)
	at org.javolution.util.FastMap.containsValue(FastMap.java:352)
	at org.javolution.util.internal.map.ValuesImpl.contains(ValuesImpl.java:65)
	at org.javolution.util.FastMap.containsValue(FastMap.java:352)
	at org.javolution.util.internal.map.ValuesImpl.contains(ValuesImpl.java:65)
	at org.javolution.util.FastMap.containsValue(FastMap.java:352)
	at org.javolution.util.internal.map.ValuesImpl.contains(ValuesImpl.java:65)
	at org.javolution.util.FastMap.containsValue(FastMap.java:352)
	at org.javolution.util.internal.map.ValuesImpl.contains(ValuesImpl.java:65)
	at org.javolution.util.FastMap.containsValue(FastMap.java:352)
	at org.javolution.util.internal.map.ValuesImpl.contains(ValuesImpl.java:65)
	at org.javolution.util.FastMap.containsValue(FastMap.java:352)
	at org.javolution.util.internal.map.ValuesImpl.contains(ValuesImpl.java:65)
	at org.javolution.util.FastMap.containsValue(FastMap.java:352)
	at org.javolution.util.internal.map.ValuesImpl.contains(ValuesImpl.java:65)
	at org.javolution.util.FastMap.containsValue(FastMap.java:352)
	at org.javolution.util.internal.map.ValuesImpl.contains(ValuesImpl.java:65)
	at org.javolution.util.FastMap.containsValue(FastMap.java:352)
	at org.javolution.util.internal.map.ValuesImpl.contains(ValuesImpl.java:65)
	at org.javolution.util.FastMap.containsValue(FastMap.java:352)
	at org.javolution.util.internal.map.ValuesImpl.contains(ValuesImpl.java:65)
	at org.javolution.util.FastMap.containsValue(FastMap.java:352)
	at org.javolution.util.internal.map.ValuesImpl.contains(ValuesImpl.java:65)
	at org.javolution.util.FastMap.containsValue(FastMap.java:352)
	at org.javolution.util.internal.map.ValuesImpl.contains(ValuesImpl.java:65)
	at org.javolution.util.FastMap.containsValue(FastMap.java:352)
	at org.javolution.util.internal.map.ValuesImpl.contains(ValuesImpl.java:65)
	at org.javolution.util.FastMap.containsValue(FastMap.java:352)
	at org.javolution.util.internal.map.ValuesImpl.contains(ValuesImpl.java:65)
	at org.javolution.util.FastMap.containsValue(FastMap.java:352)
	at org.javolution.util.internal.map.ValuesImpl.contains(ValuesImpl.java:65)
	at org.javolution.util.FastMap.containsValue(FastMap.java:352)
	at org.javolution.util.internal.map.ValuesImpl.contains(ValuesImpl.java:65)
	at org.javolution.util.FastMap.containsValue(FastMap.java:352)
	at org.javolution.util.internal.map.ValuesImpl.contains(ValuesImpl.java:65)
	at org.javolution.util.FastMap.containsValue(FastMap.java:352)
	at org.javolution.util.internal.map.ValuesImpl.contains(ValuesImpl.java:65)
	at org.javolution.util.FastMap.containsValue(FastMap.java:352)
	at org.javolution.util.internal.map.ValuesImpl.contains(ValuesImpl.java:65)
	at org.javolution.util.FastMap.containsValue(FastMap.java:352)
	at org.javolution.util.internal.map.ValuesImpl.contains(ValuesImpl.java:65)
	at org.javolution.util.FastMap.containsValue(FastMap.java:352)
	at org.javolution.util.internal.map.ValuesImpl.contains(ValuesImpl.java:65)
	at org.javolution.util.FastMap.containsValue(FastMap.java:352)
	at org.javolution.util.internal.map.ValuesImpl.contains(ValuesImpl.java:65)
	at org.javolution.util.FastMap.containsValue(FastMap.java:352)
	at org.javolution.util.internal.map.ValuesImpl.contains(ValuesImpl.java:65)
	at org.javolution.util.FastMap.containsValue(FastMap.java:352)
	at org.javolution.util.internal.map.ValuesImpl.contains(ValuesImpl.java:65)
	at org.javolution.util.FastMap.containsValue(FastMap.java:352)
	at org.javolution.util.internal.map.ValuesImpl.contains(ValuesImpl.java:65)
	at org.javolution.util.FastMap.containsValue(FastMap.java:352)
	at org.javolution.util.internal.map.ValuesImpl.contains(ValuesImpl.java:65)
	at org.javolution.util.FastMap.containsValue(FastMap.java:352)
	at org.javolution.util.internal.map.ValuesImpl.contains(ValuesImpl.java:65)
	at org.javolution.util.FastMap.containsValue(FastMap.java:352)
	at org.javolution.util.internal.map.ValuesImpl.contains(ValuesImpl.java:65)
	at org.javolution.util.FastMap.containsValue(FastMap.java:352)
	at org.javolution.util.internal.map.ValuesImpl.contains(ValuesImpl.java:65)
	at org.javolution.util.FastMap.containsValue(FastMap.java:352)
	at org.javolution.util.internal.map.ValuesImpl.contains(ValuesImpl.java:65)
	at org.javolution.util.FastMap.containsValue(FastMap.java:352)
	at org.javolution.util.internal.map.ValuesImpl.contains(ValuesImpl.java:65)
	at org.javolution.util.FastMap.containsValue(FastMap.java:352)
	at org.javolution.util.internal.map.ValuesImpl.contains(ValuesImpl.java:65)
	at org.javolution.util.FastMap.containsValue(FastMap.java:352)
	at org.javolution.util.internal.map.ValuesImpl.contains(ValuesImpl.java:65)
	at org.javolution.util.FastMap.containsValue(FastMap.java:352)
	at org.javolution.util.internal.map.ValuesImpl.contains(ValuesImpl.java:65)
	at org.javolution.util.FastMap.containsValue(FastMap.java:352)
	at org.javolution.util.internal.map.ValuesImpl.contains(ValuesImpl.java:65)
	at org.javolution.util.FastMap.containsValue(FastMap.java:352)
	at org.javolution.util.internal.map.ValuesImpl.contains(ValuesImpl.java:65)
	at org.javolution.util.FastMap.containsValue(FastMap.java:352)
	at org.javolution.util.internal.map.ValuesImpl.contains(ValuesImpl.java:65)
	at org.javolution.util.FastMap.containsValue(FastMap.java:352)
	at org.javolution.util.internal.map.ValuesImpl.contains(ValuesImpl.java:65)
	at org.javolution.util.FastMap.containsValue(FastMap.java:352)
	at org.javolution.util.internal.map.ValuesImpl.contains(ValuesImpl.java:65)
	at org.javolution.util.FastMap.containsValue(FastMap.java:352)
	at org.javolution.util.internal.map.ValuesImpl.contains(ValuesImpl.java:65)
	at org.javolution.util.FastMap.containsValue(FastMap.java:352)
	at org.javolution.util.internal.map.ValuesImpl.contains(ValuesImpl.java:65)
	at org.javolution.util.FastMap.containsValue(FastMap.java:352)
	at org.javolution.util.internal.map.ValuesImpl.contains(ValuesImpl.java:65)
	at org.javolution.util.FastMap.containsValue(FastMap.java:352)
	at org.javolution.util.internal.map.ValuesImpl.contains(ValuesImpl.java:65)
	at org.javolution.util.FastMap.containsValue(FastMap.java:352)
	at org.javolution.util.internal.map.ValuesImpl.contains(ValuesImpl.java:65)
	at org.javolution.util.FastMap.containsValue(FastMap.java:352)
	at org.javolution.util.internal.map.ValuesImpl.contains(ValuesImpl.java:65)
	at org.javolution.util.FastMap.containsValue(FastMap.java:352)
	at org.javolution.util.internal.map.ValuesImpl.contains(ValuesImpl.java:65)
	at org.javolution.util.FastMap.containsValue(FastMap.java:352)
	at org.javolution.util.internal.map.ValuesImpl.contains(ValuesImpl.java:65)
	at org.javolution.util.FastMap.containsValue(FastMap.java:352)
	at org.javolution.util.internal.map.ValuesImpl.contains(ValuesImpl.java:65)
	at org.javolution.util.FastMap.containsValue(FastMap.java:352)
	at org.javolution.util.internal.map.ValuesImpl.contains(ValuesImpl.java:65)
	at org.javolution.util.FastMap.containsValue(FastMap.java:352)
	at org.javolution.util.internal.map.ValuesImpl.contains(ValuesImpl.java:65)
	at org.javolution.util.FastMap.containsValue(FastMap.java:352)
	at org.javolution.util.internal.map.ValuesImpl.contains(ValuesImpl.java:65)
	at org.javolution.util.FastMap.containsValue(FastMap.java:352)
	at org.javolution.util.internal.map.ValuesImpl.contains(ValuesImpl.java:65)
	at org.javolution.util.FastMap.containsValue(FastMap.java:352)
	at org.javolution.util.internal.map.ValuesImpl.contains(ValuesImpl.java:65)
	at org.javolution.util.FastMap.containsValue(FastMap.java:352)
	at org.javolution.util.internal.map.ValuesImpl.contains(ValuesImpl.java:65)
	at org.javolution.util.FastMap.containsValue(FastMap.java:352)
	at org.javolution.util.internal.map.ValuesImpl.contains(ValuesImpl.java:65)
	at org.javolution.util.FastMap.containsValue(FastMap.java:352)
	at org.javolution.util.internal.map.ValuesImpl.contains(ValuesImpl.java:65)
	at org.javolution.util.FastMap.containsValue(FastMap.java:352)
	at org.javolution.util.internal.map.ValuesImpl.contains(ValuesImpl.java:65)
	at org.javolution.util.FastMap.containsValue(FastMap.java:352)
	at org.javolution.util.internal.map.ValuesImpl.contains(ValuesImpl.java:65)
	at org.javolution.util.FastMap.containsValue(FastMap.java:352)
	at org.javolution.util.internal.map.ValuesImpl.contains(ValuesImpl.java:65)
	at org.javolution.util.FastMap.containsValue(FastMap.java:352)
	at org.javolution.util.internal.map.ValuesImpl.contains(ValuesImpl.java:65)
	at org.javolution.util.FastMap.containsValue(FastMap.java:352)
	at org.javolution.util.internal.map.ValuesImpl.contains(ValuesImpl.java:65)
	at org.javolution.util.FastMap.containsValue(FastMap.java:352)
	at org.javolution.util.internal.map.ValuesImpl.contains(ValuesImpl.java:65)
	at org.javolution.util.FastMap.containsValue(FastMap.java:352)
	at org.javolution.util.internal.map.ValuesImpl.contains(ValuesImpl.java:65)
	at org.javolution.util.FastMap.containsValue(FastMap.java:352)
	at org.javolution.util.internal.map.ValuesImpl.contains(ValuesImpl.java:65)
	at org.javolution.util.FastMap.containsValue(FastMap.java:352)
	at org.javolution.util.internal.map.ValuesImpl.contains(ValuesImpl.java:65)
	at org.javolution.util.FastMap.containsValue(FastMap.java:352)
	at org.javolution.util.internal.map.ValuesImpl.contains(ValuesImpl.java:65)
	at org.javolution.util.FastMap.containsValue(FastMap.java:352)
	at org.javolution.util.internal.map.ValuesImpl.contains(ValuesImpl.java:65)
	at org.javolution.util.FastMap.containsValue(FastMap.java:352)
	at org.javolution.util.internal.map.ValuesImpl.contains(ValuesImpl.java:65)
	at org.javolution.util.FastMap.containsValue(FastMap.java:352)
	at org.javolution.util.internal.map.ValuesImpl.contains(ValuesImpl.java:65)
	at org.javolution.util.FastMap.containsValue(FastMap.java:352)
	at org.javolution.util.internal.map.ValuesImpl.contains(ValuesImpl.java:65)
	at org.javolution.util.FastMap.containsValue(FastMap.java:352)
	at org.javolution.util.internal.map.ValuesImpl.contains(ValuesImpl.java:65)
	at org.javolution.util.FastMap.containsValue(FastMap.java:352)
	at org.javolution.util.internal.map.ValuesImpl.contains(ValuesImpl.java:65)
	at org.javolution.util.FastMap.containsValue(FastMap.java:352)
	at org.javolution.util.internal.map.ValuesImpl.contains(ValuesImpl.java:65)
	at org.javolution.util.FastMap.containsValue(FastMap.java:352)
	at org.javolution.util.internal.map.ValuesImpl.contains(ValuesImpl.java:65)
	at org.javolution.util.FastMap.containsValue(FastMap.java:352)
	at org.javolution.util.internal.map.ValuesImpl.contains(ValuesImpl.java:65)
	at org.javolution.util.FastMap.containsValue(FastMap.java:352)
	at org.javolution.util.internal.map.ValuesImpl.contains(ValuesImpl.java:65)
	at org.javolution.util.FastMap.containsValue(FastMap.java:352)
	at org.javolution.util.internal.map.ValuesImpl.contains(ValuesImpl.java:65)
	at org.javolution.util.FastMap.containsValue(FastMap.java:352)
	at org.javolution.util.internal.map.ValuesImpl.contains(ValuesImpl.java:65)
	at org.javolution.util.FastMap.containsValue(FastMap.java:352)
	at org.javolution.util.internal.map.ValuesImpl.contains(ValuesImpl.java:65)
	at org.javolution.util.FastMap.containsValue(FastMap.java:352)
	at org.javolution.util.internal.map.ValuesImpl.contains(ValuesImpl.java:65)
	at org.javolution.util.FastMap.containsValue(FastMap.java:352)
	at org.javolution.util.internal.map.ValuesImpl.contains(ValuesImpl.java:65)
	at org.javolution.util.FastMap.containsValue(FastMap.java:352)
	at org.javolution.util.internal.map.ValuesImpl.contains(ValuesImpl.java:65)
	at org.javolution.util.FastMap.containsValue(FastMap.java:352)
	at org.javolution.util.internal.map.ValuesImpl.contains(ValuesImpl.java:65)
	at org.javolution.util.FastMap.containsValue(FastMap.java:352)
	at org.javolution.util.internal.map.ValuesImpl.contains(ValuesImpl.java:65)
	at org.javolution.util.FastMap.containsValue(FastMap.java:352)
	at org.javolution.util.internal.map.ValuesImpl.contains(ValuesImpl.java:65)
	at org.javolution.util.FastMap.containsValue(FastMap.java:352)
	at org.javolution.util.internal.map.ValuesImpl.contains(ValuesImpl.java:65)
	at org.javolution.util.FastMap.containsValue(FastMap.java:352)
	at org.javolution.util.internal.map.ValuesImpl.contains(ValuesImpl.java:65)
	at org.javolution.util.FastMap.containsValue(FastMap.java:352)
	at org.javolution.util.internal.map.ValuesImpl.contains(ValuesImpl.java:65)
	at org.javolution.util.FastMap.containsValue(FastMap.java:352)
	at org.javolution.util.internal.map.ValuesImpl.contains(ValuesImpl.java:65)
	at org.javolution.util.FastMap.containsValue(FastMap.java:352)
	at org.javolution.util.internal.map.ValuesImpl.contains(ValuesImpl.java:65)
	at org.javolution.util.FastMap.containsValue(FastMap.java:352)
	at org.javolution.util.internal.map.ValuesImpl.contains(ValuesImpl.java:65)
	at org.javolution.util.FastMap.containsValue(FastMap.java:352)
	at org.javolution.util.internal.map.ValuesImpl.contains(ValuesImpl.java:65)
	at org.javolution.util.FastMap.containsValue(FastMap.java:352)
	at org.javolution.util.internal.map.ValuesImpl.contains(ValuesImpl.java:65)
	at org.javolution.util.FastMap.containsValue(FastMap.java:352)
	at org.javolution.util.internal.map.ValuesImpl.contains(ValuesImpl.java:65)
	at org.javolution.util.FastMap.containsValue(FastMap.java:352)
	at org.javolution.util.internal.map.ValuesImpl.contains(ValuesImpl.java:65)
	at org.javolution.util.FastMap.containsValue(FastMap.java:352)
	at org.javolution.util.internal.map.ValuesImpl.contains(ValuesImpl.java:65)
	at org.javolution.util.FastMap.containsValue(FastMap.java:352)
	at org.javolution.util.internal.map.ValuesImpl.contains(ValuesImpl.java:65)
	at org.javolution.util.FastMap.containsValue(FastMap.java:352)
	at org.javolution.util.internal.map.ValuesImpl.contains(ValuesImpl.java:65)
	at org.javolution.util.FastMap.containsValue(FastMap.java:352)
	at org.javolution.util.internal.map.ValuesImpl.contains(ValuesImpl.java:65)
	at org.javolution.util.FastMap.containsValue(FastMap.java:352)
	at org.javolution.util.internal.map.ValuesImpl.contains(ValuesImpl.java:65)
	at org.javolution.util.FastMap.containsValue(FastMap.java:352)
	at org.javolution.util.internal.map.ValuesImpl.contains(ValuesImpl.java:65)
	at org.javolution.util.FastMap.containsValue(FastMap.java:352)
	at org.javolution.util.internal.map.ValuesImpl.contains(ValuesImpl.java:65)
	at org.javolution.util.FastMap.containsValue(FastMap.java:352)
	at org.javolution.util.internal.map.ValuesImpl.contains(ValuesImpl.java:65)
	at org.javolution.util.FastMap.containsValue(FastMap.java:352)
	at org.javolution.util.internal.map.ValuesImpl.contains(ValuesImpl.java:65)
	at org.javolution.util.FastMap.containsValue(FastMap.java:352)
	at org.javolution.util.internal.map.ValuesImpl.contains(ValuesImpl.java:65)
	at org.javolution.util.FastMap.containsValue(FastMap.java:352)
	at org.javolution.util.internal.map.ValuesImpl.contains(ValuesImpl.java:65)
	at org.javolution.util.FastMap.containsValue(FastMap.java:352)
	at org.javolution.util.internal.map.ValuesImpl.contains(ValuesImpl.java:65)
	at org.javolution.util.FastMap.containsValue(FastMap.java:352)
	at org.javolution.util.internal.map.ValuesImpl.contains(ValuesImpl.java:65)
	at org.javolution.util.FastMap.containsValue(FastMap.java:352)
	at org.javolution.util.internal.map.ValuesImpl.contains(ValuesImpl.java:65)
	at org.javolution.util.FastMap.containsValue(FastMap.java:352)
	at org.javolution.util.internal.map.ValuesImpl.contains(ValuesImpl.java:65)
	at org.javolution.util.FastMap.containsValue(FastMap.java:352)
	at org.javolution.util.internal.map.ValuesImpl.contains(ValuesImpl.java:65)
	at org.javolution.util.FastMap.containsValue(FastMap.java:352)
	at org.javolution.util.internal.map.ValuesImpl.contains(ValuesImpl.java:65)
	at org.javolution.util.FastMap.containsValue(FastMap.java:352)
	at org.javolution.util.internal.map.ValuesImpl.contains(ValuesImpl.java:65)
	at org.javolution.util.FastMap.containsValue(FastMap.java:352)
	at org.javolution.util.internal.map.ValuesImpl.contains(ValuesImpl.java:65)
	at org.javolution.util.FastMap.containsValue(FastMap.java:352)
	at org.javolution.util.internal.map.ValuesImpl.contains(ValuesImpl.java:65)
	at org.javolution.util.FastMap.containsValue(FastMap.java:352)
	at org.javolution.util.internal.map.ValuesImpl.contains(ValuesImpl.java:65)
	at org.javolution.util.FastMap.containsValue(FastMap.java:352)
	at org.javolution.util.internal.map.ValuesImpl.contains(ValuesImpl.java:65)
	at org.javolution.util.FastMap.containsValue(FastMap.java:352)
	at org.javolution.util.internal.map.ValuesImpl.contains(ValuesImpl.java:65)
	at org.javolution.util.FastMap.containsValue(FastMap.java:352)
	at org.javolution.util.internal.map.ValuesImpl.contains(ValuesImpl.java:65)
	at org.javolution.util.FastMap.containsValue(FastMap.java:352)
	at org.javolution.util.internal.map.ValuesImpl.contains(ValuesImpl.java:65)
	at org.javolution.util.FastMap.containsValue(FastMap.java:352)
	at org.javolution.util.internal.map.ValuesImpl.contains(ValuesImpl.java:65)
	at org.javolution.util.FastMap.containsValue(FastMap.java:352)
	at org.javolution.util.internal.map.ValuesImpl.contains(ValuesImpl.java:65)
	at org.javolution.util.FastMap.containsValue(FastMap.java:352)
	at org.javolution.util.internal.map.ValuesImpl.contains(ValuesImpl.java:65)
	at org.javolution.util.FastMap.containsValue(FastMap.java:352)
	at org.javolution.util.internal.map.ValuesImpl.contains(ValuesImpl.java:65)
	at org.javolution.util.FastMap.containsValue(FastMap.java:352)
	at org.javolution.util.internal.map.ValuesImpl.contains(ValuesImpl.java:65)
	at org.javolution.util.FastMap.containsValue(FastMap.java:352)
	at org.javolution.util.internal.map.ValuesImpl.contains(ValuesImpl.java:65)
	at org.javolution.util.FastMap.containsValue(FastMap.java:352)
	at org.javolution.util.internal.map.ValuesImpl.contains(ValuesImpl.java:65)
	at org.javolution.util.FastMap.containsValue(FastMap.java:352)
	at org.javolution.util.internal.map.ValuesImpl.contains(ValuesImpl.java:65)
	at org.javolution.util.FastMap.containsValue(FastMap.java:352)
	at org.javolution.util.internal.map.ValuesImpl.contains(ValuesImpl.java:65)
	at org.javolution.util.FastMap.containsValue(FastMap.java:352)
	at org.javolution.util.internal.map.ValuesImpl.contains(ValuesImpl.java:65)
	at org.javolution.util.FastMap.containsValue(FastMap.java:352)
	at org.javolution.util.internal.map.ValuesImpl.contains(ValuesImpl.java:65)
	at org.javolution.util.FastMap.containsValue(FastMap.java:352)
	at org.javolution.util.internal.map.ValuesImpl.contains(ValuesImpl.java:65)
	at org.javolution.util.FastMap.containsValue(FastMap.java:352)
	at org.javolution.util.internal.map.ValuesImpl.contains(ValuesImpl.java:65)
	at org.javolution.util.FastMap.containsValue(FastMap.java:352)
	at org.javolution.util.internal.map.ValuesImpl.contains(ValuesImpl.java:65)
	at org.javolution.util.FastMap.containsValue(FastMap.java:352)
	at org.javolution.util.internal.map.ValuesImpl.contains(ValuesImpl.java:65)
	at org.javolution.util.FastMap.containsValue(FastMap.java:352)
	at org.javolution.util.internal.map.ValuesImpl.contains(ValuesImpl.java:65)
	at org.javolution.util.FastMap.containsValue(FastMap.java:352)
	at org.javolution.util.internal.map.ValuesImpl.contains(ValuesImpl.java:65)
	at org.javolution.util.FastMap.containsValue(FastMap.java:352)
	at org.javolution.util.internal.map.ValuesImpl.contains(ValuesImpl.java:65)
	at org.javolution.util.FastMap.containsValue(FastMap.java:352)
	at org.javolution.util.internal.map.ValuesImpl.contains(ValuesImpl.java:65)
	at org.javolution.util.FastMap.containsValue(FastMap.java:352)
	at org.javolution.util.internal.map.ValuesImpl.contains(ValuesImpl.java:65)
	at org.javolution.util.FastMap.containsValue(FastMap.java:352)
	at org.javolution.util.internal.map.ValuesImpl.contains(ValuesImpl.java:65)
	at org.javolution.util.FastMap.containsValue(FastMap.java:352)
	at org.javolution.util.internal.map.ValuesImpl.contains(ValuesImpl.java:65)
	at org.javolution.util.FastMap.containsValue(FastMap.java:352)
	at org.javolution.util.internal.map.ValuesImpl.contains(ValuesImpl.java:65)
	at org.javolution.util.FastMap.containsValue(FastMap.java:352)
	at org.javolution.util.internal.map.ValuesImpl.contains(ValuesImpl.java:65)
	at org.javolution.util.FastMap.containsValue(FastMap.java:352)
	at org.javolution.util.internal.map.ValuesImpl.contains(ValuesImpl.java:65)
	at org.javolution.util.FastMap.containsValue(FastMap.java:352)
	at org.javolution.util.internal.map.ValuesImpl.contains(ValuesImpl.java:65)
	at org.javolution.util.FastMap.containsValue(FastMap.java:352)
	at org.javolution.util.internal.map.ValuesImpl.contains(ValuesImpl.java:65)
	at org.javolution.util.FastMap.containsValue(FastMap.java:352)
	at org.javolution.util.internal.map.ValuesImpl.contains(ValuesImpl.java:65)
	at org.javolution.util.FastMap.containsValue(FastMap.java:352)
	at org.javolution.util.internal.map.ValuesImpl.contains(ValuesImpl.java:65)
	at org.javolution.util.FastMap.containsValue(FastMap.java:352)
	at org.javolution.util.internal.map.ValuesImpl.contains(ValuesImpl.java:65)
	at org.javolution.util.FastMap.containsValue(FastMap.java:352)
	at org.javolution.util.internal.map.ValuesImpl.contains(ValuesImpl.java:65)
	at org.javolution.util.FastMap.containsValue(FastMap.java:352)
	at org.javolution.util.internal.map.ValuesImpl.contains(ValuesImpl.java:65)
	at org.javolution.util.FastMap.containsValue(FastMap.java:352)
	at org.javolution.util.internal.map.ValuesImpl.contains(ValuesImpl.java:65)
	at org.javolution.util.FastMap.containsValue(FastMap.java:352)
	at org.javolution.util.internal.map.ValuesImpl.contains(ValuesImpl.java:65)
	at org.javolution.util.FastMap.containsValue(FastMap.java:352)
	at org.javolution.util.internal.map.ValuesImpl.contains(ValuesImpl.java:65)
	at org.javolution.util.FastMap.containsValue(FastMap.java:352)
	at org.javolution.util.internal.map.ValuesImpl.contains(ValuesImpl.java:65)
	at org.javolution.util.FastMap.containsValue(FastMap.java:352)
	at org.javolution.util.internal.map.ValuesImpl.contains(ValuesImpl.java:65)
	at org.javolution.util.FastMap.containsValue(FastMap.java:352)
	at org.javolution.util.internal.map.ValuesImpl.contains(ValuesImpl.java:65)
	at org.javolution.util.FastMap.containsValue(FastMap.java:352)
	at org.javolution.util.internal.map.ValuesImpl.contains(ValuesImpl.java:65)
	at org.javolution.util.FastMap.containsValue(FastMap.java:352)
	at org.javolution.util.internal.map.ValuesImpl.contains(ValuesImpl.java:65)
	at org.javolution.util.FastMap.containsValue(FastMap.java:352)
	at org.javolution.util.internal.map.ValuesImpl.contains(ValuesImpl.java:65)
	at org.javolution.util.FastMap.containsValue(FastMap.java:352)
	at org.javolution.util.internal.map.ValuesImpl.contains(ValuesImpl.java:65)
	at org.javolution.util.FastMap.containsValue(FastMap.java:352)
	at org.javolution.util.internal.map.ValuesImpl.contains(ValuesImpl.java:65)
	at org.javolution.util.FastMap.containsValue(FastMap.java:352)
	at org.javolution.util.internal.map.ValuesImpl.contains(ValuesImpl.java:65)
	at org.javolution.util.FastMap.containsValue(FastMap.java:352)
	at org.javolution.util.internal.map.ValuesImpl.contains(ValuesImpl.java:65)
	at org.javolution.util.FastMap.containsValue(FastMap.java:352)
	at org.javolution.util.internal.map.ValuesImpl.contains(ValuesImpl.java:65)
	at org.javolution.util.FastMap.containsValue(FastMap.java:352)
	at org.javolution.util.internal.map.ValuesImpl.contains(ValuesImpl.java:65)
	at org.javolution.util.FastMap.containsValue(FastMap.java:352)
	at org.javolution.util.internal.map.ValuesImpl.contains(ValuesImpl.java:65)
	at org.javolution.util.FastMap.containsValue(FastMap.java:352)
	at org.javolution.util.internal.map.ValuesImpl.contains(ValuesImpl.java:65)
	at org.javolution.util.FastMap.containsValue(FastMap.java:352)
	at org.javolution.util.internal.map.ValuesImpl.contains(ValuesImpl.java:65)
	at org.javolution.util.FastMap.containsValue(FastMap.java:352)
	at org.javolution.util.internal.map.ValuesImpl.contains(ValuesImpl.java:65)
	at org.javolution.util.FastMap.containsValue(FastMap.java:352)
	at org.javolution.util.internal.map.ValuesImpl.contains(ValuesImpl.java:65)
	at org.javolution.util.FastMap.containsValue(FastMap.java:352)
	at org.javolution.util.internal.map.ValuesImpl.contains(ValuesImpl.java:65)
	at org.javolution.util.FastMap.containsValue(FastMap.java:352)
	at org.javolution.util.internal.map.ValuesImpl.contains(ValuesImpl.java:65)
	at org.javolution.util.FastMap.containsValue(FastMap.java:352)
	at org.javolution.util.internal.map.ValuesImpl.contains(ValuesImpl.java:65)
	at org.javolution.util.FastMap.containsValue(FastMap.java:352)
	at org.javolution.util.internal.map.ValuesImpl.contains(ValuesImpl.java:65)
	at org.javolution.util.FastMap.containsValue(FastMap.java:352)
	at org.javolution.util.internal.map.ValuesImpl.contains(ValuesImpl.java:65)
	at org.javolution.util.FastMap.containsValue(FastMap.java:352)
	at org.javolution.util.internal.map.ValuesImpl.contains(ValuesImpl.java:65)
	at org.javolution.util.FastMap.containsValue(FastMap.java:352)
	at org.javolution.util.internal.map.ValuesImpl.contains(ValuesImpl.java:65)
	at org.javolution.util.FastMap.containsValue(FastMap.java:352)
	at org.javolution.util.internal.map.ValuesImpl.contains(ValuesImpl.java:65)
	at org.javolution.util.FastMap.containsValue(FastMap.java:352)
	at org.javolution.util.internal.map.ValuesImpl.contains(ValuesImpl.java:65)
	at org.javolution.util.FastMap.containsValue(FastMap.java:352)
	at org.javolution.util.internal.map.ValuesImpl.contains(ValuesImpl.java:65)
	at org.javolution.util.FastMap.containsValue(FastMap.java:352)
	at org.javolution.util.internal.map.ValuesImpl.contains(ValuesImpl.java:65)
	at org.javolution.util.FastMap.containsValue(FastMap.java:352)
	at org.javolution.util.internal.map.ValuesImpl.contains(ValuesImpl.java:65)
	at org.javolution.util.FastMap.containsValue(FastMap.java:352)
	at org.javolution.util.internal.map.ValuesImpl.contains(ValuesImpl.java:65)
	at org.javolution.util.FastMap.containsValue(FastMap.java:352)
	at org.javolution.util.internal.map.ValuesImpl.contains(ValuesImpl.java:65)
	at org.javolution.util.FastMap.containsValue(FastMap.java:352)
	at org.javolution.util.internal.map.ValuesImpl.contains(ValuesImpl.java:65)
	at org.javolution.util.FastMap.containsValue(FastMap.java:352)
	at org.javolution.util.internal.map.ValuesImpl.contains(ValuesImpl.java:65)
	at org.javolution.util.FastMap.containsValue(FastMap.java:352)
	at org.javolution.util.internal.map.ValuesImpl.contains(ValuesImpl.java:65)
	at org.javolution.util.FastMap.containsValue(FastMap.java:352)
	at org.javolution.util.internal.map.ValuesImpl.contains(ValuesImpl.java:65)
	at org.javolution.util.FastMap.containsValue(FastMap.java:352)
	at org.javolution.util.internal.map.ValuesImpl.contains(ValuesImpl.java:65)
	at org.javolution.util.FastMap.containsValue(FastMap.java:352)
	at org.javolution.util.internal.map.ValuesImpl.contains(ValuesImpl.java:65)
	at org.javolution.util.FastMap.containsValue(FastMap.java:352)
	at org.javolution.util.internal.map.ValuesImpl.contains(ValuesImpl.java:65)
	at org.javolution.util.FastMap.containsValue(FastMap.java:352)
	at org.javolution.util.internal.map.ValuesImpl.contains(ValuesImpl.java:65)
	at org.javolution.util.FastMap.containsValue(FastMap.java:352)
	at org.javolution.util.internal.map.ValuesImpl.contains(ValuesImpl.java:65)
	at org.javolution.util.FastMap.containsValue(FastMap.java:352)
	at org.javolution.util.internal.map.ValuesImpl.contains(ValuesImpl.java:65)
	at org.javolution.util.FastMap.containsValue(FastMap.java:352)
	at org.javolution.util.internal.map.ValuesImpl.contains(ValuesImpl.java:65)
	at org.javolution.util.FastMap.containsValue(FastMap.java:352)
	at org.javolution.util.internal.map.ValuesImpl.contains(ValuesImpl.java:65)
	at org.javolution.util.FastMap.containsValue(FastMap.java:352)
	at org.javolution.util.internal.map.ValuesImpl.contains(ValuesImpl.java:65)
	at org.javolution.util.FastMap.containsValue(FastMap.java:352)
	at org.javolution.util.internal.map.ValuesImpl.contains(ValuesImpl.java:65)
	at org.javolution.util.FastMap.containsValue(FastMap.java:352)
	at org.javolution.util.internal.map.ValuesImpl.contains(ValuesImpl.java:65)
	at org.javolution.util.FastMap.containsValue(FastMap.java:352)
	at org.javolution.util.internal.map.ValuesImpl.contains(ValuesImpl.java:65)
	at org.javolution.util.FastMap.containsValue(FastMap.java:352)
	at org.javolution.util.internal.map.ValuesImpl.contains(ValuesImpl.java:65)
	at org.javolution.util.FastMap.containsValue(FastMap.java:352)
	at org.javolution.util.internal.map.ValuesImpl.contains(ValuesImpl.java:65)
	at org.javolution.util.FastMap.containsValue(FastMap.java:352)
	at org.javolution.util.internal.map.ValuesImpl.contains(ValuesImpl.java:65)
	at org.javolution.util.FastMap.containsValue(FastMap.java:352)
	at org.javolution.util.internal.map.ValuesImpl.contains(ValuesImpl.java:65)
	at org.javolution.util.FastMap.containsValue(FastMap.java:352)
	at org.javolution.util.internal.map.ValuesImpl.contains(ValuesImpl.java:65)
	at org.javolution.util.FastMap.containsValue(FastMap.java:352)
	at org.javolution.util.internal.map.ValuesImpl.contains(ValuesImpl.java:65)
	at org.javolution.util.FastMap.containsValue(FastMap.java:352)
	at org.javolution.util.internal.map.ValuesImpl.contains(ValuesImpl.java:65)
	at org.javolution.util.FastMap.containsValue(FastMap.java:352)
	at org.javolution.util.internal.map.ValuesImpl.contains(ValuesImpl.java:65)
	at org.javolution.util.FastMap.containsValue(FastMap.java:352)
	at org.javolution.util.internal.map.ValuesImpl.contains(ValuesImpl.java:65)
	at org.javolution.util.FastMap.containsValue(FastMap.java:352)
	at org.javolution.util.internal.map.ValuesImpl.contains(ValuesImpl.java:65)
	at org.javolution.util.FastMap.containsValue(FastMap.java:352)
	at org.javolution.util.internal.map.ValuesImpl.contains(ValuesImpl.java:65)
	at org.javolution.util.FastMap.containsValue(FastMap.java:352)
	at org.javolution.util.internal.map.ValuesImpl.contains(ValuesImpl.java:65)
	at org.javolution.util.FastMap.containsValue(FastMap.java:352)
	at org.javolution.util.internal.map.ValuesImpl.contains(ValuesImpl.java:65)
	at org.javolution.util.FastMap.containsValue(FastMap.java:352)
	at org.javolution.util.internal.map.ValuesImpl.contains(ValuesImpl.java:65)
	at org.javolution.util.FastMap.containsValue(FastMap.java:352)
	at org.javolution.util.internal.map.ValuesImpl.contains(ValuesImpl.java:65)
	at org.javolution.util.FastMap.containsValue(FastMap.java:352)
	at org.javolution.util.internal.map.ValuesImpl.contains(ValuesImpl.java:65)
	at org.javolution.util.FastMap.containsValue(FastMap.java:352)
	at org.javolution.util.internal.map.ValuesImpl.contains(ValuesImpl.java:65)
	at org.javolution.util.FastMap.containsValue(FastMap.java:352)
	at org.javolution.util.internal.map.ValuesImpl.contains(ValuesImpl.java:65)
	at org.javolution.util.FastMap.containsValue(FastMap.java:352)
	at org.javolution.util.internal.map.ValuesImpl.contains(ValuesImpl.java:65)
	at org.javolution.util.FastMap.containsValue(FastMap.java:352)
	at org.javolution.util.internal.map.ValuesImpl.contains(ValuesImpl.java:65)
	at org.javolution.util.FastMap.containsValue(FastMap.java:352)
	at org.javolution.util.internal.map.ValuesImpl.contains(ValuesImpl.java:65)
	at org.javolution.util.FastMap.containsValue(FastMap.java:352)
	at org.javolution.util.internal.map.ValuesImpl.contains(ValuesImpl.java:65)
	at org.javolution.util.FastMap.containsValue(FastMap.java:352)
	at org.javolution.util.internal.map.ValuesImpl.contains(ValuesImpl.java:65)
	at org.javolution.util.FastMap.containsValue(FastMap.java:352)
	at org.javolution.util.internal.map.ValuesImpl.contains(ValuesImpl.java:65)
	at org.javolution.util.FastMap.containsValue(FastMap.java:352)
	at org.javolution.util.internal.map.ValuesImpl.contains(ValuesImpl.java:65)
	at org.javolution.util.FastMap.containsValue(FastMap.java:352)
	at org.javolution.util.internal.map.ValuesImpl.contains(ValuesImpl.java:65)
	at org.javolution.util.FastMap.containsValue(FastMap.java:352)
	at org.javolution.util.internal.map.ValuesImpl.contains(ValuesImpl.java:65)
	at org.javolution.util.FastMap.containsValue(FastMap.java:352)
	at org.javolution.util.internal.map.ValuesImpl.contains(ValuesImpl.java:65)
	at org.javolution.util.FastMap.containsValue(FastMap.java:352)
	at org.javolution.util.internal.map.ValuesImpl.contains(ValuesImpl.java:65)
	at org.javolution.util.FastMap.containsValue(FastMap.java:352)
	at org.javolution.util.internal.map.ValuesImpl.contains(ValuesImpl.java:65)
	at org.javolution.util.FastMap.containsValue(FastMap.java:352)
	at org.javolution.util.internal.map.ValuesImpl.contains(ValuesImpl.java:65)
	at org.javolution.util.FastMap.containsValue(FastMap.java:352)
	at org.javolution.util.internal.map.ValuesImpl.contains(ValuesImpl.java:65)
	at org.javolution.util.FastMap.containsValue(FastMap.java:352)
	at org.javolution.util.internal.map.ValuesImpl.contains(ValuesImpl.java:65)
	at org.javolution.util.FastMap.containsValue(FastMap.java:352)
	at org.javolution.util.internal.map.ValuesImpl.contains(ValuesImpl.java:65)
	at org.javolution.util.FastMap.containsValue(FastMap.java:352)
	at org.javolution.util.internal.map.ValuesImpl.contains(ValuesImpl.java:65)
	at org.javolution.util.FastMap.containsValue(FastMap.java:352)
	at org.javolution.util.internal.map.ValuesImpl.contains(ValuesImpl.java:65)
	at org.javolution.util.FastMap.containsValue(FastMap.java:352)
	at org.javolution.util.internal.map.ValuesImpl.contains(ValuesImpl.java:65)
	at org.javolution.util.FastMap.containsValue(FastMap.java:352)
	at org.javolution.util.internal.map.ValuesImpl.contains(ValuesImpl.java:65)
	at org.javolution.util.FastMap.containsValue(FastMap.java:352)
	at org.javolution.util.internal.map.ValuesImpl.contains(ValuesImpl.java:65)
	at org.javolution.util.FastMap.containsValue(FastMap.java:352)
	at org.javolution.util.internal.map.ValuesImpl.contains(ValuesImpl.java:65)
	at org.javolution.util.FastMap.containsValue(FastMap.java:352)
	at org.javolution.util.internal.map.ValuesImpl.contains(ValuesImpl.java:65)
	at org.javolution.util.FastMap.containsValue(FastMap.java:352)
	at org.javolution.util.internal.map.ValuesImpl.contains(ValuesImpl.java:65)
	at org.javolution.util.FastMap.containsValue(FastMap.java:352)
	at org.javolution.util.internal.map.ValuesImpl.contains(ValuesImpl.java:65)
	at org.javolution.util.FastMap.containsValue(FastMap.java:352)
	at org.javolution.util.internal.map.ValuesImpl.contains(ValuesImpl.java:65)
	at org.javolution.util.FastMap.containsValue(FastMap.java:352)
	at org.javolution.util.internal.map.ValuesImpl.contains(ValuesImpl.java:65)
	at org.javolution.util.FastMap.containsValue(FastMap.java:352)
	at org.javolution.util.internal.map.ValuesImpl.contains(ValuesImpl.java:65)
	at org.javolution.util.FastMap.containsValue(FastMap.java:352)
	at org.javolution.util.internal.map.ValuesImpl.contains(ValuesImpl.java:65)
	at org.javolution.util.FastMap.containsValue(FastMap.java:352)
	at org.javolution.util.internal.map.ValuesImpl.contains(ValuesImpl.java:65)
	at org.javolution.util.FastMap.containsValue(FastMap.java:352)
	at org.javolution.util.internal.map.ValuesImpl.contains(ValuesImpl.java:65)
	at org.javolution.util.FastMap.containsValue(FastMap.java:352)
	at org.javolution.util.internal.map.ValuesImpl.contains(ValuesImpl.java:65)
	at org.javolution.util.FastMap.containsValue(FastMap.java:352)
	at org.javolution.util.internal.map.ValuesImpl.contains(ValuesImpl.java:65)
	at org.javolution.util.FastMap.containsValue(FastMap.java:352)
	at org.javolution.util.internal.map.ValuesImpl.contains(ValuesImpl.java:65)
	at org.javolution.util.FastMap.containsValue(FastMap.java:352)
	at org.javolution.util.internal.map.ValuesImpl.contains(ValuesImpl.java:65)
	at org.javolution.util.FastMap.containsValue(FastMap.java:352)
	at org.javolution.util.internal.map.ValuesImpl.contains(ValuesImpl.java:65)
	at org.javolution.util.FastMap.containsValue(FastMap.java:352)
	at org.javolution.util.internal.map.ValuesImpl.contains(ValuesImpl.java:65)
	at org.javolution.util.FastMap.containsValue(FastMap.java:352)
	at org.javolution.util.internal.map.ValuesImpl.contains(ValuesImpl.java:65)
	at org.javolution.util.FastMap.containsValue(FastMap.java:352)
	at org.javolution.util.internal.map.ValuesImpl.contains(ValuesImpl.java:65)
	at org.javolution.util.FastMap.containsValue(FastMap.java:352)
	at org.javolution.util.internal.map.ValuesImpl.contains(ValuesImpl.java:65)
	at org.javolution.util.FastMap.containsValue(FastMap.java:352)
	at org.javolution.util.internal.map.ValuesImpl.contains(ValuesImpl.java:65)
	at org.javolution.util.FastMap.containsValue(FastMap.java:352)
	at org.javolution.util.internal.map.ValuesImpl.contains(ValuesImpl.java:65)
	at org.javolution.util.FastMap.containsValue(FastMap.java:352)
	at org.javolution.util.internal.map.ValuesImpl.contains(ValuesImpl.java:65)
	at org.javolution.util.FastMap.containsValue(FastMap.java:352)
	at org.javolution.util.internal.map.ValuesImpl.contains(ValuesImpl.java:65)
	at org.javolution.util.FastMap.containsValue(FastMap.java:352)
	at org.javolution.util.internal.map.ValuesImpl.contains(ValuesImpl.java:65)
	at org.javolution.util.FastMap.containsValue(FastMap.java:352)
	at org.javolution.util.internal.map.ValuesImpl.contains(ValuesImpl.java:65)
	at org.javolution.util.FastMap.containsValue(FastMap.java:352)
	at org.javolution.util.internal.map.ValuesImpl.contains(ValuesImpl.java:65)
	at org.javolution.util.FastMap.containsValue(FastMap.java:352)
	at org.javolution.util.internal.map.ValuesImpl.contains(ValuesImpl.java:65)
	at org.javolution.util.FastMap.containsValue(FastMap.java:352)
	at org.javolution.util.internal.map.ValuesImpl.contains(ValuesImpl.java:65)
	at org.javolution.util.FastMap.containsValue(FastMap.java:352)
	at org.javolution.util.internal.map.ValuesImpl.contains(ValuesImpl.java:65)
	at org.javolution.util.FastMap.containsValue(FastMap.java:352)
	at org.javolution.util.internal.map.ValuesImpl.contains(ValuesImpl.java:65)
	at org.javolution.util.FastMap.containsValue(FastMap.java:352)
	at org.javolution.util.internal.map.ValuesImpl.contains(ValuesImpl.java:65)
	at org.javolution.util.FastMap.containsValue(FastMap.java:352)
	at org.javolution.util.internal.map.ValuesImpl.contains(ValuesImpl.java:65)
	at org.javolution.util.FastMap.containsValue(FastMap.java:352)
	at org.javolution.util.internal.map.ValuesImpl.contains(ValuesImpl.java:65)
	at org.javolution.util.FastMap.containsValue(FastMap.java:352)
	at org.javolution.util.internal.map.ValuesImpl.contains(ValuesImpl.java:65)
	at org.javolution.util.FastMap.containsValue(FastMap.java:352)
	at org.javolution.util.internal.map.ValuesImpl.contains(ValuesImpl.java:65)
	at org.javolution.util.FastMap.containsValue(FastMap.java:352)
	at org.javolution.util.internal.map.ValuesImpl.contains(ValuesImpl.java:65)
	at org.javolution.util.FastMap.containsValue(FastMap.java:352)
	at org.javolution.util.internal.map.ValuesImpl.contains(ValuesImpl.java:65)
	at org.javolution.util.FastMap.containsValue(FastMap.java:352)
	at org.javolution.util.internal.map.ValuesImpl.contains(ValuesImpl.java:65)
	at org.javolution.util.FastMap.containsValue(FastMap.java:352)
	at org.javolution.util.internal.map.ValuesImpl.contains(ValuesImpl.java:65)
	at org.javolution.util.FastMap.containsValue(FastMap.java:352)
	at org.javolution.util.internal.map.ValuesImpl.contains(ValuesImpl.java:65)
	at org.javolution.util.FastMap.containsValue(FastMap.java:352)
	at org.javolution.util.internal.map.ValuesImpl.contains(ValuesImpl.java:65)
	at org.javolution.util.FastMap.containsValue(FastMap.java:352)
	at org.javolution.util.internal.map.ValuesImpl.contains(ValuesImpl.java:65)
	at org.javolution.util.FastMap.containsValue(FastMap.java:352)
	at org.javolution.util.internal.map.ValuesImpl.contains(ValuesImpl.java:65)
	at org.javolution.util.FastMap.containsValue(FastMap.java:352)
	at org.javolution.util.internal.map.ValuesImpl.contains(ValuesImpl.java:65)
	at org.javolution.util.FastMap.containsValue(FastMap.java:352)
	at org.javolution.util.internal.map.ValuesImpl.contains(ValuesImpl.java:65)
	at org.javolution.util.FastMap.containsValue(FastMap.java:352)
	at org.javolution.util.internal.map.ValuesImpl.contains(ValuesImpl.java:65)
	at org.javolution.util.FastMap.containsValue(FastMap.java:352)
	at org.javolution.util.internal.map.ValuesImpl.contains(ValuesImpl.java:65)
	at org.javolution.util.FastMap.containsValue(FastMap.java:352)
	at org.javolution.util.internal.map.ValuesImpl.contains(ValuesImpl.java:65)
	at org.javolution.util.FastMap.containsValue(FastMap.java:352)
	at org.javolution.util.internal.map.ValuesImpl.contains(ValuesImpl.java:65)
	at org.javolution.util.FastMap.containsValue(FastMap.java:352)
	at org.javolution.util.internal.map.ValuesImpl.contains(ValuesImpl.java:65)
	at org.javolution.util.FastMap.containsValue(FastMap.java:352)
	at org.javolution.util.internal.map.ValuesImpl.contains(ValuesImpl.java:65)
	at org.javolution.util.FastMap.containsValue(FastMap.java:352)
	at org.javolution.util.internal.map.ValuesImpl.contains(ValuesImpl.java:65)
	at org.javolution.util.FastMap.containsValue(FastMap.java:352)
	at org.javolution.util.internal.map.ValuesImpl.contains(ValuesImpl.java:65)
	at org.javolution.util.FastMap.containsValue(FastMap.java:352)
	at org.javolution.util.internal.map.ValuesImpl.contains(ValuesImpl.java:65)
	at org.javolution.util.FastMap.containsValue(FastMap.java:352)
	at org.javolution.util.internal.map.ValuesImpl.contains(ValuesImpl.java:65)
	at org.javolution.util.FastMap.containsValue(FastMap.java:352)
	at org.javolution.util.internal.map.ValuesImpl.contains(ValuesImpl.java:65)
	at org.javolution.util.FastMap.containsValue(FastMap.java:352)
	at org.javolution.util.internal.map.ValuesImpl.contains(ValuesImpl.java:65)
	at org.javolution.util.FastMap.containsValue(FastMap.java:352)
	at org.javolution.util.internal.map.ValuesImpl.contains(ValuesImpl.java:65)
	at org.javolution.util.FastMap.containsValue(FastMap.java:352)
	at org.javolution.util.internal.map.ValuesImpl.contains(ValuesImpl.java:65)
	at org.javolution.util.FastMap.containsValue(FastMap.java:352)
	at org.javolution.util.internal.map.ValuesImpl.contains(ValuesImpl.java:65)
	at org.javolution.util.FastMap.containsValue(FastMap.java:352)
	at org.javolution.util.internal.map.ValuesImpl.contains(ValuesImpl.java:65)
	at org.javolution.util.FastMap.containsValue(FastMap.java:352)
	at org.javolution.util.internal.map.ValuesImpl.contains(ValuesImpl.java:65)
	at org.javolution.util.FastMap.containsValue(FastMap.java:352)
	at org.javolution.util.internal.map.ValuesImpl.contains(ValuesImpl.java:65)
	at org.javolution.util.FastMap.containsValue(FastMap.java:352)
	at org.javolution.util.internal.map.ValuesImpl.contains(ValuesImpl.java:65)
	at org.javolution.util.FastMap.containsValue(FastMap.java:352)
	at org.javolution.util.internal.map.ValuesImpl.contains(ValuesImpl.java:65)
	at org.javolution.util.FastMap.containsValue(FastMap.java:352)
	at org.javolution.util.internal.map.ValuesImpl.contains(ValuesImpl.java:65)
	at org.javolution.util.FastMap.containsValue(FastMap.java:352)
	at org.javolution.util.internal.map.ValuesImpl.contains(ValuesImpl.java:65)
	at org.javolution.util.FastMap.containsValue(FastMap.java:352)
	at org.javolution.util.internal.map.ValuesImpl.contains(ValuesImpl.java:65)
	at org.javolution.util.FastMap.containsValue(FastMap.java:352)
	at org.javolution.util.internal.map.ValuesImpl.contains(ValuesImpl.java:65)
	at org.javolution.util.FastMap.containsValue(FastMap.java:352)
	at org.javolution.util.internal.map.ValuesImpl.contains(ValuesImpl.java:65)
	at org.javolution.util.FastMap.containsValue(FastMap.java:352)
	at org.javolution.util.internal.map.ValuesImpl.contains(ValuesImpl.java:65)
	at org.javolution.util.FastMap.containsValue(FastMap.java:352)
	at org.javolution.util.internal.map.ValuesImpl.contains(ValuesImpl.java:65)
	at org.javolution.util.FastMap.containsValue(FastMap.java:352)
	at org.javolution.util.internal.map.ValuesImpl.contains(ValuesImpl.java:65)
	at org.javolution.util.FastMap.containsValue(FastMap.java:352)
	at org.javolution.util.internal.map.ValuesImpl.contains(ValuesImpl.java:65)
	at org.javolution.util.FastMap.containsValue(FastMap.java:352)
	at org.javolution.util.internal.map.ValuesImpl.contains(ValuesImpl.java:65)
	at org.javolution.util.FastMap.containsValue(FastMap.java:352)
	at org.javolution.util.internal.map.ValuesImpl.contains(ValuesImpl.java:65)
	at org.javolution.util.FastMap.containsValue(FastMap.java:352)
	at org.javolution.util.internal.map.ValuesImpl.contains(ValuesImpl.java:65)
	at org.javolution.util.FastMap.containsValue(FastMap.java:352)
	at org.javolution.util.internal.map.ValuesImpl.contains(ValuesImpl.java:65)
	at org.javolution.util.FastMap.containsValue(FastMap.java:352)
	at org.javolution.util.internal.map.ValuesImpl.contains(ValuesImpl.java:65)
	at org.javolution.util.FastMap.containsValue(FastMap.java:352)
	at org.javolution.util.internal.map.ValuesImpl.contains(ValuesImpl.java:65)
	at org.javolution.util.FastMap.containsValue(FastMap.java:352)
	at org.javolution.util.internal.map.ValuesImpl.contains(ValuesImpl.java:65)
	at org.javolution.util.FastMap.containsValue(FastMap.java:352)
	at org.javolution.util.internal.map.ValuesImpl.contains(ValuesImpl.java:65)
	at org.javolution.util.FastMap.containsValue(FastMap.java:352)
	at org.javolution.util.internal.map.ValuesImpl.contains(ValuesImpl.java:65)
	at org.javolution.util.FastMap.containsValue(FastMap.java:352)
	at org.javolution.util.internal.map.ValuesImpl.contains(ValuesImpl.java:65)
	at org.javolution.util.FastMap.containsValue(FastMap.java:352)
	at org.javolution.util.internal.map.ValuesImpl.contains(ValuesImpl.java:65)
	at org.javolution.util.FastMap.containsValue(FastMap.java:352)
	at org.javolution.util.internal.map.ValuesImpl.contains(ValuesImpl.java:65)
	at org.javolution.util.FastMap.containsValue(FastMap.java:352)
	at org.javolution.util.internal.map.ValuesImpl.contains(ValuesImpl.java:65)
	at org.javolution.util.FastMap.containsValue(FastMap.java:352)
	at org.javolution.util.internal.map.ValuesImpl.contains(ValuesImpl.java:65)
	at org.javolution.util.FastMap.containsValue(FastMap.java:352)
	at org.javolution.util.internal.map.ValuesImpl.contains(ValuesImpl.java:65)
	at org.javolution.util.FastMap.containsValue(FastMap.java:352)
	at org.javolution.util.internal.map.ValuesImpl.contains(ValuesImpl.java:65)
	at org.javolution.util.FastMap.containsValue(FastMap.java:352)
	at org.javolution.util.internal.map.ValuesImpl.contains(ValuesImpl.java:65)
	at org.javolution.util.FastMap.containsValue(FastMap.java:352)
	at org.javolution.util.internal.map.ValuesImpl.contains(ValuesImpl.java:65)
	at org.javolution.util.FastMap.containsValue(FastMap.java:352)
	at org.javolution.util.internal.map.ValuesImpl.contains(ValuesImpl.java:65)
	at org.javolution.util.FastMap.containsValue(FastMap.java:352)
</error>
  </testcase>
  <testcase name="testEntrySetAndMapRetainsInsertOrder" classname="org.javolution.util.FastIdentityMapTest" time="0">
    <failure message="Key 1 Is Integer.class expected:&lt;class java.lang.Integer&gt; but was:&lt;class java.lang.Long&gt;" type="java.lang.AssertionError"><![CDATA[java.lang.AssertionError: Key 1 Is Integer.class expected:<class java.lang.Integer> but was:<class java.lang.Long>
	at org.junit.Assert.fail(Assert.java:88)
	at org.junit.Assert.failNotEquals(Assert.java:834)
	at org.junit.Assert.assertEquals(Assert.java:118)
	at org.javolution.util.FastIdentityMapTest.testEntrySetAndMapRetainsInsertOrder(FastIdentityMapTest.java:78)
]]></failure>
  </testcase>
  <testcase name="testKeySet" classname="org.javolution.util.FastIdentityMapTest" time="0"/>
  <testcase name="testPutAll" classname="org.javolution.util.FastIdentityMapTest" time="0">
    <failure message="Result Should Equal int.class expected:&lt;int&gt; but was:&lt;null&gt;" type="java.lang.AssertionError"><![CDATA[java.lang.AssertionError: Result Should Equal int.class expected:<int> but was:<null>
	at org.junit.Assert.fail(Assert.java:88)
	at org.junit.Assert.failNotEquals(Assert.java:834)
	at org.junit.Assert.assertEquals(Assert.java:118)
	at org.javolution.util.FastIdentityMapTest.testPutAll(FastIdentityMapTest.java:130)
]]></failure>
  </testcase>
  <testcase name="testIsEmpty" classname="org.javolution.util.FastIdentityMapTest" time="0">
    <failure message="FastMap Should Be Empty" type="java.lang.AssertionError">java.lang.AssertionError: FastMap Should Be Empty
	at org.junit.Assert.fail(Assert.java:88)
	at org.junit.Assert.assertTrue(Assert.java:41)
	at org.javolution.util.FastIdentityMapTest.testIsEmpty(FastIdentityMapTest.java:107)
</failure>
  </testcase>
  <testcase name="testClearWithAtomicView" classname="org.javolution.util.FastIdentityMapTest" time="0">
    <error type="java.lang.NullPointerException:">java.lang.NullPointerException: null
	at org.javolution.util.FastIdentityMapTest.testClearWithAtomicView(FastIdentityMapTest.java:48)
</error>
  </testcase>
</testsuite>