<?xml version="1.0" encoding="UTF-8"?>
<testsuite name="org.javolution.text.TextTest" time="0.019" tests="56" errors="1" skipped="0" failures="0">
  <properties>
[...]
</properties>
  <testcase name="testLastIndexOfWithCharSequenceWithIndex" classname="org.javolution.text.TextTest" time="0.001"/>
  <testcase name="testEndsWith" classname="org.javolution.text.TextTest" time="0.001"/>
  <testcase name="testToLowerCase" classname="org.javolution.text.TextTest" time="0.001"/>
  <testcase name="testIsBlankWithIndexAndLength" classname="org.javolution.text.TextTest" time="0"/>
  <testcase name="testValueOfCharWithLength" classname="org.javolution.text.TextTest" time="0"/>
  <testcase name="testDeleteThrowsExceptionWithStartLessThanZero" classname="org.javolution.text.TextTest" time="0.001"/>
  <testcase name="testValueOfCharSequence" classname="org.javolution.text.TextTest" time="0"/>
  <testcase name="testSubTextWithEndGreatherThanContentLengthThrowsException" classname="org.javolution.text.TextTest" time="0"/>
  <testcase name="testGetChars" classname="org.javolution.text.TextTest" time="0.001"/>
  <testcase name="testTrimEnd" classname="org.javolution.text.TextTest" time="0"/>
  <testcase name="testSubTextWithStartGreatherThanEndThrowsException" classname="org.javolution.text.TextTest" time="0.001"/>
  <testcase name="testPadLeft" classname="org.javolution.text.TextTest" time="0"/>
  <testcase name="testCopy" classname="org.javolution.text.TextTest" time="0"/>
  <testcase name="testPlus" classname="org.javolution.text.TextTest" time="0"/>
  <testcase name="testTrim" classname="org.javolution.text.TextTest" time="0"/>
  <testcase name="testToUpperCase" classname="org.javolution.text.TextTest" time="0.001"/>
  <testcase name="testSubTextWithStartLessThanZeroThrowsException" classname="org.javolution.text.TextTest" time="0.001"/>
  <testcase name="testValueOfDouble" classname="org.javolution.text.TextTest" time="0"/>
  <testcase name="testIndexOfWithCharSequenceWithIndex" classname="org.javolution.text.TextTest" time="0.001"/>
  <testcase name="testIndexOfWithCharWithIndex" classname="org.javolution.text.TextTest" time="0"/>
  <testcase name="testIndexOfWithCharSequence" classname="org.javolution.text.TextTest" time="0"/>
  <testcase name="testGetCharsWithStartLessThanZeroThrowsException" classname="org.javolution.text.TextTest" time="0"/>
  <testcase name="testDeleteThrowsExceptionWithStartGreaterThanEnd" classname="org.javolution.text.TextTest" time="0"/>
  <testcase name="testValueOfFloat" classname="org.javolution.text.TextTest" time="0.001"/>
  <testcase name="testTrimStart" classname="org.javolution.text.TextTest" time="0"/>
  <testcase name="testDeleteThrowsExceptionWithEndGreatherThanContentLength" classname="org.javolution.text.TextTest" time="0"/>
  <testcase name="testIndexOfWithChar" classname="org.javolution.text.TextTest" time="0"/>
  <testcase name="testSubTextWithStartAndEnd" classname="org.javolution.text.TextTest" time="0"/>
  <testcase name="testReplace" classname="org.javolution.text.TextTest" time="0.001"/>
  <testcase name="testValueOfPrimitiveCharArray" classname="org.javolution.text.TextTest" time="0"/>
  <testcase name="testLastIndexOfWithChar" classname="org.javolution.text.TextTest" time="0.001"/>
  <testcase name="testGetCharsWithEndGreaterThanContentLengthThrowsException" classname="org.javolution.text.TextTest" time="0"/>
  <testcase name="testContentEquals" classname="org.javolution.text.TextTest" time="0.001"/>
  <testcase name="testCharAt" classname="org.javolution.text.TextTest" time="0"/>
  <testcase name="testConcat" classname="org.javolution.text.TextTest" time="0"/>
  <testcase name="testDelete" classname="org.javolution.text.TextTest" time="0"/>
  <testcase name="testValueOfInt" classname="org.javolution.text.TextTest" time="0"/>
  <testcase name="testInsert" classname="org.javolution.text.TextTest" time="0"/>
  <testcase name="testIntern" classname="org.javolution.text.TextTest" time="0.002">
    <error message="-1" type="java.lang.ArrayIndexOutOfBoundsException">java.lang.ArrayIndexOutOfBoundsException: -1
	at org.javolution.text.Text.charAt(Text.java:948)
	at org.javolution.util.internal.function.LexicalOrderImpl.areEqual(LexicalOrderImpl.java:42)
	at org.javolution.util.internal.function.LexicalOrderImpl.areEqual(LexicalOrderImpl.java:18)
	at org.javolution.util.SparseMap.getEntry(SparseMap.java:106)
	at org.javolution.util.FastMap.get(FastMap.java:359)
	at org.javolution.text.Text.intern(Text.java:753)
	at org.javolution.text.TextTest.testIntern(TextTest.java:160)
</error>
  </testcase>
  <testcase name="testPadRight" classname="org.javolution.text.TextTest" time="0"/>
  <testcase name="testLastIndexOfWithCharSequence" classname="org.javolution.text.TextTest" time="0"/>
  <testcase name="testLength" classname="org.javolution.text.TextTest" time="0"/>
  <testcase name="testValueOfCharWithLengthLessThanZeroThrowsException" classname="org.javolution.text.TextTest" time="0"/>
  <testcase name="testPadLeftWithChar" classname="org.javolution.text.TextTest" time="0.001"/>
  <testcase name="testLastIndexOfWithCharWithIndex" classname="org.javolution.text.TextTest" time="0"/>
  <testcase name="testIsBlank" classname="org.javolution.text.TextTest" time="0.001"/>
  <testcase name="testGetCharsWithStartGreaterThanEndThrowsException" classname="org.javolution.text.TextTest" time="0"/>
  <testcase name="testCharAtGreaterThanContentLengthThrowsException" classname="org.javolution.text.TextTest" time="0.001"/>
  <testcase name="testPadRightWithChar" classname="org.javolution.text.TextTest" time="0"/>
  <testcase name="testContentEqualsIgnoreCase" classname="org.javolution.text.TextTest" time="0"/>
  <testcase name="testValueOfBoolean" classname="org.javolution.text.TextTest" time="0"/>
  <testcase name="testSubSequence" classname="org.javolution.text.TextTest" time="0"/>
  <testcase name="testStartsWith" classname="org.javolution.text.TextTest" time="0"/>
  <testcase name="testSubText" classname="org.javolution.text.TextTest" time="0"/>
  <testcase name="testValueOfChar" classname="org.javolution.text.TextTest" time="0.001"/>
  <testcase name="testValueOfLong" classname="org.javolution.text.TextTest" time="0"/>
</testsuite>