<?xml version="1.0" encoding="UTF-8"?>
<testsuite name="org.javolution.util.FastTableTest" time="0.013" tests="25" errors="0" skipped="0" failures="0">
  <properties>
[...]
</properties>
  <testcase name="testPeekFirst" classname="org.javolution.util.FastTableTest" time="0"/>
  <testcase name="testOfferLast" classname="org.javolution.util.FastTableTest" time="0"/>
  <testcase name="testGetFirst" classname="org.javolution.util.FastTableTest" time="0"/>
  <testcase name="testAddLast" classname="org.javolution.util.FastTableTest" time="0.008"/>
  <testcase name="testRemoveWithIndex" classname="org.javolution.util.FastTableTest" time="0"/>
  <testcase name="testAdd" classname="org.javolution.util.FastTableTest" time="0"/>
  <testcase name="testClear" classname="org.javolution.util.FastTableTest" time="0"/>
  <testcase name="testOffer" classname="org.javolution.util.FastTableTest" time="0"/>
  <testcase name="testPeek" classname="org.javolution.util.FastTableTest" time="0"/>
  <testcase name="testPoll" classname="org.javolution.util.FastTableTest" time="0"/>
  <testcase name="testLastIndexOf" classname="org.javolution.util.FastTableTest" time="0.001"/>
  <testcase name="testRemoveFirst" classname="org.javolution.util.FastTableTest" time="0"/>
  <testcase name="testRemoveFirstOccurance" classname="org.javolution.util.FastTableTest" time="0.001"/>
  <testcase name="testPushPop" classname="org.javolution.util.FastTableTest" time="0"/>
  <testcase name="testOfferFirst" classname="org.javolution.util.FastTableTest" time="0.001"/>
  <testcase name="testAddFirst" classname="org.javolution.util.FastTableTest" time="0.001"/>
  <testcase name="testGetLast" classname="org.javolution.util.FastTableTest" time="0"/>
  <testcase name="testRemoveLastOccurance" classname="org.javolution.util.FastTableTest" time="0"/>
  <testcase name="testRemoveLast" classname="org.javolution.util.FastTableTest" time="0"/>
  <testcase name="testPollFirst" classname="org.javolution.util.FastTableTest" time="0"/>
  <testcase name="testPeekLast" classname="org.javolution.util.FastTableTest" time="0"/>
  <testcase name="testPollLast" classname="org.javolution.util.FastTableTest" time="0"/>
  <testcase name="testIndexOf" classname="org.javolution.util.FastTableTest" time="0"/>
  <testcase name="testIsEmpty" classname="org.javolution.util.FastTableTest" time="0"/>
  <testcase name="testRemove" classname="org.javolution.util.FastTableTest" time="0.001"/>
</testsuite>