<?xml version="1.0" encoding="UTF-8"?>
<testsuite name="org.javolution.util.FastMapTest" time="0.05" tests="12" errors="3" skipped="0" failures="2">
  <properties>
[...]
</properties>
  <testcase name="testCaseInsensitiveMapWithLexicalCaseInsensitive" classname="org.javolution.util.FastMapTest" time="0">
    <error message="String index out of range: -1" type="java.lang.StringIndexOutOfBoundsException">java.lang.StringIndexOutOfBoundsException: String index out of range: -1
	at java.lang.String.charAt(String.java:646)
	at org.javolution.util.internal.function.CaseInsensitiveLexicalOrderImpl.areEqual(CaseInsensitiveLexicalOrderImpl.java:41)
	at org.javolution.util.internal.function.CaseInsensitiveLexicalOrderImpl.areEqual(CaseInsensitiveLexicalOrderImpl.java:18)
	at org.javolution.util.SparseMap.getEntry(SparseMap.java:106)
	at org.javolution.util.FastMap.get(FastMap.java:359)
	at org.javolution.util.FastMapTest.testCaseInsensitiveMapWithLexicalCaseInsensitive(FastMapTest.java:41)
</error>
  </testcase>
  <testcase name="testClear" classname="org.javolution.util.FastMapTest" time="0">
    <failure message="Map Is Empty After Clear" type="java.lang.AssertionError">java.lang.AssertionError: Map Is Empty After Clear
	at org.junit.Assert.fail(Assert.java:88)
	at org.junit.Assert.assertTrue(Assert.java:41)
	at org.javolution.util.FastMapTest.testClear(FastMapTest.java:54)
</failure>
  </testcase>
  <testcase name="testSize" classname="org.javolution.util.FastMapTest" time="0"/>
  <testcase name="testGetPutRemoveOperations" classname="org.javolution.util.FastMapTest" time="0.001"/>
  <testcase name="testContainsKey" classname="org.javolution.util.FastMapTest" time="0"/>
  <testcase name="testPutIfAbsent" classname="org.javolution.util.FastMapTest" time="0"/>
  <testcase name="testContainsValue" classname="org.javolution.util.FastMapTest" time="0.04">
    <error type="java.lang.StackOverflowError:">java.lang.StackOverflowError: null
	at org.javolution.util.internal.map.ValuesImpl.contains(ValuesImpl.java:65)
	at org.javolution.util.FastMap.containsValue(FastMap.java:352)
	at org.javolution.util.internal.map.ValuesImpl.contains(ValuesImpl.java:65)
	at org.javolution.util.FastMap.containsValue(FastMap.java:352)
	at org.javolution.util.internal.map.ValuesImpl.contains(ValuesImpl.java:65)
	at org.javolution.util.FastMap.containsValue(FastMap.java:352)
	at org.javolution.util.internal.map.ValuesImpl.contains(ValuesImpl.java:65)
	at org.javolution.util.FastMap.containsValue(FastMap.java:352)
	at org.javolution.util.internal.map.ValuesImpl.contains(ValuesImpl.java:65)
	at org.javolution.util.FastMap.containsValue(FastMap.java:352)
	at org.javolution.util.internal.map.ValuesImpl.contains(ValuesImpl.java:65)
	at org.javolution.util.FastMap.containsValue(FastMap.java:352)
	at org.javolution.util.internal.map.ValuesImpl.contains(ValuesImpl.java:65)
	at org.javolution.util.FastMap.containsValue(FastMap.java:352)
	at org.javolution.util.internal.map.ValuesImpl.contains(ValuesImpl.java:65)
	at org.javolution.util.FastMap.containsValue(FastMap.java:352)
	at org.javolution.util.internal.map.ValuesImpl.contains(ValuesImpl.java:65)
	at org.javolution.util.FastMap.containsValue(FastMap.java:352)
	at org.javolution.util.internal.map.ValuesImpl.contains(ValuesImpl.java:65)
	at org.javolution.util.FastMap.containsValue(FastMap.java:352)
	at org.javolution.util.internal.map.ValuesImpl.contains(ValuesImpl.java:65)
	at org.javolution.util.FastMap.containsValue(FastMap.java:352)
	at org.javolution.util.internal.map.ValuesImpl.contains(ValuesImpl.java:65)
	at org.javolution.util.FastMap.containsValue(FastMap.java:352)
	at org.javolution.util.internal.map.ValuesImpl.contains(ValuesImpl.java:65)
	at org.javolution.util.FastMap.containsValue(FastMap.java:352)
	at org.javolution.util.internal.map.ValuesImpl.contains(ValuesImpl.java:65)
	at org.javolution.util.FastMap.containsValue(FastMap.java:352)
	at org.javolution.util.internal.map.ValuesImpl.contains(ValuesImpl.java:65)
	at org.javolution.util.FastMap.containsValue(FastMap.java:352)
	at org.javolution.util.internal.map.ValuesImpl.contains(ValuesImpl.java:65)
	at org.javolution.util.FastMap.containsValue(FastMap.java:352)
	at org.javolution.util.internal.map.ValuesImpl.contains(ValuesImpl.java:65)
	at org.javolution.util.FastMap.containsValue(FastMap.java:352)
	at org.javolution.util.internal.map.ValuesImpl.contains(ValuesImpl.java:65)
	at org.javolution.util.FastMap.containsValue(FastMap.java:352)
	at org.javolution.util.internal.map.ValuesImpl.contains(ValuesImpl.java:65)
	at org.javolution.util.FastMap.containsValue(FastMap.java:352)
	at org.javolution.util.internal.map.ValuesImpl.contains(ValuesImpl.java:65)
	at org.javolution.util.FastMap.containsValue(FastMap.java:352)
	at org.javolution.util.internal.map.ValuesImpl.contains(ValuesImpl.java:65)
	at org.javolution.util.FastMap.containsValue(FastMap.java:352)
	at org.javolution.util.internal.map.ValuesImpl.contains(ValuesImpl.java:65)
	at org.javolution.util.FastMap.containsValue(FastMap.java:352)
	at org.javolution.util.internal.map.ValuesImpl.contains(ValuesImpl.java:65)
	at org.javolution.util.FastMap.containsValue(FastMap.java:352)
	at org.javolution.util.internal.map.ValuesImpl.contains(ValuesImpl.java:65)
	at org.javolution.util.FastMap.containsValue(FastMap.java:352)
	at org.javolution.util.internal.map.ValuesImpl.contains(ValuesImpl.java:65)
	at org.javolution.util.FastMap.containsValue(FastMap.java:352)
	at org.javolution.util.internal.map.ValuesImpl.contains(ValuesImpl.java:65)
	at org.javolution.util.FastMap.containsValue(FastMap.java:352)
	at org.javolution.util.internal.map.ValuesImpl.contains(ValuesImpl.java:65)
	at org.javolution.util.FastMap.containsValue(FastMap.java:352)
	at org.javolution.util.internal.map.ValuesImpl.contains(ValuesImpl.java:65)
	at org.javolution.util.FastMap.containsValue(FastMap.java:352)
	at org.javolution.util.internal.map.ValuesImpl.contains(ValuesImpl.java:65)
	at org.javolution.util.FastMap.containsValue(FastMap.java:352)
	at org.javolution.util.internal.map.ValuesImpl.contains(ValuesImpl.java:65)
	at org.javolution.util.FastMap.containsValue(FastMap.java:352)
	at org.javolution.util.internal.map.ValuesImpl.contains(ValuesImpl.java:65)
	at org.javolution.util.FastMap.containsValue(FastMap.java:352)
	at org.javolution.util.internal.map.ValuesImpl.contains(ValuesImpl.java:65)
	at org.javolution.util.FastMap.containsValue(FastMap.java:352)
	at org.javolution.util.internal.map.ValuesImpl.contains(ValuesImpl.java:65)
	at org.javolution.util.FastMap.containsValue(FastMap.java:352)
	at org.javolution.util.internal.map.ValuesImpl.contains(ValuesImpl.java:65)
	at org.javolution.util.FastMap.containsValue(FastMap.java:352)
	at org.javolution.util.internal.map.ValuesImpl.contains(ValuesImpl.java:65)
	at org.javolution.util.FastMap.containsValue(FastMap.java:352)
	at org.javolution.util.internal.map.ValuesImpl.contains(ValuesImpl.java:65)
	at org.javolution.util.FastMap.containsValue(FastMap.java:352)
	at org.javolution.util.internal.map.ValuesImpl.contains(ValuesImpl.java:65)
	at org.javolution.util.FastMap.containsValue(FastMap.java:352)
	at org.javolution.util.internal.map.ValuesImpl.contains(ValuesImpl.java:65)
	at org.javolution.util.FastMap.containsValue(FastMap.java:352)
	at org.javolution.util.internal.map.ValuesImpl.contains(ValuesImpl.java:65)
	at org.javolution.util.FastMap.containsValue(FastMap.java:352)
	at org.javolution.util.internal.map.ValuesImpl.contains(ValuesImpl.java:65)
	at org.javolution.util.FastMap.containsValue(FastMap.java:352)
	at org.javolution.util.internal.map.ValuesImpl.contains(ValuesImpl.java:65)
	at org.javolution.util.FastMap.containsValue(FastMap.java:352)
	at org.javolution.util.internal.map.ValuesImpl.contains(ValuesImpl.java:65)
	at org.javolution.util.FastMap.containsValue(FastMap.java:352)
	at org.javolution.util.internal.map.ValuesImpl.contains(ValuesImpl.java:65)
	at org.javolution.util.FastMap.containsValue(FastMap.java:352)
	at org.javolution.util.internal.map.ValuesImpl.contains(ValuesImpl.java:65)
	at org.javolution.util.FastMap.containsValue(FastMap.java:352)
	at org.javolution.util.internal.map.ValuesImpl.contains(ValuesImpl.java:65)
	at org.javolution.util.FastMap.containsValue(FastMap.java:352)
	at org.javolution.util.internal.map.ValuesImpl.contains(ValuesImpl.java:65)
	at org.javolution.util.FastMap.containsValue(FastMap.java:352)
	at org.javolution.util.internal.map.ValuesImpl.contains(ValuesImpl.java:65)
	at org.javolution.util.FastMap.containsValue(FastMap.java:352)
	at org.javolution.util.internal.map.ValuesImpl.contains(ValuesImpl.java:65)
	at org.javolution.util.FastMap.containsValue(FastMap.java:352)
	at org.javolution.util.internal.map.ValuesImpl.contains(ValuesImpl.java:65)
	at org.javolution.util.FastMap.containsValue(FastMap.java:352)
	at org.javolution.util.internal.map.ValuesImpl.contains(ValuesImpl.java:65)
	at org.javolution.util.FastMap.containsValue(FastMap.java:352)
	at org.javolution.util.internal.map.ValuesImpl.contains(ValuesImpl.java:65)
	at org.javolution.util.FastMap.containsValue(FastMap.java:352)
	at org.javolution.util.internal.map.ValuesImpl.contains(ValuesImpl.java:65)
	at org.javolution.util.FastMap.containsValue(FastMap.java:352)
	at org.javolution.util.internal.map.ValuesImpl.contains(ValuesImpl.java:65)
	at org.javolution.util.FastMap.containsValue(FastMap.java:352)
	at org.javolution.util.internal.map.ValuesImpl.contains(ValuesImpl.java:65)
	at org.javolution.util.FastMap.containsValue(FastMap.java:352)
	at org.javolution.util.internal.map.ValuesImpl.contains(ValuesImpl.java:65)
	at org.javolution.util.FastMap.containsValue(FastMap.java:352)
	at org.javolution.util.internal.map.ValuesImpl.contains(ValuesImpl.java:65)
	at org.javolution.util.FastMap.containsValue(FastMap.java:352)
	at org.javolution.util.internal.map.ValuesImpl.contains(ValuesImpl.java:65)
	at org.javolution.util.FastMap.containsValue(FastMap.java:352)
	at org.javolution.util.internal.map.ValuesImpl.contains(ValuesImpl.java:65)
	at org.javolution.util.FastMap.containsValue(FastMap.java:352)
	at org.javolution.util.internal.map.ValuesImpl.contains(ValuesImpl.java:65)
	at org.javolution.util.FastMap.containsValue(FastMap.java:352)
	at org.javolution.util.internal.map.ValuesImpl.contains(ValuesImpl.java:65)
	at org.javolution.util.FastMap.containsValue(FastMap.java:352)
	at org.javolution.util.internal.map.ValuesImpl.contains(ValuesImpl.java:65)
	at org.javolution.util.FastMap.containsValue(FastMap.java:352)
	at org.javolution.util.internal.map.ValuesImpl.contains(ValuesImpl.java:65)
	at org.javolution.util.FastMap.containsValue(FastMap.java:352)
	at org.javolution.util.internal.map.ValuesImpl.contains(ValuesImpl.java:65)
	at org.javolution.util.FastMap.containsValue(FastMap.java:352)
	at org.javolution.util.internal.map.ValuesImpl.contains(ValuesImpl.java:65)
	at org.javolution.util.FastMap.containsValue(FastMap.java:352)
	at org.javolution.util.internal.map.ValuesImpl.contains(ValuesImpl.java:65)
	at org.javolution.util.FastMap.containsValue(FastMap.java:352)
	at org.javolution.util.internal.map.ValuesImpl.contains(ValuesImpl.java:65)
	at org.javolution.util.FastMap.containsValue(FastMap.java:352)
	at org.javolution.util.internal.map.ValuesImpl.contains(ValuesImpl.java:65)
	at org.javolution.util.FastMap.containsValue(FastMap.java:352)
	at org.javolution.util.internal.map.ValuesImpl.contains(ValuesImpl.java:65)
	at org.javolution.util.FastMap.containsValue(FastMap.java:352)
	at org.javolution.util.internal.map.ValuesImpl.contains(ValuesImpl.java:65)
	at org.javolution.util.FastMap.containsValue(FastMap.java:352)
	at org.javolution.util.internal.map.ValuesImpl.contains(ValuesImpl.java:65)
	at org.javolution.util.FastMap.containsValue(FastMap.java:352)
	at org.javolution.util.internal.map.ValuesImpl.contains(ValuesImpl.java:65)
	at org.javolution.util.FastMap.containsValue(FastMap.java:352)
	at org.javolution.util.internal.map.ValuesImpl.contains(ValuesImpl.java:65)
	at org.javolution.util.FastMap.containsValue(FastMap.java:352)
	at org.javolution.util.internal.map.ValuesImpl.contains(ValuesImpl.java:65)
	at org.javolution.util.FastMap.containsValue(FastMap.java:352)
	at org.javolution.util.internal.map.ValuesImpl.contains(ValuesImpl.java:65)
	at org.javolution.util.FastMap.containsValue(FastMap.java:352)
	at org.javolution.util.internal.map.ValuesImpl.contains(ValuesImpl.java:65)
	at org.javolution.util.FastMap.containsValue(FastMap.java:352)
	at org.javolution.util.internal.map.ValuesImpl.contains(ValuesImpl.java:65)
	at org.javolution.util.FastMap.containsValue(FastMap.java:352)
	at org.javolution.util.internal.map.ValuesImpl.contains(ValuesImpl.java:65)
	at org.javolution.util.FastMap.containsValue(FastMap.java:352)
	at org.javolution.util.internal.map.ValuesImpl.contains(ValuesImpl.java:65)
	at org.javolution.util.FastMap.containsValue(FastMap.java:352)
	at org.javolution.util.internal.map.ValuesImpl.contains(ValuesImpl.java:65)
	at org.javolution.util.FastMap.containsValue(FastMap.java:352)
	at org.javolution.util.internal.map.ValuesImpl.contains(ValuesImpl.java:65)
	at org.javolution.util.FastMap.containsValue(FastMap.java:352)
	at org.javolution.util.internal.map.ValuesImpl.contains(ValuesImpl.java:65)
	at org.javolution.util.FastMap.containsValue(FastMap.java:352)
	at org.javolution.util.internal.map.ValuesImpl.contains(ValuesImpl.java:65)
	at org.javolution.util.FastMap.containsValue(FastMap.java:352)
	at org.javolution.util.internal.map.ValuesImpl.contains(ValuesImpl.java:65)
	at org.javolution.util.FastMap.containsValue(FastMap.java:352)
	at org.javolution.util.internal.map.ValuesImpl.contains(ValuesImpl.java:65)
	at org.javolution.util.FastMap.containsValue(FastMap.java:352)
	at org.javolution.util.internal.map.ValuesImpl.contains(ValuesImpl.java:65)
	at org.javolution.util.FastMap.containsValue(FastMap.java:352)
	at org.javolution.util.internal.map.ValuesImpl.contains(ValuesImpl.java:65)
	at org.javolution.util.FastMap.containsValue(FastMap.java:352)
	at org.javolution.util.internal.map.ValuesImpl.contains(ValuesImpl.java:65)
	at org.javolution.util.FastMap.containsValue(FastMap.java:352)
	at org.javolution.util.internal.map.ValuesImpl.contains(ValuesImpl.java:65)
	at org.javolution.util.FastMap.containsValue(FastMap.java:352)
	at org.javolution.util.internal.map.ValuesImpl.contains(ValuesImpl.java:65)
	at org.javolution.util.FastMap.containsValue(FastMap.java:352)
	at org.javolution.util.internal.map.ValuesImpl.contains(ValuesImpl.java:65)
	at org.javolution.util.FastMap.containsValue(FastMap.java:352)
	at org.javolution.util.internal.map.ValuesImpl.contains(ValuesImpl.java:65)
	at org.javolution.util.FastMap.containsValue(FastMap.java:352)
	at org.javolution.util.internal.map.ValuesImpl.contains(ValuesImpl.java:65)
	at org.javolution.util.FastMap.containsValue(FastMap.java:352)
	at org.javolution.util.internal.map.ValuesImpl.contains(ValuesImpl.java:65)
	at org.javolution.util.FastMap.containsValue(FastMap.java:352)
	at org.javolution.util.internal.map.ValuesImpl.contains(ValuesImpl.java:65)
	at org.javolution.util.FastMap.containsValue(FastMap.java:352)
	at org.javolution.util.internal.map.ValuesImpl.contains(ValuesImpl.java:65)
	at org.javolution.util.FastMap.containsValue(FastMap.java:352)
	at org.javolution.util.internal.map.ValuesImpl.contains(ValuesImpl.java:65)
	at org.javolution.util.FastMap.containsValue(FastMap.java:352)
	at org.javolution.util.internal.map.ValuesImpl.contains(ValuesImpl.java:65)
	at org.javolution.util.FastMap.containsValue(FastMap.java:352)
	at org.javolution.util.internal.map.ValuesImpl.contains(ValuesImpl.java:65)
	at org.javolution.util.FastMap.containsValue(FastMap.java:352)
	at org.javolution.util.internal.map.ValuesImpl.contains(ValuesImpl.java:65)
	at org.javolution.util.FastMap.containsValue(FastMap.java:352)
	at org.javolution.util.internal.map.ValuesImpl.contains(ValuesImpl.java:65)
	at org.javolution.util.FastMap.containsValue(FastMap.java:352)
	at org.javolution.util.internal.map.ValuesImpl.contains(ValuesImpl.java:65)
	at org.javolution.util.FastMap.containsValue(FastMap.java:352)
	at org.javolution.util.internal.map.ValuesImpl.contains(ValuesImpl.java:65)
	at org.javolution.util.FastMap.containsValue(FastMap.java:352)
	at org.javolution.util.internal.map.ValuesImpl.contains(ValuesImpl.java:65)
	at org.javolution.util.FastMap.containsValue(FastMap.java:352)
	at org.javolution.util.internal.map.ValuesImpl.contains(ValuesImpl.java:65)
	at org.javolution.util.FastMap.containsValue(FastMap.java:352)
	at org.javolution.util.internal.map.ValuesImpl.contains(ValuesImpl.java:65)
	at org.javolution.util.FastMap.containsValue(FastMap.java:352)
	at org.javolution.util.internal.map.ValuesImpl.contains(ValuesImpl.java:65)
	at org.javolution.util.FastMap.containsValue(FastMap.java:352)
	at org.javolution.util.internal.map.ValuesImpl.contains(ValuesImpl.java:65)
	at org.javolution.util.FastMap.containsValue(FastMap.java:352)
	at org.javolution.util.internal.map.ValuesImpl.contains(ValuesImpl.java:65)
	at org.javolution.util.FastMap.containsValue(FastMap.java:352)
	at org.javolution.util.internal.map.ValuesImpl.contains(ValuesImpl.java:65)
	at org.javolution.util.FastMap.containsValue(FastMap.java:352)
	at org.javolution.util.internal.map.ValuesImpl.contains(ValuesImpl.java:65)
	at org.javolution.util.FastMap.containsValue(FastMap.java:352)
	at org.javolution.util.internal.map.ValuesImpl.contains(ValuesImpl.java:65)
	at org.javolution.util.FastMap.containsValue(FastMap.java:352)
	at org.javolution.util.internal.map.ValuesImpl.contains(ValuesImpl.java:65)
	at org.javolution.util.FastMap.containsValue(FastMap.java:352)
	at org.javolution.util.internal.map.ValuesImpl.contains(ValuesImpl.java:65)
	at org.javolution.util.FastMap.containsValue(FastMap.java:352)
	at org.javolution.util.internal.map.ValuesImpl.contains(ValuesImpl.java:65)
	at org.javolution.util.FastMap.containsValue(FastMap.java:352)
	at org.javolution.util.internal.map.ValuesImpl.contains(ValuesImpl.java:65)
	at org.javolution.util.FastMap.containsValue(FastMap.java:352)
	at org.javolution.util.internal.map.ValuesImpl.contains(ValuesImpl.java:65)
	at org.javolution.util.FastMap.containsValue(FastMap.java:352)
	at org.javolution.util.internal.map.ValuesImpl.contains(ValuesImpl.java:65)
	at org.javolution.util.FastMap.containsValue(FastMap.java:352)
	at org.javolution.util.internal.map.ValuesImpl.contains(ValuesImpl.java:65)
	at org.javolution.util.FastMap.containsValue(FastMap.java:352)
	at org.javolution.util.internal.map.ValuesImpl.contains(ValuesImpl.java:65)
	at org.javolution.util.FastMap.containsValue(FastMap.java:352)
	at org.javolution.util.internal.map.ValuesImpl.contains(ValuesImpl.java:65)
	at org.javolution.util.FastMap.containsValue(FastMap.java:352)
	at org.javolution.util.internal.map.ValuesImpl.contains(ValuesImpl.java:65)
	at org.javolution.util.FastMap.containsValue(FastMap.java:352)
	at org.javolution.util.internal.map.ValuesImpl.contains(ValuesImpl.java:65)
	at org.javolution.util.FastMap.containsValue(FastMap.java:352)
	at org.javolution.util.internal.map.ValuesImpl.contains(ValuesImpl.java:65)
	at org.javolution.util.FastMap.containsValue(FastMap.java:352)
	at org.javolution.util.internal.map.ValuesImpl.contains(ValuesImpl.java:65)
	at org.javolution.util.FastMap.containsValue(FastMap.java:352)
	at org.javolution.util.internal.map.ValuesImpl.contains(ValuesImpl.java:65)
	at org.javolution.util.FastMap.containsValue(FastMap.java:352)
	at org.javolution.util.internal.map.ValuesImpl.contains(ValuesImpl.java:65)
	at org.javolution.util.FastMap.containsValue(FastMap.java:352)
	at org.javolution.util.internal.map.ValuesImpl.contains(ValuesImpl.java:65)
	at org.javolution.util.FastMap.containsValue(FastMap.java:352)
	at org.javolution.util.internal.map.ValuesImpl.contains(ValuesImpl.java:65)
	at org.javolution.util.FastMap.containsValue(FastMap.java:352)
	at org.javolution.util.internal.map.ValuesImpl.contains(ValuesImpl.java:65)
	at org.javolution.util.FastMap.containsValue(FastMap.java:352)
	at org.javolution.util.internal.map.ValuesImpl.contains(ValuesImpl.java:65)
	at org.javolution.util.FastMap.containsValue(FastMap.java:352)
	at org.javolution.util.internal.map.ValuesImpl.contains(ValuesImpl.java:65)
	at org.javolution.util.FastMap.containsValue(FastMap.java:352)
	at org.javolution.util.internal.map.ValuesImpl.contains(ValuesImpl.java:65)
	at org.javolution.util.FastMap.containsValue(FastMap.java:352)
	at org.javolution.util.internal.map.ValuesImpl.contains(ValuesImpl.java:65)
	at org.javolution.util.FastMap.containsValue(FastMap.java:352)
	at org.javolution.util.internal.map.ValuesImpl.contains(ValuesImpl.java:65)
	at org.javolution.util.FastMap.containsValue(FastMap.java:352)
	at org.javolution.util.internal.map.ValuesImpl.contains(ValuesImpl.java:65)
	at org.javolution.util.FastMap.containsValue(FastMap.java:352)
	at org.javolution.util.internal.map.ValuesImpl.contains(ValuesImpl.java:65)
	at org.javolution.util.FastMap.containsValue(FastMap.java:352)
	at org.javolution.util.internal.map.ValuesImpl.contains(ValuesImpl.java:65)
	at org.javolution.util.FastMap.containsValue(FastMap.java:352)
	at org.javolution.util.internal.map.ValuesImpl.contains(ValuesImpl.java:65)
	at org.javolution.util.FastMap.containsValue(FastMap.java:352)
	at org.javolution.util.internal.map.ValuesImpl.contains(ValuesImpl.java:65)
	at org.javolution.util.FastMap.containsValue(FastMap.java:352)
	at org.javolution.util.internal.map.ValuesImpl.contains(ValuesImpl.java:65)
	at org.javolution.util.FastMap.containsValue(FastMap.java:352)
	at org.javolution.util.internal.map.ValuesImpl.contains(ValuesImpl.java:65)
	at org.javolution.util.FastMap.containsValue(FastMap.java:352)
	at org.javolution.util.internal.map.ValuesImpl.contains(ValuesImpl.java:65)
	at org.javolution.util.FastMap.containsValue(FastMap.java:352)
	at org.javolution.util.internal.map.ValuesImpl.contains(ValuesImpl.java:65)
	at org.javolution.util.FastMap.containsValue(FastMap.java:352)
	at org.javolution.util.internal.map.ValuesImpl.contains(ValuesImpl.java:65)
	at org.javolution.util.FastMap.containsValue(FastMap.java:352)
	at org.javolution.util.internal.map.ValuesImpl.contains(ValuesImpl.java:65)
	at org.javolution.util.FastMap.containsValue(FastMap.java:352)
	at org.javolution.util.internal.map.ValuesImpl.contains(ValuesImpl.java:65)
	at org.javolution.util.FastMap.containsValue(FastMap.java:352)
	at org.javolution.util.internal.map.ValuesImpl.contains(ValuesImpl.java:65)
	at org.javolution.util.FastMap.containsValue(FastMap.java:352)
	at org.javolution.util.internal.map.ValuesImpl.contains(ValuesImpl.java:65)
	at org.javolution.util.FastMap.containsValue(FastMap.java:352)
	at org.javolution.util.internal.map.ValuesImpl.contains(ValuesImpl.java:65)
	at org.javolution.util.FastMap.containsValue(FastMap.java:352)
	at org.javolution.util.internal.map.ValuesImpl.contains(ValuesImpl.java:65)
	at org.javolution.util.FastMap.containsValue(FastMap.java:352)
	at org.javolution.util.internal.map.ValuesImpl.contains(ValuesImpl.java:65)
	at org.javolution.util.FastMap.containsValue(FastMap.java:352)
	at org.javolution.util.internal.map.ValuesImpl.contains(ValuesImpl.java:65)
	at org.javolution.util.FastMap.containsValue(FastMap.java:352)
	at org.javolution.util.internal.map.ValuesImpl.contains(ValuesImpl.java:65)
	at org.javolution.util.FastMap.containsValue(FastMap.java:352)
	at org.javolution.util.internal.map.ValuesImpl.contains(ValuesImpl.java:65)
	at org.javolution.util.FastMap.containsValue(FastMap.java:352)
	at org.javolution.util.internal.map.ValuesImpl.contains(ValuesImpl.java:65)
	at org.javolution.util.FastMap.containsValue(FastMap.java:352)
	at org.javolution.util.internal.map.ValuesImpl.contains(ValuesImpl.java:65)
	at org.javolution.util.FastMap.containsValue(FastMap.java:352)
	at org.javolution.util.internal.map.ValuesImpl.contains(ValuesImpl.java:65)
	at org.javolution.util.FastMap.containsValue(FastMap.java:352)
	at org.javolution.util.internal.map.ValuesImpl.contains(ValuesImpl.java:65)
	at org.javolution.util.FastMap.containsValue(FastMap.java:352)
	at org.javolution.util.internal.map.ValuesImpl.contains(ValuesImpl.java:65)
	at org.javolution.util.FastMap.containsValue(FastMap.java:352)
	at org.javolution.util.internal.map.ValuesImpl.contains(ValuesImpl.java:65)
	at org.javolution.util.FastMap.containsValue(FastMap.java:352)
	at org.javolution.util.internal.map.ValuesImpl.contains(ValuesImpl.java:65)
	at org.javolution.util.FastMap.containsValue(FastMap.java:352)
	at org.javolution.util.internal.map.ValuesImpl.contains(ValuesImpl.java:65)
	at org.javolution.util.FastMap.containsValue(FastMap.java:352)
	at org.javolution.util.internal.map.ValuesImpl.contains(ValuesImpl.java:65)
	at org.javolution.util.FastMap.containsValue(FastMap.java:352)
	at org.javolution.util.internal.map.ValuesImpl.contains(ValuesImpl.java:65)
	at org.javolution.util.FastMap.containsValue(FastMap.java:352)
	at org.javolution.util.internal.map.ValuesImpl.contains(ValuesImpl.java:65)
	at org.javolution.util.FastMap.containsValue(FastMap.java:352)
	at org.javolution.util.internal.map.ValuesImpl.contains(ValuesImpl.java:65)
	at org.javolution.util.FastMap.containsValue(FastMap.java:352)
	at org.javolution.util.internal.map.ValuesImpl.contains(ValuesImpl.java:65)
	at org.javolution.util.FastMap.containsValue(FastMap.java:352)
	at org.javolution.util.internal.map.ValuesImpl.contains(ValuesImpl.java:65)
	at org.javolution.util.FastMap.containsValue(FastMap.java:352)
	at org.javolution.util.internal.map.ValuesImpl.contains(ValuesImpl.java:65)
	at org.javolution.util.FastMap.containsValue(FastMap.java:352)
	at org.javolution.util.internal.map.ValuesImpl.contains(ValuesImpl.java:65)
	at org.javolution.util.FastMap.containsValue(FastMap.java:352)
	at org.javolution.util.internal.map.ValuesImpl.contains(ValuesImpl.java:65)
	at org.javolution.util.FastMap.containsValue(FastMap.java:352)
	at org.javolution.util.internal.map.ValuesImpl.contains(ValuesImpl.java:65)
	at org.javolution.util.FastMap.containsValue(FastMap.java:352)
	at org.javolution.util.internal.map.ValuesImpl.contains(ValuesImpl.java:65)
	at org.javolution.util.FastMap.containsValue(FastMap.java:352)
	at org.javolution.util.internal.map.ValuesImpl.contains(ValuesImpl.java:65)
	at org.javolution.util.FastMap.containsValue(FastMap.java:352)
	at org.javolution.util.internal.map.ValuesImpl.contains(ValuesImpl.java:65)
	at org.javolution.util.FastMap.containsValue(FastMap.java:352)
	at org.javolution.util.internal.map.ValuesImpl.contains(ValuesImpl.java:65)
	at org.javolution.util.FastMap.containsValue(FastMap.java:352)
	at org.javolution.util.internal.map.ValuesImpl.contains(ValuesImpl.java:65)
	at org.javolution.util.FastMap.containsValue(FastMap.java:352)
	at org.javolution.util.internal.map.ValuesImpl.contains(ValuesImpl.java:65)
	at org.javolution.util.FastMap.containsValue(FastMap.java:352)
	at org.javolution.util.internal.map.ValuesImpl.contains(ValuesImpl.java:65)
	at org.javolution.util.FastMap.containsValue(FastMap.java:352)
	at org.javolution.util.internal.map.ValuesImpl.contains(ValuesImpl.java:65)
	at org.javolution.util.FastMap.containsValue(FastMap.java:352)
	at org.javolution.util.internal.map.ValuesImpl.contains(ValuesImpl.java:65)
	at org.javolution.util.FastMap.containsValue(FastMap.java:352)
	at org.javolution.util.internal.map.ValuesImpl.contains(ValuesImpl.java:65)
	at org.javolution.util.FastMap.containsValue(FastMap.java:352)
	at org.javolution.util.internal.map.ValuesImpl.contains(ValuesImpl.java:65)
	at org.javolution.util.FastMap.containsValue(FastMap.java:352)
	at org.javolution.util.internal.map.ValuesImpl.contains(ValuesImpl.java:65)
	at org.javolution.util.FastMap.containsValue(FastMap.java:352)
	at org.javolution.util.internal.map.ValuesImpl.contains(ValuesImpl.java:65)
	at org.javolution.util.FastMap.containsValue(FastMap.java:352)
	at org.javolution.util.internal.map.ValuesImpl.contains(ValuesImpl.java:65)
	at org.javolution.util.FastMap.containsValue(FastMap.java:352)
	at org.javolution.util.internal.map.ValuesImpl.contains(ValuesImpl.java:65)
	at org.javolution.util.FastMap.containsValue(FastMap.java:352)
	at org.javolution.util.internal.map.ValuesImpl.contains(ValuesImpl.java:65)
	at org.javolution.util.FastMap.containsValue(FastMap.java:352)
	at org.javolution.util.internal.map.ValuesImpl.contains(ValuesImpl.java:65)
	at org.javolution.util.FastMap.containsValue(FastMap.java:352)
	at org.javolution.util.internal.map.ValuesImpl.contains(ValuesImpl.java:65)
	at org.javolution.util.FastMap.containsValue(FastMap.java:352)
	at org.javolution.util.internal.map.ValuesImpl.contains(ValuesImpl.java:65)
	at org.javolution.util.FastMap.containsValue(FastMap.java:352)
	at org.javolution.util.internal.map.ValuesImpl.contains(ValuesImpl.java:65)
	at org.javolution.util.FastMap.containsValue(FastMap.java:352)
	at org.javolution.util.internal.map.ValuesImpl.contains(ValuesImpl.java:65)
	at org.javolution.util.FastMap.containsValue(FastMap.java:352)
	at org.javolution.util.internal.map.ValuesImpl.contains(ValuesImpl.java:65)
	at org.javolution.util.FastMap.containsValue(FastMap.java:352)
	at org.javolution.util.internal.map.ValuesImpl.contains(ValuesImpl.java:65)
	at org.javolution.util.FastMap.containsValue(FastMap.java:352)
	at org.javolution.util.internal.map.ValuesImpl.contains(ValuesImpl.java:65)
	at org.javolution.util.FastMap.containsValue(FastMap.java:352)
	at org.javolution.util.internal.map.ValuesImpl.contains(ValuesImpl.java:65)
	at org.javolution.util.FastMap.containsValue(FastMap.java:352)
	at org.javolution.util.internal.map.ValuesImpl.contains(ValuesImpl.java:65)
	at org.javolution.util.FastMap.containsValue(FastMap.java:352)
	at org.javolution.util.internal.map.ValuesImpl.contains(ValuesImpl.java:65)
	at org.javolution.util.FastMap.containsValue(FastMap.java:352)
	at org.javolution.util.internal.map.ValuesImpl.contains(ValuesImpl.java:65)
	at org.javolution.util.FastMap.containsValue(FastMap.java:352)
	at org.javolution.util.internal.map.ValuesImpl.contains(ValuesImpl.java:65)
	at org.javolution.util.FastMap.containsValue(FastMap.java:352)
	at org.javolution.util.internal.map.ValuesImpl.contains(ValuesImpl.java:65)
	at org.javolution.util.FastMap.containsValue(FastMap.java:352)
	at org.javolution.util.internal.map.ValuesImpl.contains(ValuesImpl.java:65)
	at org.javolution.util.FastMap.containsValue(FastMap.java:352)
	at org.javolution.util.internal.map.ValuesImpl.contains(ValuesImpl.java:65)
	at org.javolution.util.FastMap.containsValue(FastMap.java:352)
	at org.javolution.util.internal.map.ValuesImpl.contains(ValuesImpl.java:65)
	at org.javolution.util.FastMap.containsValue(FastMap.java:352)
	at org.javolution.util.internal.map.ValuesImpl.contains(ValuesImpl.java:65)
	at org.javolution.util.FastMap.containsValue(FastMap.java:352)
	at org.javolution.util.internal.map.ValuesImpl.contains(ValuesImpl.java:65)
	at org.javolution.util.FastMap.containsValue(FastMap.java:352)
	at org.javolution.util.internal.map.ValuesImpl.contains(ValuesImpl.java:65)
	at org.javolution.util.FastMap.containsValue(FastMap.java:352)
	at org.javolution.util.internal.map.ValuesImpl.contains(ValuesImpl.java:65)
	at org.javolution.util.FastMap.containsValue(FastMap.java:352)
	at org.javolution.util.internal.map.ValuesImpl.contains(ValuesImpl.java:65)
	at org.javolution.util.FastMap.containsValue(FastMap.java:352)
	at org.javolution.util.internal.map.ValuesImpl.contains(ValuesImpl.java:65)
	at org.javolution.util.FastMap.containsValue(FastMap.java:352)
	at org.javolution.util.internal.map.ValuesImpl.contains(ValuesImpl.java:65)
	at org.javolution.util.FastMap.containsValue(FastMap.java:352)
	at org.javolution.util.internal.map.ValuesImpl.contains(ValuesImpl.java:65)
	at org.javolution.util.FastMap.containsValue(FastMap.java:352)
	at org.javolution.util.internal.map.ValuesImpl.contains(ValuesImpl.java:65)
	at org.javolution.util.FastMap.containsValue(FastMap.java:352)
	at org.javolution.util.internal.map.ValuesImpl.contains(ValuesImpl.java:65)
	at org.javolution.util.FastMap.containsValue(FastMap.java:352)
	at org.javolution.util.internal.map.ValuesImpl.contains(ValuesImpl.java:65)
	at org.javolution.util.FastMap.containsValue(FastMap.java:352)
	at org.javolution.util.internal.map.ValuesImpl.contains(ValuesImpl.java:65)
	at org.javolution.util.FastMap.containsValue(FastMap.java:352)
	at org.javolution.util.internal.map.ValuesImpl.contains(ValuesImpl.java:65)
	at org.javolution.util.FastMap.containsValue(FastMap.java:352)
	at org.javolution.util.internal.map.ValuesImpl.contains(ValuesImpl.java:65)
	at org.javolution.util.FastMap.containsValue(FastMap.java:352)
	at org.javolution.util.internal.map.ValuesImpl.contains(ValuesImpl.java:65)
	at org.javolution.util.FastMap.containsValue(FastMap.java:352)
	at org.javolution.util.internal.map.ValuesImpl.contains(ValuesImpl.java:65)
	at org.javolution.util.FastMap.containsValue(FastMap.java:352)
	at org.javolution.util.internal.map.ValuesImpl.contains(ValuesImpl.java:65)
	at org.javolution.util.FastMap.containsValue(FastMap.java:352)
	at org.javolution.util.internal.map.ValuesImpl.contains(ValuesImpl.java:65)
	at org.javolution.util.FastMap.containsValue(FastMap.java:352)
	at org.javolution.util.internal.map.ValuesImpl.contains(ValuesImpl.java:65)
	at org.javolution.util.FastMap.containsValue(FastMap.java:352)
	at org.javolution.util.internal.map.ValuesImpl.contains(ValuesImpl.java:65)
	at org.javolution.util.FastMap.containsValue(FastMap.java:352)
	at org.javolution.util.internal.map.ValuesImpl.contains(ValuesImpl.java:65)
	at org.javolution.util.FastMap.containsValue(FastMap.java:352)
	at org.javolution.util.internal.map.ValuesImpl.contains(ValuesImpl.java:65)
	at org.javolution.util.FastMap.containsValue(FastMap.java:352)
	at org.javolution.util.internal.map.ValuesImpl.contains(ValuesImpl.java:65)
	at org.javolution.util.FastMap.containsValue(FastMap.java:352)
	at org.javolution.util.internal.map.ValuesImpl.contains(ValuesImpl.java:65)
	at org.javolution.util.FastMap.containsValue(FastMap.java:352)
	at org.javolution.util.internal.map.ValuesImpl.contains(ValuesImpl.java:65)
	at org.javolution.util.FastMap.containsValue(FastMap.java:352)
	at org.javolution.util.internal.map.ValuesImpl.contains(ValuesImpl.java:65)
	at org.javolution.util.FastMap.containsValue(FastMap.java:352)
	at org.javolution.util.internal.map.ValuesImpl.contains(ValuesImpl.java:65)
	at org.javolution.util.FastMap.containsValue(FastMap.java:352)
	at org.javolution.util.internal.map.ValuesImpl.contains(ValuesImpl.java:65)
	at org.javolution.util.FastMap.containsValue(FastMap.java:352)
	at org.javolution.util.internal.map.ValuesImpl.contains(ValuesImpl.java:65)
	at org.javolution.util.FastMap.containsValue(FastMap.java:352)
	at org.javolution.util.internal.map.ValuesImpl.contains(ValuesImpl.java:65)
	at org.javolution.util.FastMap.containsValue(FastMap.java:352)
	at org.javolution.util.internal.map.ValuesImpl.contains(ValuesImpl.java:65)
	at org.javolution.util.FastMap.containsValue(FastMap.java:352)
	at org.javolution.util.internal.map.ValuesImpl.contains(ValuesImpl.java:65)
	at org.javolution.util.FastMap.containsValue(FastMap.java:352)
	at org.javolution.util.internal.map.ValuesImpl.contains(ValuesImpl.java:65)
	at org.javolution.util.FastMap.containsValue(FastMap.java:352)
	at org.javolution.util.internal.map.ValuesImpl.contains(ValuesImpl.java:65)
	at org.javolution.util.FastMap.containsValue(FastMap.java:352)
	at org.javolution.util.internal.map.ValuesImpl.contains(ValuesImpl.java:65)
	at org.javolution.util.FastMap.containsValue(FastMap.java:352)
	at org.javolution.util.internal.map.ValuesImpl.contains(ValuesImpl.java:65)
	at org.javolution.util.FastMap.containsValue(FastMap.java:352)
	at org.javolution.util.internal.map.ValuesImpl.contains(ValuesImpl.java:65)
	at org.javolution.util.FastMap.containsValue(FastMap.java:352)
	at org.javolution.util.internal.map.ValuesImpl.contains(ValuesImpl.java:65)
	at org.javolution.util.FastMap.containsValue(FastMap.java:352)
	at org.javolution.util.internal.map.ValuesImpl.contains(ValuesImpl.java:65)
	at org.javolution.util.FastMap.containsValue(FastMap.java:352)
	at org.javolution.util.internal.map.ValuesImpl.contains(ValuesImpl.java:65)
	at org.javolution.util.FastMap.containsValue(FastMap.java:352)
	at org.javolution.util.internal.map.ValuesImpl.contains(ValuesImpl.java:65)
	at org.javolution.util.FastMap.containsValue(FastMap.java:352)
	at org.javolution.util.internal.map.ValuesImpl.contains(ValuesImpl.java:65)
	at org.javolution.util.FastMap.containsValue(FastMap.java:352)
	at org.javolution.util.internal.map.ValuesImpl.contains(ValuesImpl.java:65)
	at org.javolution.util.FastMap.containsValue(FastMap.java:352)
	at org.javolution.util.internal.map.ValuesImpl.contains(ValuesImpl.java:65)
	at org.javolution.util.FastMap.containsValue(FastMap.java:352)
	at org.javolution.util.internal.map.ValuesImpl.contains(ValuesImpl.java:65)
	at org.javolution.util.FastMap.containsValue(FastMap.java:352)
	at org.javolution.util.internal.map.ValuesImpl.contains(ValuesImpl.java:65)
	at org.javolution.util.FastMap.containsValue(FastMap.java:352)
	at org.javolution.util.internal.map.ValuesImpl.contains(ValuesImpl.java:65)
	at org.javolution.util.FastMap.containsValue(FastMap.java:352)
	at org.javolution.util.internal.map.ValuesImpl.contains(ValuesImpl.java:65)
	at org.javolution.util.FastMap.containsValue(FastMap.java:352)
	at org.javolution.util.internal.map.ValuesImpl.contains(ValuesImpl.java:65)
	at org.javolution.util.FastMap.containsValue(FastMap.java:352)
	at org.javolution.util.internal.map.ValuesImpl.contains(ValuesImpl.java:65)
	at org.javolution.util.FastMap.containsValue(FastMap.java:352)
	at org.javolution.util.internal.map.ValuesImpl.contains(ValuesImpl.java:65)
	at org.javolution.util.FastMap.containsValue(FastMap.java:352)
	at org.javolution.util.internal.map.ValuesImpl.contains(ValuesImpl.java:65)
	at org.javolution.util.FastMap.containsValue(FastMap.java:352)
	at org.javolution.util.internal.map.ValuesImpl.contains(ValuesImpl.java:65)
	at org.javolution.util.FastMap.containsValue(FastMap.java:352)
	at org.javolution.util.internal.map.ValuesImpl.contains(ValuesImpl.java:65)
	at org.javolution.util.FastMap.containsValue(FastMap.java:352)
	at org.javolution.util.internal.map.ValuesImpl.contains(ValuesImpl.java:65)
	at org.javolution.util.FastMap.containsValue(FastMap.java:352)
	at org.javolution.util.internal.map.ValuesImpl.contains(ValuesImpl.java:65)
	at org.javolution.util.FastMap.containsValue(FastMap.java:352)
	at org.javolution.util.internal.map.ValuesImpl.contains(ValuesImpl.java:65)
	at org.javolution.util.FastMap.containsValue(FastMap.java:352)
	at org.javolution.util.internal.map.ValuesImpl.contains(ValuesImpl.java:65)
	at org.javolution.util.FastMap.containsValue(FastMap.java:352)
	at org.javolution.util.internal.map.ValuesImpl.contains(ValuesImpl.java:65)
	at org.javolution.util.FastMap.containsValue(FastMap.java:352)
	at org.javolution.util.internal.map.ValuesImpl.contains(ValuesImpl.java:65)
	at org.javolution.util.FastMap.containsValue(FastMap.java:352)
	at org.javolution.util.internal.map.ValuesImpl.contains(ValuesImpl.java:65)
	at org.javolution.util.FastMap.containsValue(FastMap.java:352)
	at org.javolution.util.internal.map.ValuesImpl.contains(ValuesImpl.java:65)
	at org.javolution.util.FastMap.containsValue(FastMap.java:352)
	at org.javolution.util.internal.map.ValuesImpl.contains(ValuesImpl.java:65)
	at org.javolution.util.FastMap.containsValue(FastMap.java:352)
	at org.javolution.util.internal.map.ValuesImpl.contains(ValuesImpl.java:65)
	at org.javolution.util.FastMap.containsValue(FastMap.java:352)
	at org.javolution.util.internal.map.ValuesImpl.contains(ValuesImpl.java:65)
	at org.javolution.util.FastMap.containsValue(FastMap.java:352)
	at org.javolution.util.internal.map.ValuesImpl.contains(ValuesImpl.java:65)
	at org.javolution.util.FastMap.containsValue(FastMap.java:352)
	at org.javolution.util.internal.map.ValuesImpl.contains(ValuesImpl.java:65)
	at org.javolution.util.FastMap.containsValue(FastMap.java:352)
	at org.javolution.util.internal.map.ValuesImpl.contains(ValuesImpl.java:65)
	at org.javolution.util.FastMap.containsValue(FastMap.java:352)
	at org.javolution.util.internal.map.ValuesImpl.contains(ValuesImpl.java:65)
	at org.javolution.util.FastMap.containsValue(FastMap.java:352)
	at org.javolution.util.internal.map.ValuesImpl.contains(ValuesImpl.java:65)
	at org.javolution.util.FastMap.containsValue(FastMap.java:352)
	at org.javolution.util.internal.map.ValuesImpl.contains(ValuesImpl.java:65)
	at org.javolution.util.FastMap.containsValue(FastMap.java:352)
	at org.javolution.util.internal.map.ValuesImpl.contains(ValuesImpl.java:65)
	at org.javolution.util.FastMap.containsValue(FastMap.java:352)
	at org.javolution.util.internal.map.ValuesImpl.contains(ValuesImpl.java:65)
	at org.javolution.util.FastMap.containsValue(FastMap.java:352)
	at org.javolution.util.internal.map.ValuesImpl.contains(ValuesImpl.java:65)
	at org.javolution.util.FastMap.containsValue(FastMap.java:352)
	at org.javolution.util.internal.map.ValuesImpl.contains(ValuesImpl.java:65)
	at org.javolution.util.FastMap.containsValue(FastMap.java:352)
	at org.javolution.util.internal.map.ValuesImpl.contains(ValuesImpl.java:65)
	at org.javolution.util.FastMap.containsValue(FastMap.java:352)
	at org.javolution.util.internal.map.ValuesImpl.contains(ValuesImpl.java:65)
	at org.javolution.util.FastMap.containsValue(FastMap.java:352)
	at org.javolution.util.internal.map.ValuesImpl.contains(ValuesImpl.java:65)
	at org.javolution.util.FastMap.containsValue(FastMap.java:352)
	at org.javolution.util.internal.map.ValuesImpl.contains(ValuesImpl.java:65)
	at org.javolution.util.FastMap.containsValue(FastMap.java:352)
	at org.javolution.util.internal.map.ValuesImpl.contains(ValuesImpl.java:65)
	at org.javolution.util.FastMap.containsValue(FastMap.java:352)
	at org.javolution.util.internal.map.ValuesImpl.contains(ValuesImpl.java:65)
	at org.javolution.util.FastMap.containsValue(FastMap.java:352)
	at org.javolution.util.internal.map.ValuesImpl.contains(ValuesImpl.java:65)
	at org.javolution.util.FastMap.containsValue(FastMap.java:352)
	at org.javolution.util.internal.map.ValuesImpl.contains(ValuesImpl.java:65)
	at org.javolution.util.FastMap.containsValue(FastMap.java:352)
	at org.javolution.util.internal.map.ValuesImpl.contains(ValuesImpl.java:65)
	at org.javolution.util.FastMap.containsValue(FastMap.java:352)
	at org.javolution.util.internal.map.ValuesImpl.contains(ValuesImpl.java:65)
	at org.javolution.util.FastMap.containsValue(FastMap.java:352)
	at org.javolution.util.internal.map.ValuesImpl.contains(ValuesImpl.java:65)
	at org.javolution.util.FastMap.containsValue(FastMap.java:352)
	at org.javolution.util.internal.map.ValuesImpl.contains(ValuesImpl.java:65)
	at org.javolution.util.FastMap.containsValue(FastMap.java:352)
	at org.javolution.util.internal.map.ValuesImpl.contains(ValuesImpl.java:65)
	at org.javolution.util.FastMap.containsValue(FastMap.java:352)
	at org.javolution.util.internal.map.ValuesImpl.contains(ValuesImpl.java:65)
	at org.javolution.util.FastMap.containsValue(FastMap.java:352)
	at org.javolution.util.internal.map.ValuesImpl.contains(ValuesImpl.java:65)
	at org.javolution.util.FastMap.containsValue(FastMap.java:352)
	at org.javolution.util.internal.map.ValuesImpl.contains(ValuesImpl.java:65)
	at org.javolution.util.FastMap.containsValue(FastMap.java:352)
	at org.javolution.util.internal.map.ValuesImpl.contains(ValuesImpl.java:65)
	at org.javolution.util.FastMap.containsValue(FastMap.java:352)
	at org.javolution.util.internal.map.ValuesImpl.contains(ValuesImpl.java:65)
	at org.javolution.util.FastMap.containsValue(FastMap.java:352)
	at org.javolution.util.internal.map.ValuesImpl.contains(ValuesImpl.java:65)
	at org.javolution.util.FastMap.containsValue(FastMap.java:352)
	at org.javolution.util.internal.map.ValuesImpl.contains(ValuesImpl.java:65)
	at org.javolution.util.FastMap.containsValue(FastMap.java:352)
	at org.javolution.util.internal.map.ValuesImpl.contains(ValuesImpl.java:65)
	at org.javolution.util.FastMap.containsValue(FastMap.java:352)
	at org.javolution.util.internal.map.ValuesImpl.contains(ValuesImpl.java:65)
	at org.javolution.util.FastMap.containsValue(FastMap.java:352)
	at org.javolution.util.internal.map.ValuesImpl.contains(ValuesImpl.java:65)
	at org.javolution.util.FastMap.containsValue(FastMap.java:352)
	at org.javolution.util.internal.map.ValuesImpl.contains(ValuesImpl.java:65)
	at org.javolution.util.FastMap.containsValue(FastMap.java:352)
	at org.javolution.util.internal.map.ValuesImpl.contains(ValuesImpl.java:65)
	at org.javolution.util.FastMap.containsValue(FastMap.java:352)
	at org.javolution.util.internal.map.ValuesImpl.contains(ValuesImpl.java:65)
	at org.javolution.util.FastMap.containsValue(FastMap.java:352)
	at org.javolution.util.internal.map.ValuesImpl.contains(ValuesImpl.java:65)
	at org.javolution.util.FastMap.containsValue(FastMap.java:352)
	at org.javolution.util.internal.map.ValuesImpl.contains(ValuesImpl.java:65)
	at org.javolution.util.FastMap.containsValue(FastMap.java:352)
	at org.javolution.util.internal.map.ValuesImpl.contains(ValuesImpl.java:65)
	at org.javolution.util.FastMap.containsValue(FastMap.java:352)
	at org.javolution.util.internal.map.ValuesImpl.contains(ValuesImpl.java:65)
	at org.javolution.util.FastMap.containsValue(FastMap.java:352)
	at org.javolution.util.internal.map.ValuesImpl.contains(ValuesImpl.java:65)
	at org.javolution.util.FastMap.containsValue(FastMap.java:352)
	at org.javolution.util.internal.map.ValuesImpl.contains(ValuesImpl.java:65)
	at org.javolution.util.FastMap.containsValue(FastMap.java:352)
	at org.javolution.util.internal.map.ValuesImpl.contains(ValuesImpl.java:65)
	at org.javolution.util.FastMap.containsValue(FastMap.java:352)
	at org.javolution.util.internal.map.ValuesImpl.contains(ValuesImpl.java:65)
	at org.javolution.util.FastMap.containsValue(FastMap.java:352)
	at org.javolution.util.internal.map.ValuesImpl.contains(ValuesImpl.java:65)
	at org.javolution.util.FastMap.containsValue(FastMap.java:352)
	at org.javolution.util.internal.map.ValuesImpl.contains(ValuesImpl.java:65)
	at org.javolution.util.FastMap.containsValue(FastMap.java:352)
	at org.javolution.util.internal.map.ValuesImpl.contains(ValuesImpl.java:65)
	at org.javolution.util.FastMap.containsValue(FastMap.java:352)
	at org.javolution.util.internal.map.ValuesImpl.contains(ValuesImpl.java:65)
	at org.javolution.util.FastMap.containsValue(FastMap.java:352)
	at org.javolution.util.internal.map.ValuesImpl.contains(ValuesImpl.java:65)
	at org.javolution.util.FastMap.containsValue(FastMap.java:352)
	at org.javolution.util.internal.map.ValuesImpl.contains(ValuesImpl.java:65)
	at org.javolution.util.FastMap.containsValue(FastMap.java:352)
	at org.javolution.util.internal.map.ValuesImpl.contains(ValuesImpl.java:65)
	at org.javolution.util.FastMap.containsValue(FastMap.java:352)
	at org.javolution.util.internal.map.ValuesImpl.contains(ValuesImpl.java:65)
	at org.javolution.util.FastMap.containsValue(FastMap.java:352)
	at org.javolution.util.internal.map.ValuesImpl.contains(ValuesImpl.java:65)
	at org.javolution.util.FastMap.containsValue(FastMap.java:352)
	at org.javolution.util.internal.map.ValuesImpl.contains(ValuesImpl.java:65)
	at org.javolution.util.FastMap.containsValue(FastMap.java:352)
	at org.javolution.util.internal.map.ValuesImpl.contains(ValuesImpl.java:65)
	at org.javolution.util.FastMap.containsValue(FastMap.java:352)
	at org.javolution.util.internal.map.ValuesImpl.contains(ValuesImpl.java:65)
	at org.javolution.util.FastMap.containsValue(FastMap.java:352)
	at org.javolution.util.internal.map.ValuesImpl.contains(ValuesImpl.java:65)
	at org.javolution.util.FastMap.containsValue(FastMap.java:352)
	at org.javolution.util.internal.map.ValuesImpl.contains(ValuesImpl.java:65)
	at org.javolution.util.FastMap.containsValue(FastMap.java:352)
	at org.javolution.util.internal.map.ValuesImpl.contains(ValuesImpl.java:65)
	at org.javolution.util.FastMap.containsValue(FastMap.java:352)
	at org.javolution.util.internal.map.ValuesImpl.contains(ValuesImpl.java:65)
	at org.javolution.util.FastMap.containsValue(FastMap.java:352)
	at org.javolution.util.internal.map.ValuesImpl.contains(ValuesImpl.java:65)
	at org.javolution.util.FastMap.containsValue(FastMap.java:352)
	at org.javolution.util.internal.map.ValuesImpl.contains(ValuesImpl.java:65)
	at org.javolution.util.FastMap.containsValue(FastMap.java:352)
	at org.javolution.util.internal.map.ValuesImpl.contains(ValuesImpl.java:65)
	at org.javolution.util.FastMap.containsValue(FastMap.java:352)
	at org.javolution.util.internal.map.ValuesImpl.contains(ValuesImpl.java:65)
	at org.javolution.util.FastMap.containsValue(FastMap.java:352)
	at org.javolution.util.internal.map.ValuesImpl.contains(ValuesImpl.java:65)
	at org.javolution.util.FastMap.containsValue(FastMap.java:352)
	at org.javolution.util.internal.map.ValuesImpl.contains(ValuesImpl.java:65)
	at org.javolution.util.FastMap.containsValue(FastMap.java:352)
	at org.javolution.util.internal.map.ValuesImpl.contains(ValuesImpl.java:65)
	at org.javolution.util.FastMap.containsValue(FastMap.java:352)
	at org.javolution.util.internal.map.ValuesImpl.contains(ValuesImpl.java:65)
	at org.javolution.util.FastMap.containsValue(FastMap.java:352)
	at org.javolution.util.internal.map.ValuesImpl.contains(ValuesImpl.java:65)
	at org.javolution.util.FastMap.containsValue(FastMap.java:352)
	at org.javolution.util.internal.map.ValuesImpl.contains(ValuesImpl.java:65)
	at org.javolution.util.FastMap.containsValue(FastMap.java:352)
	at org.javolution.util.internal.map.ValuesImpl.contains(ValuesImpl.java:65)
	at org.javolution.util.FastMap.containsValue(FastMap.java:352)
	at org.javolution.util.internal.map.ValuesImpl.contains(ValuesImpl.java:65)
	at org.javolution.util.FastMap.containsValue(FastMap.java:352)
	at org.javolution.util.internal.map.ValuesImpl.contains(ValuesImpl.java:65)
	at org.javolution.util.FastMap.containsValue(FastMap.java:352)
	at org.javolution.util.internal.map.ValuesImpl.contains(ValuesImpl.java:65)
	at org.javolution.util.FastMap.containsValue(FastMap.java:352)
	at org.javolution.util.internal.map.ValuesImpl.contains(ValuesImpl.java:65)
	at org.javolution.util.FastMap.containsValue(FastMap.java:352)
	at org.javolution.util.internal.map.ValuesImpl.contains(ValuesImpl.java:65)
	at org.javolution.util.FastMap.containsValue(FastMap.java:352)
	at org.javolution.util.internal.map.ValuesImpl.contains(ValuesImpl.java:65)
	at org.javolution.util.FastMap.containsValue(FastMap.java:352)
	at org.javolution.util.internal.map.ValuesImpl.contains(ValuesImpl.java:65)
	at org.javolution.util.FastMap.containsValue(FastMap.java:352)
	at org.javolution.util.internal.map.ValuesImpl.contains(ValuesImpl.java:65)
	at org.javolution.util.FastMap.containsValue(FastMap.java:352)
	at org.javolution.util.internal.map.ValuesImpl.contains(ValuesImpl.java:65)
	at org.javolution.util.FastMap.containsValue(FastMap.java:352)
	at org.javolution.util.internal.map.ValuesImpl.contains(ValuesImpl.java:65)
	at org.javolution.util.FastMap.containsValue(FastMap.java:352)
	at org.javolution.util.internal.map.ValuesImpl.contains(ValuesImpl.java:65)
	at org.javolution.util.FastMap.containsValue(FastMap.java:352)
	at org.javolution.util.internal.map.ValuesImpl.contains(ValuesImpl.java:65)
	at org.javolution.util.FastMap.containsValue(FastMap.java:352)
	at org.javolution.util.internal.map.ValuesImpl.contains(ValuesImpl.java:65)
	at org.javolution.util.FastMap.containsValue(FastMap.java:352)
	at org.javolution.util.internal.map.ValuesImpl.contains(ValuesImpl.java:65)
	at org.javolution.util.FastMap.containsValue(FastMap.java:352)
	at org.javolution.util.internal.map.ValuesImpl.contains(ValuesImpl.java:65)
	at org.javolution.util.FastMap.containsValue(FastMap.java:352)
	at org.javolution.util.internal.map.ValuesImpl.contains(ValuesImpl.java:65)
	at org.javolution.util.FastMap.containsValue(FastMap.java:352)
	at org.javolution.util.internal.map.ValuesImpl.contains(ValuesImpl.java:65)
	at org.javolution.util.FastMap.containsValue(FastMap.java:352)
	at org.javolution.util.internal.map.ValuesImpl.contains(ValuesImpl.java:65)
	at org.javolution.util.FastMap.containsValue(FastMap.java:352)
	at org.javolution.util.internal.map.ValuesImpl.contains(ValuesImpl.java:65)
	at org.javolution.util.FastMap.containsValue(FastMap.java:352)
	at org.javolution.util.internal.map.ValuesImpl.contains(ValuesImpl.java:65)
	at org.javolution.util.FastMap.containsValue(FastMap.java:352)
	at org.javolution.util.internal.map.ValuesImpl.contains(ValuesImpl.java:65)
	at org.javolution.util.FastMap.containsValue(FastMap.java:352)
	at org.javolution.util.internal.map.ValuesImpl.contains(ValuesImpl.java:65)
	at org.javolution.util.FastMap.containsValue(FastMap.java:352)
	at org.javolution.util.internal.map.ValuesImpl.contains(ValuesImpl.java:65)
	at org.javolution.util.FastMap.containsValue(FastMap.java:352)
	at org.javolution.util.internal.map.ValuesImpl.contains(ValuesImpl.java:65)
	at org.javolution.util.FastMap.containsValue(FastMap.java:352)
	at org.javolution.util.internal.map.ValuesImpl.contains(ValuesImpl.java:65)
	at org.javolution.util.FastMap.containsValue(FastMap.java:352)
	at org.javolution.util.internal.map.ValuesImpl.contains(ValuesImpl.java:65)
	at org.javolution.util.FastMap.containsValue(FastMap.java:352)
	at org.javolution.util.internal.map.ValuesImpl.contains(ValuesImpl.java:65)
	at org.javolution.util.FastMap.containsValue(FastMap.java:352)
	at org.javolution.util.internal.map.ValuesImpl.contains(ValuesImpl.java:65)
	at org.javolution.util.FastMap.containsValue(FastMap.java:352)
	at org.javolution.util.internal.map.ValuesImpl.contains(ValuesImpl.java:65)
	at org.javolution.util.FastMap.containsValue(FastMap.java:352)
	at org.javolution.util.internal.map.ValuesImpl.contains(ValuesImpl.java:65)
	at org.javolution.util.FastMap.containsValue(FastMap.java:352)
	at org.javolution.util.internal.map.ValuesImpl.contains(ValuesImpl.java:65)
	at org.javolution.util.FastMap.containsValue(FastMap.java:352)
	at org.javolution.util.internal.map.ValuesImpl.contains(ValuesImpl.java:65)
	at org.javolution.util.FastMap.containsValue(FastMap.java:352)
	at org.javolution.util.internal.map.ValuesImpl.contains(ValuesImpl.java:65)
	at org.javolution.util.FastMap.containsValue(FastMap.java:352)
	at org.javolution.util.internal.map.ValuesImpl.contains(ValuesImpl.java:65)
	at org.javolution.util.FastMap.containsValue(FastMap.java:352)
	at org.javolution.util.internal.map.ValuesImpl.contains(ValuesImpl.java:65)
	at org.javolution.util.FastMap.containsValue(FastMap.java:352)
	at org.javolution.util.internal.map.ValuesImpl.contains(ValuesImpl.java:65)
	at org.javolution.util.FastMap.containsValue(FastMap.java:352)
	at org.javolution.util.internal.map.ValuesImpl.contains(ValuesImpl.java:65)
	at org.javolution.util.FastMap.containsValue(FastMap.java:352)
	at org.javolution.util.internal.map.ValuesImpl.contains(ValuesImpl.java:65)
	at org.javolution.util.FastMap.containsValue(FastMap.java:352)
	at org.javolution.util.internal.map.ValuesImpl.contains(ValuesImpl.java:65)
	at org.javolution.util.FastMap.containsValue(FastMap.java:352)
	at org.javolution.util.internal.map.ValuesImpl.contains(ValuesImpl.java:65)
	at org.javolution.util.FastMap.containsValue(FastMap.java:352)
	at org.javolution.util.internal.map.ValuesImpl.contains(ValuesImpl.java:65)
	at org.javolution.util.FastMap.containsValue(FastMap.java:352)
	at org.javolution.util.internal.map.ValuesImpl.contains(ValuesImpl.java:65)
	at org.javolution.util.FastMap.containsValue(FastMap.java:352)
	at org.javolution.util.internal.map.ValuesImpl.contains(ValuesImpl.java:65)
	at org.javolution.util.FastMap.containsValue(FastMap.java:352)
	at org.javolution.util.internal.map.ValuesImpl.contains(ValuesImpl.java:65)
	at org.javolution.util.FastMap.containsValue(FastMap.java:352)
	at org.javolution.util.internal.map.ValuesImpl.contains(ValuesImpl.java:65)
	at org.javolution.util.FastMap.containsValue(FastMap.java:352)
	at org.javolution.util.internal.map.ValuesImpl.contains(ValuesImpl.java:65)
	at org.javolution.util.FastMap.containsValue(FastMap.java:352)
	at org.javolution.util.internal.map.ValuesImpl.contains(ValuesImpl.java:65)
	at org.javolution.util.FastMap.containsValue(FastMap.java:352)
	at org.javolution.util.internal.map.ValuesImpl.contains(ValuesImpl.java:65)
	at org.javolution.util.FastMap.containsValue(FastMap.java:352)
	at org.javolution.util.internal.map.ValuesImpl.contains(ValuesImpl.java:65)
	at org.javolution.util.FastMap.containsValue(FastMap.java:352)
	at org.javolution.util.internal.map.ValuesImpl.contains(ValuesImpl.java:65)
	at org.javolution.util.FastMap.containsValue(FastMap.java:352)
	at org.javolution.util.internal.map.ValuesImpl.contains(ValuesImpl.java:65)
	at org.javolution.util.FastMap.containsValue(FastMap.java:352)
	at org.javolution.util.internal.map.ValuesImpl.contains(ValuesImpl.java:65)
	at org.javolution.util.FastMap.containsValue(FastMap.java:352)
	at org.javolution.util.internal.map.ValuesImpl.contains(ValuesImpl.java:65)
	at org.javolution.util.FastMap.containsValue(FastMap.java:352)
	at org.javolution.util.internal.map.ValuesImpl.contains(ValuesImpl.java:65)
	at org.javolution.util.FastMap.containsValue(FastMap.java:352)
	at org.javolution.util.internal.map.ValuesImpl.contains(ValuesImpl.java:65)
	at org.javolution.util.FastMap.containsValue(FastMap.java:352)
	at org.javolution.util.internal.map.ValuesImpl.contains(ValuesImpl.java:65)
	at org.javolution.util.FastMap.containsValue(FastMap.java:352)
	at org.javolution.util.internal.map.ValuesImpl.contains(ValuesImpl.java:65)
	at org.javolution.util.FastMap.containsValue(FastMap.java:352)
	at org.javolution.util.internal.map.ValuesImpl.contains(ValuesImpl.java:65)
	at org.javolution.util.FastMap.containsValue(FastMap.java:352)
	at org.javolution.util.internal.map.ValuesImpl.contains(ValuesImpl.java:65)
	at org.javolution.util.FastMap.containsValue(FastMap.java:352)
	at org.javolution.util.internal.map.ValuesImpl.contains(ValuesImpl.java:65)
	at org.javolution.util.FastMap.containsValue(FastMap.java:352)
	at org.javolution.util.internal.map.ValuesImpl.contains(ValuesImpl.java:65)
	at org.javolution.util.FastMap.containsValue(FastMap.java:352)
	at org.javolution.util.internal.map.ValuesImpl.contains(ValuesImpl.java:65)
	at org.javolution.util.FastMap.containsValue(FastMap.java:352)
	at org.javolution.util.internal.map.ValuesImpl.contains(ValuesImpl.java:65)
	at org.javolution.util.FastMap.containsValue(FastMap.java:352)
	at org.javolution.util.internal.map.ValuesImpl.contains(ValuesImpl.java:65)
	at org.javolution.util.FastMap.containsValue(FastMap.java:352)
	at org.javolution.util.internal.map.ValuesImpl.contains(ValuesImpl.java:65)
	at org.javolution.util.FastMap.containsValue(FastMap.java:352)
	at org.javolution.util.internal.map.ValuesImpl.contains(ValuesImpl.java:65)
	at org.javolution.util.FastMap.containsValue(FastMap.java:352)
	at org.javolution.util.internal.map.ValuesImpl.contains(ValuesImpl.java:65)
	at org.javolution.util.FastMap.containsValue(FastMap.java:352)
	at org.javolution.util.internal.map.ValuesImpl.contains(ValuesImpl.java:65)
	at org.javolution.util.FastMap.containsValue(FastMap.java:352)
	at org.javolution.util.internal.map.ValuesImpl.contains(ValuesImpl.java:65)
	at org.javolution.util.FastMap.containsValue(FastMap.java:352)
	at org.javolution.util.internal.map.ValuesImpl.contains(ValuesImpl.java:65)
	at org.javolution.util.FastMap.containsValue(FastMap.java:352)
	at org.javolution.util.internal.map.ValuesImpl.contains(ValuesImpl.java:65)
	at org.javolution.util.FastMap.containsValue(FastMap.java:352)
	at org.javolution.util.internal.map.ValuesImpl.contains(ValuesImpl.java:65)
	at org.javolution.util.FastMap.containsValue(FastMap.java:352)
	at org.javolution.util.internal.map.ValuesImpl.contains(ValuesImpl.java:65)
	at org.javolution.util.FastMap.containsValue(FastMap.java:352)
	at org.javolution.util.internal.map.ValuesImpl.contains(ValuesImpl.java:65)
	at org.javolution.util.FastMap.containsValue(FastMap.java:352)
	at org.javolution.util.internal.map.ValuesImpl.contains(ValuesImpl.java:65)
	at org.javolution.util.FastMap.containsValue(FastMap.java:352)
	at org.javolution.util.internal.map.ValuesImpl.contains(ValuesImpl.java:65)
	at org.javolution.util.FastMap.containsValue(FastMap.java:352)
	at org.javolution.util.internal.map.ValuesImpl.contains(ValuesImpl.java:65)
	at org.javolution.util.FastMap.containsValue(FastMap.java:352)
	at org.javolution.util.internal.map.ValuesImpl.contains(ValuesImpl.java:65)
	at org.javolution.util.FastMap.containsValue(FastMap.java:352)
	at org.javolution.util.internal.map.ValuesImpl.contains(ValuesImpl.java:65)
	at org.javolution.util.FastMap.containsValue(FastMap.java:352)
	at org.javolution.util.internal.map.ValuesImpl.contains(ValuesImpl.java:65)
	at org.javolution.util.FastMap.containsValue(FastMap.java:352)
	at org.javolution.util.internal.map.ValuesImpl.contains(ValuesImpl.java:65)
	at org.javolution.util.FastMap.containsValue(FastMap.java:352)
	at org.javolution.util.internal.map.ValuesImpl.contains(ValuesImpl.java:65)
	at org.javolution.util.FastMap.containsValue(FastMap.java:352)
	at org.javolution.util.internal.map.ValuesImpl.contains(ValuesImpl.java:65)
	at org.javolution.util.FastMap.containsValue(FastMap.java:352)
	at org.javolution.util.internal.map.ValuesImpl.contains(ValuesImpl.java:65)
	at org.javolution.util.FastMap.containsValue(FastMap.java:352)
	at org.javolution.util.internal.map.ValuesImpl.contains(ValuesImpl.java:65)
	at org.javolution.util.FastMap.containsValue(FastMap.java:352)
	at org.javolution.util.internal.map.ValuesImpl.contains(ValuesImpl.java:65)
	at org.javolution.util.FastMap.containsValue(FastMap.java:352)
	at org.javolution.util.internal.map.ValuesImpl.contains(ValuesImpl.java:65)
	at org.javolution.util.FastMap.containsValue(FastMap.java:352)
	at org.javolution.util.internal.map.ValuesImpl.contains(ValuesImpl.java:65)
	at org.javolution.util.FastMap.containsValue(FastMap.java:352)
	at org.javolution.util.internal.map.ValuesImpl.contains(ValuesImpl.java:65)
	at org.javolution.util.FastMap.containsValue(FastMap.java:352)
	at org.javolution.util.internal.map.ValuesImpl.contains(ValuesImpl.java:65)
	at org.javolution.util.FastMap.containsValue(FastMap.java:352)
	at org.javolution.util.internal.map.ValuesImpl.contains(ValuesImpl.java:65)
	at org.javolution.util.FastMap.containsValue(FastMap.java:352)
	at org.javolution.util.internal.map.ValuesImpl.contains(ValuesImpl.java:65)
	at org.javolution.util.FastMap.containsValue(FastMap.java:352)
	at org.javolution.util.internal.map.ValuesImpl.contains(ValuesImpl.java:65)
	at org.javolution.util.FastMap.containsValue(FastMap.java:352)
	at org.javolution.util.internal.map.ValuesImpl.contains(ValuesImpl.java:65)
	at org.javolution.util.FastMap.containsValue(FastMap.java:352)
	at org.javolution.util.internal.map.ValuesImpl.contains(ValuesImpl.java:65)
	at org.javolution.util.FastMap.containsValue(FastMap.java:352)
	at org.javolution.util.internal.map.ValuesImpl.contains(ValuesImpl.java:65)
	at org.javolution.util.FastMap.containsValue(FastMap.java:352)
	at org.javolution.util.internal.map.ValuesImpl.contains(ValuesImpl.java:65)
	at org.javolution.util.FastMap.containsValue(FastMap.java:352)
	at org.javolution.util.internal.map.ValuesImpl.contains(ValuesImpl.java:65)
	at org.javolution.util.FastMap.containsValue(FastMap.java:352)
	at org.javolution.util.internal.map.ValuesImpl.contains(ValuesImpl.java:65)
	at org.javolution.util.FastMap.containsValue(FastMap.java:352)
	at org.javolution.util.internal.map.ValuesImpl.contains(ValuesImpl.java:65)
	at org.javolution.util.FastMap.containsValue(FastMap.java:352)
	at org.javolution.util.internal.map.ValuesImpl.contains(ValuesImpl.java:65)
	at org.javolution.util.FastMap.containsValue(FastMap.java:352)
	at org.javolution.util.internal.map.ValuesImpl.contains(ValuesImpl.java:65)
	at org.javolution.util.FastMap.containsValue(FastMap.java:352)
	at org.javolution.util.internal.map.ValuesImpl.contains(ValuesImpl.java:65)
	at org.javolution.util.FastMap.containsValue(FastMap.java:352)
	at org.javolution.util.internal.map.ValuesImpl.contains(ValuesImpl.java:65)
	at org.javolution.util.FastMap.containsValue(FastMap.java:352)
	at org.javolution.util.internal.map.ValuesImpl.contains(ValuesImpl.java:65)
	at org.javolution.util.FastMap.containsValue(FastMap.java:352)
	at org.javolution.util.internal.map.ValuesImpl.contains(ValuesImpl.java:65)
	at org.javolution.util.FastMap.containsValue(FastMap.java:352)
	at org.javolution.util.internal.map.ValuesImpl.contains(ValuesImpl.java:65)
	at org.javolution.util.FastMap.containsValue(FastMap.java:352)
	at org.javolution.util.internal.map.ValuesImpl.contains(ValuesImpl.java:65)
	at org.javolution.util.FastMap.containsValue(FastMap.java:352)
	at org.javolution.util.internal.map.ValuesImpl.contains(ValuesImpl.java:65)
	at org.javolution.util.FastMap.containsValue(FastMap.java:352)
	at org.javolution.util.internal.map.ValuesImpl.contains(ValuesImpl.java:65)
	at org.javolution.util.FastMap.containsValue(FastMap.java:352)
	at org.javolution.util.internal.map.ValuesImpl.contains(ValuesImpl.java:65)
	at org.javolution.util.FastMap.containsValue(FastMap.java:352)
	at org.javolution.util.internal.map.ValuesImpl.contains(ValuesImpl.java:65)
	at org.javolution.util.FastMap.containsValue(FastMap.java:352)
	at org.javolution.util.internal.map.ValuesImpl.contains(ValuesImpl.java:65)
	at org.javolution.util.FastMap.containsValue(FastMap.java:352)
	at org.javolution.util.internal.map.ValuesImpl.contains(ValuesImpl.java:65)
	at org.javolution.util.FastMap.containsValue(FastMap.java:352)
	at org.javolution.util.internal.map.ValuesImpl.contains(ValuesImpl.java:65)
	at org.javolution.util.FastMap.containsValue(FastMap.java:352)
	at org.javolution.util.internal.map.ValuesImpl.contains(ValuesImpl.java:65)
	at org.javolution.util.FastMap.containsValue(FastMap.java:352)
	at org.javolution.util.internal.map.ValuesImpl.contains(ValuesImpl.java:65)
	at org.javolution.util.FastMap.containsValue(FastMap.java:352)
	at org.javolution.util.internal.map.ValuesImpl.contains(ValuesImpl.java:65)
	at org.javolution.util.FastMap.containsValue(FastMap.java:352)
	at org.javolution.util.internal.map.ValuesImpl.contains(ValuesImpl.java:65)
	at org.javolution.util.FastMap.containsValue(FastMap.java:352)
	at org.javolution.util.internal.map.ValuesImpl.contains(ValuesImpl.java:65)
	at org.javolution.util.FastMap.containsValue(FastMap.java:352)
	at org.javolution.util.internal.map.ValuesImpl.contains(ValuesImpl.java:65)
	at org.javolution.util.FastMap.containsValue(FastMap.java:352)
	at org.javolution.util.internal.map.ValuesImpl.contains(ValuesImpl.java:65)
	at org.javolution.util.FastMap.containsValue(FastMap.java:352)
	at org.javolution.util.internal.map.ValuesImpl.contains(ValuesImpl.java:65)
	at org.javolution.util.FastMap.containsValue(FastMap.java:352)
	at org.javolution.util.internal.map.ValuesImpl.contains(ValuesImpl.java:65)
	at org.javolution.util.FastMap.containsValue(FastMap.java:352)
	at org.javolution.util.internal.map.ValuesImpl.contains(ValuesImpl.java:65)
	at org.javolution.util.FastMap.containsValue(FastMap.java:352)
	at org.javolution.util.internal.map.ValuesImpl.contains(ValuesImpl.java:65)
	at org.javolution.util.FastMap.containsValue(FastMap.java:352)
	at org.javolution.util.internal.map.ValuesImpl.contains(ValuesImpl.java:65)
	at org.javolution.util.FastMap.containsValue(FastMap.java:352)
	at org.javolution.util.internal.map.ValuesImpl.contains(ValuesImpl.java:65)
	at org.javolution.util.FastMap.containsValue(FastMap.java:352)
	at org.javolution.util.internal.map.ValuesImpl.contains(ValuesImpl.java:65)
	at org.javolution.util.FastMap.containsValue(FastMap.java:352)
	at org.javolution.util.internal.map.ValuesImpl.contains(ValuesImpl.java:65)
	at org.javolution.util.FastMap.containsValue(FastMap.java:352)
	at org.javolution.util.internal.map.ValuesImpl.contains(ValuesImpl.java:65)
	at org.javolution.util.FastMap.containsValue(FastMap.java:352)
	at org.javolution.util.internal.map.ValuesImpl.contains(ValuesImpl.java:65)
	at org.javolution.util.FastMap.containsValue(FastMap.java:352)
	at org.javolution.util.internal.map.ValuesImpl.contains(ValuesImpl.java:65)
	at org.javolution.util.FastMap.containsValue(FastMap.java:352)
	at org.javolution.util.internal.map.ValuesImpl.contains(ValuesImpl.java:65)
	at org.javolution.util.FastMap.containsValue(FastMap.java:352)
	at org.javolution.util.internal.map.ValuesImpl.contains(ValuesImpl.java:65)
	at org.javolution.util.FastMap.containsValue(FastMap.java:352)
	at org.javolution.util.internal.map.ValuesImpl.contains(ValuesImpl.java:65)
	at org.javolution.util.FastMap.containsValue(FastMap.java:352)
	at org.javolution.util.internal.map.ValuesImpl.contains(ValuesImpl.java:65)
	at org.javolution.util.FastMap.containsValue(FastMap.java:352)
	at org.javolution.util.internal.map.ValuesImpl.contains(ValuesImpl.java:65)
	at org.javolution.util.FastMap.containsValue(FastMap.java:352)
	at org.javolution.util.internal.map.ValuesImpl.contains(ValuesImpl.java:65)
	at org.javolution.util.FastMap.containsValue(FastMap.java:352)
	at org.javolution.util.internal.map.ValuesImpl.contains(ValuesImpl.java:65)
	at org.javolution.util.FastMap.containsValue(FastMap.java:352)
	at org.javolution.util.internal.map.ValuesImpl.contains(ValuesImpl.java:65)
	at org.javolution.util.FastMap.containsValue(FastMap.java:352)
	at org.javolution.util.internal.map.ValuesImpl.contains(ValuesImpl.java:65)
	at org.javolution.util.FastMap.containsValue(FastMap.java:352)
	at org.javolution.util.internal.map.ValuesImpl.contains(ValuesImpl.java:65)
	at org.javolution.util.FastMap.containsValue(FastMap.java:352)
	at org.javolution.util.internal.map.ValuesImpl.contains(ValuesImpl.java:65)
	at org.javolution.util.FastMap.containsValue(FastMap.java:352)
	at org.javolution.util.internal.map.ValuesImpl.contains(ValuesImpl.java:65)
	at org.javolution.util.FastMap.containsValue(FastMap.java:352)
	at org.javolution.util.internal.map.ValuesImpl.contains(ValuesImpl.java:65)
	at org.javolution.util.FastMap.containsValue(FastMap.java:352)
	at org.javolution.util.internal.map.ValuesImpl.contains(ValuesImpl.java:65)
	at org.javolution.util.FastMap.containsValue(FastMap.java:352)
	at org.javolution.util.internal.map.ValuesImpl.contains(ValuesImpl.java:65)
	at org.javolution.util.FastMap.containsValue(FastMap.java:352)
	at org.javolution.util.internal.map.ValuesImpl.contains(ValuesImpl.java:65)
	at org.javolution.util.FastMap.containsValue(FastMap.java:352)
	at org.javolution.util.internal.map.ValuesImpl.contains(ValuesImpl.java:65)
	at org.javolution.util.FastMap.containsValue(FastMap.java:352)
	at org.javolution.util.internal.map.ValuesImpl.contains(ValuesImpl.java:65)
	at org.javolution.util.FastMap.containsValue(FastMap.java:352)
	at org.javolution.util.internal.map.ValuesImpl.contains(ValuesImpl.java:65)
	at org.javolution.util.FastMap.containsValue(FastMap.java:352)
	at org.javolution.util.internal.map.ValuesImpl.contains(ValuesImpl.java:65)
	at org.javolution.util.FastMap.containsValue(FastMap.java:352)
	at org.javolution.util.internal.map.ValuesImpl.contains(ValuesImpl.java:65)
	at org.javolution.util.FastMap.containsValue(FastMap.java:352)
	at org.javolution.util.internal.map.ValuesImpl.contains(ValuesImpl.java:65)
	at org.javolution.util.FastMap.containsValue(FastMap.java:352)
	at org.javolution.util.internal.map.ValuesImpl.contains(ValuesImpl.java:65)
	at org.javolution.util.FastMap.containsValue(FastMap.java:352)
	at org.javolution.util.internal.map.ValuesImpl.contains(ValuesImpl.java:65)
	at org.javolution.util.FastMap.containsValue(FastMap.java:352)
	at org.javolution.util.internal.map.ValuesImpl.contains(ValuesImpl.java:65)
	at org.javolution.util.FastMap.containsValue(FastMap.java:352)
	at org.javolution.util.internal.map.ValuesImpl.contains(ValuesImpl.java:65)
	at org.javolution.util.FastMap.containsValue(FastMap.java:352)
	at org.javolution.util.internal.map.ValuesImpl.contains(ValuesImpl.java:65)
	at org.javolution.util.FastMap.containsValue(FastMap.java:352)
	at org.javolution.util.internal.map.ValuesImpl.contains(ValuesImpl.java:65)
	at org.javolution.util.FastMap.containsValue(FastMap.java:352)
	at org.javolution.util.internal.map.ValuesImpl.contains(ValuesImpl.java:65)
	at org.javolution.util.FastMap.containsValue(FastMap.java:352)
	at org.javolution.util.internal.map.ValuesImpl.contains(ValuesImpl.java:65)
	at org.javolution.util.FastMap.containsValue(FastMap.java:352)
	at org.javolution.util.internal.map.ValuesImpl.contains(ValuesImpl.java:65)
	at org.javolution.util.FastMap.containsValue(FastMap.java:352)
	at org.javolution.util.internal.map.ValuesImpl.contains(ValuesImpl.java:65)
	at org.javolution.util.FastMap.containsValue(FastMap.java:352)
	at org.javolution.util.internal.map.ValuesImpl.contains(ValuesImpl.java:65)
	at org.javolution.util.FastMap.containsValue(FastMap.java:352)
	at org.javolution.util.internal.map.ValuesImpl.contains(ValuesImpl.java:65)
	at org.javolution.util.FastMap.containsValue(FastMap.java:352)
	at org.javolution.util.internal.map.ValuesImpl.contains(ValuesImpl.java:65)
	at org.javolution.util.FastMap.containsValue(FastMap.java:352)
	at org.javolution.util.internal.map.ValuesImpl.contains(ValuesImpl.java:65)
	at org.javolution.util.FastMap.containsValue(FastMap.java:352)
	at org.javolution.util.internal.map.ValuesImpl.contains(ValuesImpl.java:65)
	at org.javolution.util.FastMap.containsValue(FastMap.java:352)
	at org.javolution.util.internal.map.ValuesImpl.contains(ValuesImpl.java:65)
	at org.javolution.util.FastMap.containsValue(FastMap.java:352)
</error>
  </testcase>
  <testcase name="testEntrySetAndMapRetainsInsertOrder" classname="org.javolution.util.FastMapTest" time="0.006"/>
  <testcase name="testKeySet" classname="org.javolution.util.FastMapTest" time="0.001"/>
  <testcase name="testPutAll" classname="org.javolution.util.FastMapTest" time="0.001"/>
  <testcase name="testIsEmpty" classname="org.javolution.util.FastMapTest" time="0">
    <failure message="FastMap Should Be Empty" type="java.lang.AssertionError">java.lang.AssertionError: FastMap Should Be Empty
	at org.junit.Assert.fail(Assert.java:88)
	at org.junit.Assert.assertTrue(Assert.java:41)
	at org.javolution.util.FastMapTest.testIsEmpty(FastMapTest.java:119)
</failure>
  </testcase>
  <testcase name="testClearWithAtomicView" classname="org.javolution.util.FastMapTest" time="0.001">
    <error type="java.lang.NullPointerException:">java.lang.NullPointerException: null
	at org.javolution.util.FastMapTest.testClearWithAtomicView(FastMapTest.java:60)
</error>
  </testcase>
</testsuite>