<?xml version="1.0" encoding="UTF-8"?>
<testsuite name="org.javolution.text.CursorTest" time="0.01" tests="19" errors="0" skipped="0" failures="0">
  <properties>
[...]
</properties>
  <testcase name="testNextTokenWithCharSet" classname="org.javolution.text.CursorTest" time="0.002"/>
  <testcase name="testAtWithString" classname="org.javolution.text.CursorTest" time="0"/>
  <testcase name="testSkipWithCharSet" classname="org.javolution.text.CursorTest" time="0.001"/>
  <testcase name="testInitializeCursorWithIndexWithNegativeStartingIndexThrowsException" classname="org.javolution.text.CursorTest" time="0"/>
  <testcase name="testAtEnd" classname="org.javolution.text.CursorTest" time="0"/>
  <testcase name="testHead" classname="org.javolution.text.CursorTest" time="0"/>
  <testcase name="testSkip" classname="org.javolution.text.CursorTest" time="0.001"/>
  <testcase name="testTail" classname="org.javolution.text.CursorTest" time="0"/>
  <testcase name="testSkipWithCharSequence" classname="org.javolution.text.CursorTest" time="0.001"/>
  <testcase name="testIncrement" classname="org.javolution.text.CursorTest" time="0"/>
  <testcase name="testInitializeCursorWithIndex" classname="org.javolution.text.CursorTest" time="0"/>
  <testcase name="testCurrentChar" classname="org.javolution.text.CursorTest" time="0"/>
  <testcase name="testAtWithCharSet" classname="org.javolution.text.CursorTest" time="0"/>
  <testcase name="testGetAndSetIndex" classname="org.javolution.text.CursorTest" time="0.001"/>
  <testcase name="testSetIndexWithNegativeValueForIndexThrowsException" classname="org.javolution.text.CursorTest" time="0.001"/>
  <testcase name="testEquals" classname="org.javolution.text.CursorTest" time="0.001"/>
  <testcase name="testAtWithChar" classname="org.javolution.text.CursorTest" time="0.001"/>
  <testcase name="testNextToken" classname="org.javolution.text.CursorTest" time="0"/>
  <testcase name="testNextChar" classname="org.javolution.text.CursorTest" time="0.001"/>
</testsuite>