<?xml version="1.0" encoding="UTF-8"?>
<testsuite name="org.javolution.xml.jaxb.JAXBAnnotatedObjectReaderTest" time="0.538" tests="41" errors="41" skipped="0" failures="0">
  <properties>
[...]
</properties>
  <testcase name="testReadJaxbObjectWithOutOfOrderElementAndValidationOff" classname="org.javolution.xml.jaxb.JAXBAnnotatedObjectReaderTest" time="0.353">
    <error type="java.lang.NullPointerException:"><![CDATA[java.lang.NullPointerException: null
	at org.javolution.xml.internal.jaxb.AbstractJAXBAnnotatedObjectParser.<init>(AbstractJAXBAnnotatedObjectParser.java:132)
	at org.javolution.xml.internal.jaxb.JAXBAnnotatedObjectReaderImpl.<init>(JAXBAnnotatedObjectReaderImpl.java:77)
	at org.javolution.xml.jaxb.JAXBAnnotatedObjectReaderTest.init(JAXBAnnotatedObjectReaderTest.java:65)
]]></error>
  </testcase>
  <testcase name="testReadJaxbObjectWithDecimalAndInteger" classname="org.javolution.xml.jaxb.JAXBAnnotatedObjectReaderTest" time="0.002">
    <error type="java.lang.NullPointerException:"><![CDATA[java.lang.NullPointerException: null
	at org.javolution.xml.internal.jaxb.AbstractJAXBAnnotatedObjectParser.<init>(AbstractJAXBAnnotatedObjectParser.java:132)
	at org.javolution.xml.internal.jaxb.JAXBAnnotatedObjectReaderImpl.<init>(JAXBAnnotatedObjectReaderImpl.java:77)
	at org.javolution.xml.jaxb.JAXBAnnotatedObjectReaderTest.init(JAXBAnnotatedObjectReaderTest.java:65)
]]></error>
  </testcase>
  <testcase name="testReadJaxbObjectWithUnmappedElementAndValidationOff" classname="org.javolution.xml.jaxb.JAXBAnnotatedObjectReaderTest" time="0.003">
    <error type="java.lang.NullPointerException:"><![CDATA[java.lang.NullPointerException: null
	at org.javolution.xml.internal.jaxb.AbstractJAXBAnnotatedObjectParser.<init>(AbstractJAXBAnnotatedObjectParser.java:132)
	at org.javolution.xml.internal.jaxb.JAXBAnnotatedObjectReaderImpl.<init>(JAXBAnnotatedObjectReaderImpl.java:77)
	at org.javolution.xml.jaxb.JAXBAnnotatedObjectReaderTest.init(JAXBAnnotatedObjectReaderTest.java:65)
]]></error>
  </testcase>
  <testcase name="testReadJaxbObjectWithJAXBElementWrappingAndAnotherName" classname="org.javolution.xml.jaxb.JAXBAnnotatedObjectReaderTest" time="0.001">
    <error type="java.lang.NullPointerException:"><![CDATA[java.lang.NullPointerException: null
	at org.javolution.xml.internal.jaxb.AbstractJAXBAnnotatedObjectParser.<init>(AbstractJAXBAnnotatedObjectParser.java:132)
	at org.javolution.xml.internal.jaxb.JAXBAnnotatedObjectReaderImpl.<init>(JAXBAnnotatedObjectReaderImpl.java:77)
	at org.javolution.xml.jaxb.JAXBAnnotatedObjectReaderTest.init(JAXBAnnotatedObjectReaderTest.java:65)
]]></error>
  </testcase>
  <testcase name="testReadJaxbObjectBasicWithStreamSource" classname="org.javolution.xml.jaxb.JAXBAnnotatedObjectReaderTest" time="0.001">
    <error type="java.lang.NullPointerException:"><![CDATA[java.lang.NullPointerException: null
	at org.javolution.xml.internal.jaxb.AbstractJAXBAnnotatedObjectParser.<init>(AbstractJAXBAnnotatedObjectParser.java:132)
	at org.javolution.xml.internal.jaxb.JAXBAnnotatedObjectReaderImpl.<init>(JAXBAnnotatedObjectReaderImpl.java:77)
	at org.javolution.xml.jaxb.JAXBAnnotatedObjectReaderTest.init(JAXBAnnotatedObjectReaderTest.java:65)
]]></error>
  </testcase>
  <testcase name="testReadJaxbObjectWithBinaryElement" classname="org.javolution.xml.jaxb.JAXBAnnotatedObjectReaderTest" time="0.003">
    <error type="java.lang.NullPointerException:"><![CDATA[java.lang.NullPointerException: null
	at org.javolution.xml.internal.jaxb.AbstractJAXBAnnotatedObjectParser.<init>(AbstractJAXBAnnotatedObjectParser.java:132)
	at org.javolution.xml.internal.jaxb.JAXBAnnotatedObjectReaderImpl.<init>(JAXBAnnotatedObjectReaderImpl.java:77)
	at org.javolution.xml.jaxb.JAXBAnnotatedObjectReaderTest.init(JAXBAnnotatedObjectReaderTest.java:65)
]]></error>
  </testcase>
  <testcase name="testReadJaxbObjectWithAnyElement" classname="org.javolution.xml.jaxb.JAXBAnnotatedObjectReaderTest" time="0">
    <error type="java.lang.NullPointerException:"><![CDATA[java.lang.NullPointerException: null
	at org.javolution.xml.internal.jaxb.AbstractJAXBAnnotatedObjectParser.<init>(AbstractJAXBAnnotatedObjectParser.java:132)
	at org.javolution.xml.internal.jaxb.JAXBAnnotatedObjectReaderImpl.<init>(JAXBAnnotatedObjectReaderImpl.java:77)
	at org.javolution.xml.jaxb.JAXBAnnotatedObjectReaderTest.init(JAXBAnnotatedObjectReaderTest.java:65)
]]></error>
  </testcase>
  <testcase name="testReadJaxbObjectWithMoreThanOneOfSameElementWithMixedData" classname="org.javolution.xml.jaxb.JAXBAnnotatedObjectReaderTest" time="0.001">
    <error type="java.lang.NullPointerException:"><![CDATA[java.lang.NullPointerException: null
	at org.javolution.xml.internal.jaxb.AbstractJAXBAnnotatedObjectParser.<init>(AbstractJAXBAnnotatedObjectParser.java:132)
	at org.javolution.xml.internal.jaxb.JAXBAnnotatedObjectReaderImpl.<init>(JAXBAnnotatedObjectReaderImpl.java:77)
	at org.javolution.xml.jaxb.JAXBAnnotatedObjectReaderTest.init(JAXBAnnotatedObjectReaderTest.java:65)
]]></error>
  </testcase>
  <testcase name="testReadJaxbObjectWithMissingRequiredAttributeAndValidationOn" classname="org.javolution.xml.jaxb.JAXBAnnotatedObjectReaderTest" time="0.001">
    <error type="java.lang.NullPointerException:"><![CDATA[java.lang.NullPointerException: null
	at org.javolution.xml.internal.jaxb.AbstractJAXBAnnotatedObjectParser.<init>(AbstractJAXBAnnotatedObjectParser.java:132)
	at org.javolution.xml.internal.jaxb.JAXBAnnotatedObjectReaderImpl.<init>(JAXBAnnotatedObjectReaderImpl.java:77)
	at org.javolution.xml.jaxb.JAXBAnnotatedObjectReaderTest.init(JAXBAnnotatedObjectReaderTest.java:65)
]]></error>
  </testcase>
  <testcase name="testReadJaxbObjectBasic" classname="org.javolution.xml.jaxb.JAXBAnnotatedObjectReaderTest" time="0.002">
    <error type="java.lang.NullPointerException:"><![CDATA[java.lang.NullPointerException: null
	at org.javolution.xml.internal.jaxb.AbstractJAXBAnnotatedObjectParser.<init>(AbstractJAXBAnnotatedObjectParser.java:132)
	at org.javolution.xml.internal.jaxb.JAXBAnnotatedObjectReaderImpl.<init>(JAXBAnnotatedObjectReaderImpl.java:77)
	at org.javolution.xml.jaxb.JAXBAnnotatedObjectReaderTest.init(JAXBAnnotatedObjectReaderTest.java:65)
]]></error>
  </testcase>
  <testcase name="testReadJaxbObjectWithValueElement" classname="org.javolution.xml.jaxb.JAXBAnnotatedObjectReaderTest" time="0">
    <error type="java.lang.NullPointerException:"><![CDATA[java.lang.NullPointerException: null
	at org.javolution.xml.internal.jaxb.AbstractJAXBAnnotatedObjectParser.<init>(AbstractJAXBAnnotatedObjectParser.java:132)
	at org.javolution.xml.internal.jaxb.JAXBAnnotatedObjectReaderImpl.<init>(JAXBAnnotatedObjectReaderImpl.java:77)
	at org.javolution.xml.jaxb.JAXBAnnotatedObjectReaderTest.init(JAXBAnnotatedObjectReaderTest.java:65)
]]></error>
  </testcase>
  <testcase name="testReadJaxbObjectWithBoundedElementWithNestedAttributeOnly" classname="org.javolution.xml.jaxb.JAXBAnnotatedObjectReaderTest" time="0">
    <error type="java.lang.NullPointerException:"><![CDATA[java.lang.NullPointerException: null
	at org.javolution.xml.internal.jaxb.AbstractJAXBAnnotatedObjectParser.<init>(AbstractJAXBAnnotatedObjectParser.java:132)
	at org.javolution.xml.internal.jaxb.JAXBAnnotatedObjectReaderImpl.<init>(JAXBAnnotatedObjectReaderImpl.java:77)
	at org.javolution.xml.jaxb.JAXBAnnotatedObjectReaderTest.init(JAXBAnnotatedObjectReaderTest.java:65)
]]></error>
  </testcase>
  <testcase name="testReadJaxbObjectBasicWithInputSource" classname="org.javolution.xml.jaxb.JAXBAnnotatedObjectReaderTest" time="0.005">
    <error type="java.lang.NullPointerException:"><![CDATA[java.lang.NullPointerException: null
	at org.javolution.xml.internal.jaxb.AbstractJAXBAnnotatedObjectParser.<init>(AbstractJAXBAnnotatedObjectParser.java:132)
	at org.javolution.xml.internal.jaxb.JAXBAnnotatedObjectReaderImpl.<init>(JAXBAnnotatedObjectReaderImpl.java:77)
	at org.javolution.xml.jaxb.JAXBAnnotatedObjectReaderTest.init(JAXBAnnotatedObjectReaderTest.java:65)
]]></error>
  </testcase>
  <testcase name="testReadJaxbObjectBasicWithCustomObjectFactory" classname="org.javolution.xml.jaxb.JAXBAnnotatedObjectReaderTest" time="0">
    <error type="java.lang.NullPointerException:"><![CDATA[java.lang.NullPointerException: null
	at org.javolution.xml.internal.jaxb.AbstractJAXBAnnotatedObjectParser.<init>(AbstractJAXBAnnotatedObjectParser.java:132)
	at org.javolution.xml.internal.jaxb.JAXBAnnotatedObjectReaderImpl.<init>(JAXBAnnotatedObjectReaderImpl.java:77)
	at org.javolution.xml.jaxb.JAXBAnnotatedObjectReaderTest.init(JAXBAnnotatedObjectReaderTest.java:65)
]]></error>
  </testcase>
  <testcase name="testReadJaxbObjectWithEmptyElements" classname="org.javolution.xml.jaxb.JAXBAnnotatedObjectReaderTest" time="0.001">
    <error type="java.lang.NullPointerException:"><![CDATA[java.lang.NullPointerException: null
	at org.javolution.xml.internal.jaxb.AbstractJAXBAnnotatedObjectParser.<init>(AbstractJAXBAnnotatedObjectParser.java:132)
	at org.javolution.xml.internal.jaxb.JAXBAnnotatedObjectReaderImpl.<init>(JAXBAnnotatedObjectReaderImpl.java:77)
	at org.javolution.xml.jaxb.JAXBAnnotatedObjectReaderTest.init(JAXBAnnotatedObjectReaderTest.java:65)
]]></error>
  </testcase>
  <testcase name="testReadJaxbObjectWithAllBasicDatatypes" classname="org.javolution.xml.jaxb.JAXBAnnotatedObjectReaderTest" time="0.002">
    <error type="java.lang.NullPointerException:"><![CDATA[java.lang.NullPointerException: null
	at org.javolution.xml.internal.jaxb.AbstractJAXBAnnotatedObjectParser.<init>(AbstractJAXBAnnotatedObjectParser.java:132)
	at org.javolution.xml.internal.jaxb.JAXBAnnotatedObjectReaderImpl.<init>(JAXBAnnotatedObjectReaderImpl.java:77)
	at org.javolution.xml.jaxb.JAXBAnnotatedObjectReaderTest.init(JAXBAnnotatedObjectReaderTest.java:65)
]]></error>
  </testcase>
  <testcase name="testReadJaxbObjectWithCDataString" classname="org.javolution.xml.jaxb.JAXBAnnotatedObjectReaderTest" time="0">
    <error type="java.lang.NullPointerException:"><![CDATA[java.lang.NullPointerException: null
	at org.javolution.xml.internal.jaxb.AbstractJAXBAnnotatedObjectParser.<init>(AbstractJAXBAnnotatedObjectParser.java:132)
	at org.javolution.xml.internal.jaxb.JAXBAnnotatedObjectReaderImpl.<init>(JAXBAnnotatedObjectReaderImpl.java:77)
	at org.javolution.xml.jaxb.JAXBAnnotatedObjectReaderTest.init(JAXBAnnotatedObjectReaderTest.java:65)
]]></error>
  </testcase>
  <testcase name="testReadJaxbObjectWithChoiceElement" classname="org.javolution.xml.jaxb.JAXBAnnotatedObjectReaderTest" time="0.161">
    <error type="java.lang.NullPointerException:"><![CDATA[java.lang.NullPointerException: null
	at org.javolution.xml.internal.jaxb.AbstractJAXBAnnotatedObjectParser.<init>(AbstractJAXBAnnotatedObjectParser.java:132)
	at org.javolution.xml.internal.jaxb.JAXBAnnotatedObjectReaderImpl.<init>(JAXBAnnotatedObjectReaderImpl.java:77)
	at org.javolution.xml.jaxb.JAXBAnnotatedObjectReaderTest.init(JAXBAnnotatedObjectReaderTest.java:65)
]]></error>
  </testcase>
  <testcase name="testReadJaxbObjectWithJAXBElementWrapping" classname="org.javolution.xml.jaxb.JAXBAnnotatedObjectReaderTest" time="0">
    <error type="java.lang.NullPointerException:"><![CDATA[java.lang.NullPointerException: null
	at org.javolution.xml.internal.jaxb.AbstractJAXBAnnotatedObjectParser.<init>(AbstractJAXBAnnotatedObjectParser.java:132)
	at org.javolution.xml.internal.jaxb.JAXBAnnotatedObjectReaderImpl.<init>(JAXBAnnotatedObjectReaderImpl.java:77)
	at org.javolution.xml.jaxb.JAXBAnnotatedObjectReaderTest.init(JAXBAnnotatedObjectReaderTest.java:65)
]]></error>
  </testcase>
  <testcase name="testReadJaxbObjectWithMissingRequiredElementAndValidationOn" classname="org.javolution.xml.jaxb.JAXBAnnotatedObjectReaderTest" time="0">
    <error type="java.lang.NullPointerException:"><![CDATA[java.lang.NullPointerException: null
	at org.javolution.xml.internal.jaxb.AbstractJAXBAnnotatedObjectParser.<init>(AbstractJAXBAnnotatedObjectParser.java:132)
	at org.javolution.xml.internal.jaxb.JAXBAnnotatedObjectReaderImpl.<init>(JAXBAnnotatedObjectReaderImpl.java:77)
	at org.javolution.xml.jaxb.JAXBAnnotatedObjectReaderTest.init(JAXBAnnotatedObjectReaderTest.java:65)
]]></error>
  </testcase>
  <testcase name="testReadJaxbObjectBasicWithUnsupportedSource" classname="org.javolution.xml.jaxb.JAXBAnnotatedObjectReaderTest" time="0">
    <error type="java.lang.NullPointerException:"><![CDATA[java.lang.NullPointerException: null
	at org.javolution.xml.internal.jaxb.AbstractJAXBAnnotatedObjectParser.<init>(AbstractJAXBAnnotatedObjectParser.java:132)
	at org.javolution.xml.internal.jaxb.JAXBAnnotatedObjectReaderImpl.<init>(JAXBAnnotatedObjectReaderImpl.java:77)
	at org.javolution.xml.jaxb.JAXBAnnotatedObjectReaderTest.init(JAXBAnnotatedObjectReaderTest.java:65)
]]></error>
  </testcase>
  <testcase name="testReadJaxbObjectWithMissingRequiredElementAndValidationOff" classname="org.javolution.xml.jaxb.JAXBAnnotatedObjectReaderTest" time="0">
    <error type="java.lang.NullPointerException:"><![CDATA[java.lang.NullPointerException: null
	at org.javolution.xml.internal.jaxb.AbstractJAXBAnnotatedObjectParser.<init>(AbstractJAXBAnnotatedObjectParser.java:132)
	at org.javolution.xml.internal.jaxb.JAXBAnnotatedObjectReaderImpl.<init>(JAXBAnnotatedObjectReaderImpl.java:77)
	at org.javolution.xml.jaxb.JAXBAnnotatedObjectReaderTest.init(JAXBAnnotatedObjectReaderTest.java:65)
]]></error>
  </testcase>
  <testcase name="testReadJaxbObjectWithRootContextAndJAXBElementFromCommonSchema" classname="org.javolution.xml.jaxb.JAXBAnnotatedObjectReaderTest" time="0">
    <error type="java.lang.NullPointerException:"><![CDATA[java.lang.NullPointerException: null
	at org.javolution.xml.internal.jaxb.AbstractJAXBAnnotatedObjectParser.<init>(AbstractJAXBAnnotatedObjectParser.java:132)
	at org.javolution.xml.internal.jaxb.JAXBAnnotatedObjectReaderImpl.<init>(JAXBAnnotatedObjectReaderImpl.java:77)
	at org.javolution.xml.jaxb.JAXBAnnotatedObjectReaderTest.init(JAXBAnnotatedObjectReaderTest.java:65)
]]></error>
  </testcase>
  <testcase name="testReadJaxbObjectWithLargeNestedMixedObject" classname="org.javolution.xml.jaxb.JAXBAnnotatedObjectReaderTest" time="0">
    <error type="java.lang.NullPointerException:"><![CDATA[java.lang.NullPointerException: null
	at org.javolution.xml.internal.jaxb.AbstractJAXBAnnotatedObjectParser.<init>(AbstractJAXBAnnotatedObjectParser.java:132)
	at org.javolution.xml.internal.jaxb.JAXBAnnotatedObjectReaderImpl.<init>(JAXBAnnotatedObjectReaderImpl.java:77)
	at org.javolution.xml.jaxb.JAXBAnnotatedObjectReaderTest.init(JAXBAnnotatedObjectReaderTest.java:65)
]]></error>
  </testcase>
  <testcase name="testReadJaxbObjectWithMissingRequiredAttributeAndValidationOff" classname="org.javolution.xml.jaxb.JAXBAnnotatedObjectReaderTest" time="0">
    <error type="java.lang.NullPointerException:"><![CDATA[java.lang.NullPointerException: null
	at org.javolution.xml.internal.jaxb.AbstractJAXBAnnotatedObjectParser.<init>(AbstractJAXBAnnotatedObjectParser.java:132)
	at org.javolution.xml.internal.jaxb.JAXBAnnotatedObjectReaderImpl.<init>(JAXBAnnotatedObjectReaderImpl.java:77)
	at org.javolution.xml.jaxb.JAXBAnnotatedObjectReaderTest.init(JAXBAnnotatedObjectReaderTest.java:65)
]]></error>
  </testcase>
  <testcase name="testReadJaxbObjectWithOutOfOrderElementAndValidationOn" classname="org.javolution.xml.jaxb.JAXBAnnotatedObjectReaderTest" time="0">
    <error type="java.lang.NullPointerException:"><![CDATA[java.lang.NullPointerException: null
	at org.javolution.xml.internal.jaxb.AbstractJAXBAnnotatedObjectParser.<init>(AbstractJAXBAnnotatedObjectParser.java:132)
	at org.javolution.xml.internal.jaxb.JAXBAnnotatedObjectReaderImpl.<init>(JAXBAnnotatedObjectReaderImpl.java:77)
	at org.javolution.xml.jaxb.JAXBAnnotatedObjectReaderTest.init(JAXBAnnotatedObjectReaderTest.java:65)
]]></error>
  </testcase>
  <testcase name="testReadJaxbObjectWithUnmappedAttributeAndValidationOff" classname="org.javolution.xml.jaxb.JAXBAnnotatedObjectReaderTest" time="0">
    <error type="java.lang.NullPointerException:"><![CDATA[java.lang.NullPointerException: null
	at org.javolution.xml.internal.jaxb.AbstractJAXBAnnotatedObjectParser.<init>(AbstractJAXBAnnotatedObjectParser.java:132)
	at org.javolution.xml.internal.jaxb.JAXBAnnotatedObjectReaderImpl.<init>(JAXBAnnotatedObjectReaderImpl.java:77)
	at org.javolution.xml.jaxb.JAXBAnnotatedObjectReaderTest.init(JAXBAnnotatedObjectReaderTest.java:65)
]]></error>
  </testcase>
  <testcase name="testReadJaxbObjectWithBoundedAndUnboundedNesting" classname="org.javolution.xml.jaxb.JAXBAnnotatedObjectReaderTest" time="0">
    <error type="java.lang.NullPointerException:"><![CDATA[java.lang.NullPointerException: null
	at org.javolution.xml.internal.jaxb.AbstractJAXBAnnotatedObjectParser.<init>(AbstractJAXBAnnotatedObjectParser.java:132)
	at org.javolution.xml.internal.jaxb.JAXBAnnotatedObjectReaderImpl.<init>(JAXBAnnotatedObjectReaderImpl.java:77)
	at org.javolution.xml.jaxb.JAXBAnnotatedObjectReaderTest.init(JAXBAnnotatedObjectReaderTest.java:65)
]]></error>
  </testcase>
  <testcase name="testReadJaxbObjectWithUnmappedAttributeAndValidationOn" classname="org.javolution.xml.jaxb.JAXBAnnotatedObjectReaderTest" time="0">
    <error type="java.lang.NullPointerException:"><![CDATA[java.lang.NullPointerException: null
	at org.javolution.xml.internal.jaxb.AbstractJAXBAnnotatedObjectParser.<init>(AbstractJAXBAnnotatedObjectParser.java:132)
	at org.javolution.xml.internal.jaxb.JAXBAnnotatedObjectReaderImpl.<init>(JAXBAnnotatedObjectReaderImpl.java:77)
	at org.javolution.xml.jaxb.JAXBAnnotatedObjectReaderTest.init(JAXBAnnotatedObjectReaderTest.java:65)
]]></error>
  </testcase>
  <testcase name="testReadJaxbObjectWithBoundedElementAndMixedBoundedNesting" classname="org.javolution.xml.jaxb.JAXBAnnotatedObjectReaderTest" time="0">
    <error type="java.lang.NullPointerException:"><![CDATA[java.lang.NullPointerException: null
	at org.javolution.xml.internal.jaxb.AbstractJAXBAnnotatedObjectParser.<init>(AbstractJAXBAnnotatedObjectParser.java:132)
	at org.javolution.xml.internal.jaxb.JAXBAnnotatedObjectReaderImpl.<init>(JAXBAnnotatedObjectReaderImpl.java:77)
	at org.javolution.xml.jaxb.JAXBAnnotatedObjectReaderTest.init(JAXBAnnotatedObjectReaderTest.java:65)
]]></error>
  </testcase>
  <testcase name="testReadJaxbObjectBasicWithValidationOn" classname="org.javolution.xml.jaxb.JAXBAnnotatedObjectReaderTest" time="0">
    <error type="java.lang.NullPointerException:"><![CDATA[java.lang.NullPointerException: null
	at org.javolution.xml.internal.jaxb.AbstractJAXBAnnotatedObjectParser.<init>(AbstractJAXBAnnotatedObjectParser.java:132)
	at org.javolution.xml.internal.jaxb.JAXBAnnotatedObjectReaderImpl.<init>(JAXBAnnotatedObjectReaderImpl.java:77)
	at org.javolution.xml.jaxb.JAXBAnnotatedObjectReaderTest.init(JAXBAnnotatedObjectReaderTest.java:65)
]]></error>
  </testcase>
  <testcase name="testReadJaxbObjectWithNamespaceElement" classname="org.javolution.xml.jaxb.JAXBAnnotatedObjectReaderTest" time="0.001">
    <error type="java.lang.NullPointerException:"><![CDATA[java.lang.NullPointerException: null
	at org.javolution.xml.internal.jaxb.AbstractJAXBAnnotatedObjectParser.<init>(AbstractJAXBAnnotatedObjectParser.java:132)
	at org.javolution.xml.internal.jaxb.JAXBAnnotatedObjectReaderImpl.<init>(JAXBAnnotatedObjectReaderImpl.java:77)
	at org.javolution.xml.jaxb.JAXBAnnotatedObjectReaderTest.init(JAXBAnnotatedObjectReaderTest.java:65)
]]></error>
  </testcase>
  <testcase name="testReadJaxbObjectBasicWithReader" classname="org.javolution.xml.jaxb.JAXBAnnotatedObjectReaderTest" time="0">
    <error type="java.lang.NullPointerException:"><![CDATA[java.lang.NullPointerException: null
	at org.javolution.xml.internal.jaxb.AbstractJAXBAnnotatedObjectParser.<init>(AbstractJAXBAnnotatedObjectParser.java:132)
	at org.javolution.xml.internal.jaxb.JAXBAnnotatedObjectReaderImpl.<init>(JAXBAnnotatedObjectReaderImpl.java:77)
	at org.javolution.xml.jaxb.JAXBAnnotatedObjectReaderTest.init(JAXBAnnotatedObjectReaderTest.java:65)
]]></error>
  </testcase>
  <testcase name="testReadJaxbObjectBasicWithSource" classname="org.javolution.xml.jaxb.JAXBAnnotatedObjectReaderTest" time="0.001">
    <error type="java.lang.NullPointerException:"><![CDATA[java.lang.NullPointerException: null
	at org.javolution.xml.internal.jaxb.AbstractJAXBAnnotatedObjectParser.<init>(AbstractJAXBAnnotatedObjectParser.java:132)
	at org.javolution.xml.internal.jaxb.JAXBAnnotatedObjectReaderImpl.<init>(JAXBAnnotatedObjectReaderImpl.java:77)
	at org.javolution.xml.jaxb.JAXBAnnotatedObjectReaderTest.init(JAXBAnnotatedObjectReaderTest.java:65)
]]></error>
  </testcase>
  <testcase name="testReadJaxbObjectWithUnsignedElement" classname="org.javolution.xml.jaxb.JAXBAnnotatedObjectReaderTest" time="0">
    <error type="java.lang.NullPointerException:"><![CDATA[java.lang.NullPointerException: null
	at org.javolution.xml.internal.jaxb.AbstractJAXBAnnotatedObjectParser.<init>(AbstractJAXBAnnotatedObjectParser.java:132)
	at org.javolution.xml.internal.jaxb.JAXBAnnotatedObjectReaderImpl.<init>(JAXBAnnotatedObjectReaderImpl.java:77)
	at org.javolution.xml.jaxb.JAXBAnnotatedObjectReaderTest.init(JAXBAnnotatedObjectReaderTest.java:65)
]]></error>
  </testcase>
  <testcase name="testReadJaxbObjectWithUnmappedElementAndValidationOn" classname="org.javolution.xml.jaxb.JAXBAnnotatedObjectReaderTest" time="0">
    <error type="java.lang.NullPointerException:"><![CDATA[java.lang.NullPointerException: null
	at org.javolution.xml.internal.jaxb.AbstractJAXBAnnotatedObjectParser.<init>(AbstractJAXBAnnotatedObjectParser.java:132)
	at org.javolution.xml.internal.jaxb.JAXBAnnotatedObjectReaderImpl.<init>(JAXBAnnotatedObjectReaderImpl.java:77)
	at org.javolution.xml.jaxb.JAXBAnnotatedObjectReaderTest.init(JAXBAnnotatedObjectReaderTest.java:65)
]]></error>
  </testcase>
  <testcase name="testReadJaxbObjectWithSkippedElements" classname="org.javolution.xml.jaxb.JAXBAnnotatedObjectReaderTest" time="0">
    <error type="java.lang.NullPointerException:"><![CDATA[java.lang.NullPointerException: null
	at org.javolution.xml.internal.jaxb.AbstractJAXBAnnotatedObjectParser.<init>(AbstractJAXBAnnotatedObjectParser.java:132)
	at org.javolution.xml.internal.jaxb.JAXBAnnotatedObjectReaderImpl.<init>(JAXBAnnotatedObjectReaderImpl.java:77)
	at org.javolution.xml.jaxb.JAXBAnnotatedObjectReaderTest.init(JAXBAnnotatedObjectReaderTest.java:65)
]]></error>
  </testcase>
  <testcase name="testReadJaxbObjectWithLargeValidNestedMixedObject" classname="org.javolution.xml.jaxb.JAXBAnnotatedObjectReaderTest" time="0">
    <error type="java.lang.NullPointerException:"><![CDATA[java.lang.NullPointerException: null
	at org.javolution.xml.internal.jaxb.AbstractJAXBAnnotatedObjectParser.<init>(AbstractJAXBAnnotatedObjectParser.java:132)
	at org.javolution.xml.internal.jaxb.JAXBAnnotatedObjectReaderImpl.<init>(JAXBAnnotatedObjectReaderImpl.java:77)
	at org.javolution.xml.jaxb.JAXBAnnotatedObjectReaderTest.init(JAXBAnnotatedObjectReaderTest.java:65)
]]></error>
  </testcase>
  <testcase name="testReadJaxbObjectWithEnumAndDate" classname="org.javolution.xml.jaxb.JAXBAnnotatedObjectReaderTest" time="0">
    <error type="java.lang.NullPointerException:"><![CDATA[java.lang.NullPointerException: null
	at org.javolution.xml.internal.jaxb.AbstractJAXBAnnotatedObjectParser.<init>(AbstractJAXBAnnotatedObjectParser.java:132)
	at org.javolution.xml.internal.jaxb.JAXBAnnotatedObjectReaderImpl.<init>(JAXBAnnotatedObjectReaderImpl.java:77)
	at org.javolution.xml.jaxb.JAXBAnnotatedObjectReaderTest.init(JAXBAnnotatedObjectReaderTest.java:65)
]]></error>
  </testcase>
  <testcase name="testReadJaxbObjectWithDifferentDateFormats" classname="org.javolution.xml.jaxb.JAXBAnnotatedObjectReaderTest" time="0">
    <error type="java.lang.NullPointerException:"><![CDATA[java.lang.NullPointerException: null
	at org.javolution.xml.internal.jaxb.AbstractJAXBAnnotatedObjectParser.<init>(AbstractJAXBAnnotatedObjectParser.java:132)
	at org.javolution.xml.internal.jaxb.JAXBAnnotatedObjectReaderImpl.<init>(JAXBAnnotatedObjectReaderImpl.java:77)
	at org.javolution.xml.jaxb.JAXBAnnotatedObjectReaderTest.init(JAXBAnnotatedObjectReaderTest.java:65)
]]></error>
  </testcase>
  <testcase name="testReadJaxbObjectWithCommonElement" classname="org.javolution.xml.jaxb.JAXBAnnotatedObjectReaderTest" time="0">
    <error type="java.lang.NullPointerException:"><![CDATA[java.lang.NullPointerException: null
	at org.javolution.xml.internal.jaxb.AbstractJAXBAnnotatedObjectParser.<init>(AbstractJAXBAnnotatedObjectParser.java:132)
	at org.javolution.xml.internal.jaxb.JAXBAnnotatedObjectReaderImpl.<init>(JAXBAnnotatedObjectReaderImpl.java:77)
	at org.javolution.xml.jaxb.JAXBAnnotatedObjectReaderTest.init(JAXBAnnotatedObjectReaderTest.java:65)
]]></error>
  </testcase>
</testsuite>