<?xml version="1.0" encoding="UTF-8"?>
<testsuite name="org.javolution.xml.annotation.JAXBAnnotatedObjectWriterTest" time="0.686" tests="19" errors="19" skipped="0" failures="0">
  <properties>
[...]
</properties>
  <testcase name="testWithValueElement" classname="org.javolution.xml.annotation.JAXBAnnotatedObjectWriterTest" time="0.376">
    <error type="javax.xml.bind.UnmarshalException:">javax.xml.bind.UnmarshalException: null
	at org.javolution.io.CharSequenceReader.read(CharSequenceReader.java:129)
	at com.sun.org.apache.xerces.internal.impl.XMLEntityScanner.load(XMLEntityScanner.java:1743)
	at com.sun.org.apache.xerces.internal.impl.XMLEntityScanner.arrangeCapacity(XMLEntityScanner.java:1614)
	at com.sun.org.apache.xerces.internal.impl.XMLEntityScanner.skipString(XMLEntityScanner.java:1652)
	at com.sun.org.apache.xerces.internal.impl.XMLVersionDetector.determineDocVersion(XMLVersionDetector.java:196)
	at com.sun.org.apache.xerces.internal.parsers.XML11Configuration.parse(XML11Configuration.java:812)
	at com.sun.org.apache.xerces.internal.parsers.XML11Configuration.parse(XML11Configuration.java:777)
	at com.sun.org.apache.xerces.internal.parsers.XMLParser.parse(XMLParser.java:141)
	at com.sun.org.apache.xerces.internal.parsers.AbstractSAXParser.parse(AbstractSAXParser.java:1213)
	at com.sun.org.apache.xerces.internal.jaxp.SAXParserImpl$JAXPSAXParser.parse(SAXParserImpl.java:649)
	at com.sun.xml.internal.bind.v2.runtime.unmarshaller.UnmarshallerImpl.unmarshal0(UnmarshallerImpl.java:243)
	at com.sun.xml.internal.bind.v2.runtime.unmarshaller.UnmarshallerImpl.unmarshal(UnmarshallerImpl.java:214)
	at javax.xml.bind.helpers.AbstractUnmarshallerImpl.unmarshal(AbstractUnmarshallerImpl.java:157)
	at javax.xml.bind.helpers.AbstractUnmarshallerImpl.unmarshal(AbstractUnmarshallerImpl.java:214)
	at org.javolution.xml.annotation.JAXBAnnotatedObjectWriterTest.readJAXBObjectWithJDK(JAXBAnnotatedObjectWriterTest.java:212)
	at org.javolution.xml.annotation.JAXBAnnotatedObjectWriterTest.testWithValueElement(JAXBAnnotatedObjectWriterTest.java:178)
</error>
  </testcase>
  <testcase name="testLargeValidNestedMixedObject" classname="org.javolution.xml.annotation.JAXBAnnotatedObjectWriterTest" time="0.063">
    <error type="javax.xml.bind.UnmarshalException:">javax.xml.bind.UnmarshalException: null
	at org.javolution.io.CharSequenceReader.read(CharSequenceReader.java:129)
	at com.sun.org.apache.xerces.internal.impl.XMLEntityScanner.load(XMLEntityScanner.java:1743)
	at com.sun.org.apache.xerces.internal.impl.XMLEntityScanner.arrangeCapacity(XMLEntityScanner.java:1614)
	at com.sun.org.apache.xerces.internal.impl.XMLEntityScanner.skipString(XMLEntityScanner.java:1652)
	at com.sun.org.apache.xerces.internal.impl.XMLVersionDetector.determineDocVersion(XMLVersionDetector.java:196)
	at com.sun.org.apache.xerces.internal.parsers.XML11Configuration.parse(XML11Configuration.java:812)
	at com.sun.org.apache.xerces.internal.parsers.XML11Configuration.parse(XML11Configuration.java:777)
	at com.sun.org.apache.xerces.internal.parsers.XMLParser.parse(XMLParser.java:141)
	at com.sun.org.apache.xerces.internal.parsers.AbstractSAXParser.parse(AbstractSAXParser.java:1213)
	at com.sun.org.apache.xerces.internal.jaxp.SAXParserImpl$JAXPSAXParser.parse(SAXParserImpl.java:649)
	at com.sun.xml.internal.bind.v2.runtime.unmarshaller.UnmarshallerImpl.unmarshal0(UnmarshallerImpl.java:243)
	at com.sun.xml.internal.bind.v2.runtime.unmarshaller.UnmarshallerImpl.unmarshal(UnmarshallerImpl.java:214)
	at javax.xml.bind.helpers.AbstractUnmarshallerImpl.unmarshal(AbstractUnmarshallerImpl.java:157)
	at javax.xml.bind.helpers.AbstractUnmarshallerImpl.unmarshal(AbstractUnmarshallerImpl.java:214)
	at org.javolution.xml.annotation.JAXBAnnotatedObjectWriterTest.readJAXBObjectWithJDK(JAXBAnnotatedObjectWriterTest.java:212)
	at org.javolution.xml.annotation.JAXBAnnotatedObjectWriterTest.testLargeValidNestedMixedObject(JAXBAnnotatedObjectWriterTest.java:83)
</error>
  </testcase>
  <testcase name="testWithChoiceElement" classname="org.javolution.xml.annotation.JAXBAnnotatedObjectWriterTest" time="0.011">
    <error type="javax.xml.bind.UnmarshalException:">javax.xml.bind.UnmarshalException: null
	at org.javolution.io.CharSequenceReader.read(CharSequenceReader.java:129)
	at com.sun.org.apache.xerces.internal.impl.XMLEntityScanner.load(XMLEntityScanner.java:1743)
	at com.sun.org.apache.xerces.internal.impl.XMLEntityScanner.arrangeCapacity(XMLEntityScanner.java:1614)
	at com.sun.org.apache.xerces.internal.impl.XMLEntityScanner.skipString(XMLEntityScanner.java:1652)
	at com.sun.org.apache.xerces.internal.impl.XMLVersionDetector.determineDocVersion(XMLVersionDetector.java:196)
	at com.sun.org.apache.xerces.internal.parsers.XML11Configuration.parse(XML11Configuration.java:812)
	at com.sun.org.apache.xerces.internal.parsers.XML11Configuration.parse(XML11Configuration.java:777)
	at com.sun.org.apache.xerces.internal.parsers.XMLParser.parse(XMLParser.java:141)
	at com.sun.org.apache.xerces.internal.parsers.AbstractSAXParser.parse(AbstractSAXParser.java:1213)
	at com.sun.org.apache.xerces.internal.jaxp.SAXParserImpl$JAXPSAXParser.parse(SAXParserImpl.java:649)
	at com.sun.xml.internal.bind.v2.runtime.unmarshaller.UnmarshallerImpl.unmarshal0(UnmarshallerImpl.java:243)
	at com.sun.xml.internal.bind.v2.runtime.unmarshaller.UnmarshallerImpl.unmarshal(UnmarshallerImpl.java:214)
	at javax.xml.bind.helpers.AbstractUnmarshallerImpl.unmarshal(AbstractUnmarshallerImpl.java:157)
	at javax.xml.bind.helpers.AbstractUnmarshallerImpl.unmarshal(AbstractUnmarshallerImpl.java:214)
	at org.javolution.xml.annotation.JAXBAnnotatedObjectWriterTest.readJAXBObjectWithJDK(JAXBAnnotatedObjectWriterTest.java:212)
	at org.javolution.xml.annotation.JAXBAnnotatedObjectWriterTest.testWithChoiceElement(JAXBAnnotatedObjectWriterTest.java:119)
</error>
  </testcase>
  <testcase name="testWithMissingRequiredElement" classname="org.javolution.xml.annotation.JAXBAnnotatedObjectWriterTest" time="0.017">
    <error message="Unexpected exception, expected&lt;javax.xml.bind.MarshalException&gt; but was&lt;javax.xml.bind.UnmarshalException&gt;" type="java.lang.Exception"><![CDATA[java.lang.Exception: Unexpected exception, expected<javax.xml.bind.MarshalException> but was<javax.xml.bind.UnmarshalException>
	at org.javolution.io.CharSequenceReader.read(CharSequenceReader.java:129)
	at com.sun.org.apache.xerces.internal.impl.XMLEntityScanner.load(XMLEntityScanner.java:1743)
	at com.sun.org.apache.xerces.internal.impl.XMLEntityScanner.arrangeCapacity(XMLEntityScanner.java:1614)
	at com.sun.org.apache.xerces.internal.impl.XMLEntityScanner.skipString(XMLEntityScanner.java:1652)
	at com.sun.org.apache.xerces.internal.impl.XMLVersionDetector.determineDocVersion(XMLVersionDetector.java:196)
	at com.sun.org.apache.xerces.internal.parsers.XML11Configuration.parse(XML11Configuration.java:812)
	at com.sun.org.apache.xerces.internal.parsers.XML11Configuration.parse(XML11Configuration.java:777)
	at com.sun.org.apache.xerces.internal.parsers.XMLParser.parse(XMLParser.java:141)
	at com.sun.org.apache.xerces.internal.parsers.AbstractSAXParser.parse(AbstractSAXParser.java:1213)
	at com.sun.org.apache.xerces.internal.jaxp.SAXParserImpl$JAXPSAXParser.parse(SAXParserImpl.java:649)
	at com.sun.xml.internal.bind.v2.runtime.unmarshaller.UnmarshallerImpl.unmarshal0(UnmarshallerImpl.java:243)
	at com.sun.xml.internal.bind.v2.runtime.unmarshaller.UnmarshallerImpl.unmarshal(UnmarshallerImpl.java:214)
	at javax.xml.bind.helpers.AbstractUnmarshallerImpl.unmarshal(AbstractUnmarshallerImpl.java:157)
	at javax.xml.bind.helpers.AbstractUnmarshallerImpl.unmarshal(AbstractUnmarshallerImpl.java:214)
	at org.javolution.xml.annotation.JAXBAnnotatedObjectWriterTest.readJAXBObjectWithJDK(JAXBAnnotatedObjectWriterTest.java:212)
	at org.javolution.xml.annotation.JAXBAnnotatedObjectWriterTest.testWithMissingRequiredElement(JAXBAnnotatedObjectWriterTest.java:153)
]]></error>
  </testcase>
  <testcase name="testSmall" classname="org.javolution.xml.annotation.JAXBAnnotatedObjectWriterTest" time="0.016">
    <error type="javax.xml.bind.UnmarshalException:">javax.xml.bind.UnmarshalException: null
	at org.javolution.io.CharSequenceReader.read(CharSequenceReader.java:129)
	at com.sun.org.apache.xerces.internal.impl.XMLEntityScanner.load(XMLEntityScanner.java:1743)
	at com.sun.org.apache.xerces.internal.impl.XMLEntityScanner.arrangeCapacity(XMLEntityScanner.java:1614)
	at com.sun.org.apache.xerces.internal.impl.XMLEntityScanner.skipString(XMLEntityScanner.java:1652)
	at com.sun.org.apache.xerces.internal.impl.XMLVersionDetector.determineDocVersion(XMLVersionDetector.java:196)
	at com.sun.org.apache.xerces.internal.parsers.XML11Configuration.parse(XML11Configuration.java:812)
	at com.sun.org.apache.xerces.internal.parsers.XML11Configuration.parse(XML11Configuration.java:777)
	at com.sun.org.apache.xerces.internal.parsers.XMLParser.parse(XMLParser.java:141)
	at com.sun.org.apache.xerces.internal.parsers.AbstractSAXParser.parse(AbstractSAXParser.java:1213)
	at com.sun.org.apache.xerces.internal.jaxp.SAXParserImpl$JAXPSAXParser.parse(SAXParserImpl.java:649)
	at com.sun.xml.internal.bind.v2.runtime.unmarshaller.UnmarshallerImpl.unmarshal0(UnmarshallerImpl.java:243)
	at com.sun.xml.internal.bind.v2.runtime.unmarshaller.UnmarshallerImpl.unmarshal(UnmarshallerImpl.java:214)
	at javax.xml.bind.helpers.AbstractUnmarshallerImpl.unmarshal(AbstractUnmarshallerImpl.java:157)
	at javax.xml.bind.helpers.AbstractUnmarshallerImpl.unmarshal(AbstractUnmarshallerImpl.java:214)
	at org.javolution.xml.annotation.JAXBAnnotatedObjectWriterTest.readJAXBObjectWithJDK(JAXBAnnotatedObjectWriterTest.java:212)
	at org.javolution.xml.annotation.JAXBAnnotatedObjectWriterTest.testSmall(JAXBAnnotatedObjectWriterTest.java:38)
</error>
  </testcase>
  <testcase name="testWithBasicDatatypes" classname="org.javolution.xml.annotation.JAXBAnnotatedObjectWriterTest" time="0.013">
    <error type="javax.xml.bind.UnmarshalException:">javax.xml.bind.UnmarshalException: null
	at org.javolution.io.CharSequenceReader.read(CharSequenceReader.java:129)
	at com.sun.org.apache.xerces.internal.impl.XMLEntityScanner.load(XMLEntityScanner.java:1743)
	at com.sun.org.apache.xerces.internal.impl.XMLEntityScanner.arrangeCapacity(XMLEntityScanner.java:1614)
	at com.sun.org.apache.xerces.internal.impl.XMLEntityScanner.skipString(XMLEntityScanner.java:1652)
	at com.sun.org.apache.xerces.internal.impl.XMLVersionDetector.determineDocVersion(XMLVersionDetector.java:196)
	at com.sun.org.apache.xerces.internal.parsers.XML11Configuration.parse(XML11Configuration.java:812)
	at com.sun.org.apache.xerces.internal.parsers.XML11Configuration.parse(XML11Configuration.java:777)
	at com.sun.org.apache.xerces.internal.parsers.XMLParser.parse(XMLParser.java:141)
	at com.sun.org.apache.xerces.internal.parsers.AbstractSAXParser.parse(AbstractSAXParser.java:1213)
	at com.sun.org.apache.xerces.internal.jaxp.SAXParserImpl$JAXPSAXParser.parse(SAXParserImpl.java:649)
	at com.sun.xml.internal.bind.v2.runtime.unmarshaller.UnmarshallerImpl.unmarshal0(UnmarshallerImpl.java:243)
	at com.sun.xml.internal.bind.v2.runtime.unmarshaller.UnmarshallerImpl.unmarshal(UnmarshallerImpl.java:214)
	at javax.xml.bind.helpers.AbstractUnmarshallerImpl.unmarshal(AbstractUnmarshallerImpl.java:157)
	at javax.xml.bind.helpers.AbstractUnmarshallerImpl.unmarshal(AbstractUnmarshallerImpl.java:214)
	at org.javolution.xml.annotation.JAXBAnnotatedObjectWriterTest.readJAXBObjectWithJDK(JAXBAnnotatedObjectWriterTest.java:212)
	at org.javolution.xml.annotation.JAXBAnnotatedObjectWriterTest.testWithBasicDatatypes(JAXBAnnotatedObjectWriterTest.java:101)
</error>
  </testcase>
  <testcase name="testWithEnumAndDate" classname="org.javolution.xml.annotation.JAXBAnnotatedObjectWriterTest" time="0.015">
    <error type="javax.xml.bind.UnmarshalException:">javax.xml.bind.UnmarshalException: null
	at org.javolution.io.CharSequenceReader.read(CharSequenceReader.java:129)
	at com.sun.org.apache.xerces.internal.impl.XMLEntityScanner.load(XMLEntityScanner.java:1743)
	at com.sun.org.apache.xerces.internal.impl.XMLEntityScanner.arrangeCapacity(XMLEntityScanner.java:1614)
	at com.sun.org.apache.xerces.internal.impl.XMLEntityScanner.skipString(XMLEntityScanner.java:1652)
	at com.sun.org.apache.xerces.internal.impl.XMLVersionDetector.determineDocVersion(XMLVersionDetector.java:196)
	at com.sun.org.apache.xerces.internal.parsers.XML11Configuration.parse(XML11Configuration.java:812)
	at com.sun.org.apache.xerces.internal.parsers.XML11Configuration.parse(XML11Configuration.java:777)
	at com.sun.org.apache.xerces.internal.parsers.XMLParser.parse(XMLParser.java:141)
	at com.sun.org.apache.xerces.internal.parsers.AbstractSAXParser.parse(AbstractSAXParser.java:1213)
	at com.sun.org.apache.xerces.internal.jaxp.SAXParserImpl$JAXPSAXParser.parse(SAXParserImpl.java:649)
	at com.sun.xml.internal.bind.v2.runtime.unmarshaller.UnmarshallerImpl.unmarshal0(UnmarshallerImpl.java:243)
	at com.sun.xml.internal.bind.v2.runtime.unmarshaller.UnmarshallerImpl.unmarshal(UnmarshallerImpl.java:214)
	at javax.xml.bind.helpers.AbstractUnmarshallerImpl.unmarshal(AbstractUnmarshallerImpl.java:157)
	at javax.xml.bind.helpers.AbstractUnmarshallerImpl.unmarshal(AbstractUnmarshallerImpl.java:214)
	at org.javolution.xml.annotation.JAXBAnnotatedObjectWriterTest.readJAXBObjectWithJDK(JAXBAnnotatedObjectWriterTest.java:212)
	at org.javolution.xml.annotation.JAXBAnnotatedObjectWriterTest.testWithEnumAndDate(JAXBAnnotatedObjectWriterTest.java:128)
</error>
  </testcase>
  <testcase name="testLargeNestedMixedObject" classname="org.javolution.xml.annotation.JAXBAnnotatedObjectWriterTest" time="0.013">
    <error type="javax.xml.bind.UnmarshalException:">javax.xml.bind.UnmarshalException: null
	at org.javolution.io.CharSequenceReader.read(CharSequenceReader.java:129)
	at com.sun.org.apache.xerces.internal.impl.XMLEntityScanner.load(XMLEntityScanner.java:1743)
	at com.sun.org.apache.xerces.internal.impl.XMLEntityScanner.arrangeCapacity(XMLEntityScanner.java:1614)
	at com.sun.org.apache.xerces.internal.impl.XMLEntityScanner.skipString(XMLEntityScanner.java:1652)
	at com.sun.org.apache.xerces.internal.impl.XMLVersionDetector.determineDocVersion(XMLVersionDetector.java:196)
	at com.sun.org.apache.xerces.internal.parsers.XML11Configuration.parse(XML11Configuration.java:812)
	at com.sun.org.apache.xerces.internal.parsers.XML11Configuration.parse(XML11Configuration.java:777)
	at com.sun.org.apache.xerces.internal.parsers.XMLParser.parse(XMLParser.java:141)
	at com.sun.org.apache.xerces.internal.parsers.AbstractSAXParser.parse(AbstractSAXParser.java:1213)
	at com.sun.org.apache.xerces.internal.jaxp.SAXParserImpl$JAXPSAXParser.parse(SAXParserImpl.java:649)
	at com.sun.xml.internal.bind.v2.runtime.unmarshaller.UnmarshallerImpl.unmarshal0(UnmarshallerImpl.java:243)
	at com.sun.xml.internal.bind.v2.runtime.unmarshaller.UnmarshallerImpl.unmarshal(UnmarshallerImpl.java:214)
	at javax.xml.bind.helpers.AbstractUnmarshallerImpl.unmarshal(AbstractUnmarshallerImpl.java:157)
	at javax.xml.bind.helpers.AbstractUnmarshallerImpl.unmarshal(AbstractUnmarshallerImpl.java:214)
	at org.javolution.xml.annotation.JAXBAnnotatedObjectWriterTest.readJAXBObjectWithJDK(JAXBAnnotatedObjectWriterTest.java:212)
	at org.javolution.xml.annotation.JAXBAnnotatedObjectWriterTest.testLargeNestedMixedObject(JAXBAnnotatedObjectWriterTest.java:74)
</error>
  </testcase>
  <testcase name="testBoundedElementWithMixedBoundedNesting" classname="org.javolution.xml.annotation.JAXBAnnotatedObjectWriterTest" time="0.027">
    <error type="javax.xml.bind.UnmarshalException:">javax.xml.bind.UnmarshalException: null
	at org.javolution.io.CharSequenceReader.read(CharSequenceReader.java:129)
	at com.sun.org.apache.xerces.internal.impl.XMLEntityScanner.load(XMLEntityScanner.java:1743)
	at com.sun.org.apache.xerces.internal.impl.XMLEntityScanner.arrangeCapacity(XMLEntityScanner.java:1614)
	at com.sun.org.apache.xerces.internal.impl.XMLEntityScanner.skipString(XMLEntityScanner.java:1652)
	at com.sun.org.apache.xerces.internal.impl.XMLVersionDetector.determineDocVersion(XMLVersionDetector.java:196)
	at com.sun.org.apache.xerces.internal.parsers.XML11Configuration.parse(XML11Configuration.java:812)
	at com.sun.org.apache.xerces.internal.parsers.XML11Configuration.parse(XML11Configuration.java:777)
	at com.sun.org.apache.xerces.internal.parsers.XMLParser.parse(XMLParser.java:141)
	at com.sun.org.apache.xerces.internal.parsers.AbstractSAXParser.parse(AbstractSAXParser.java:1213)
	at com.sun.org.apache.xerces.internal.jaxp.SAXParserImpl$JAXPSAXParser.parse(SAXParserImpl.java:649)
	at com.sun.xml.internal.bind.v2.runtime.unmarshaller.UnmarshallerImpl.unmarshal0(UnmarshallerImpl.java:243)
	at com.sun.xml.internal.bind.v2.runtime.unmarshaller.UnmarshallerImpl.unmarshal(UnmarshallerImpl.java:214)
	at javax.xml.bind.helpers.AbstractUnmarshallerImpl.unmarshal(AbstractUnmarshallerImpl.java:157)
	at javax.xml.bind.helpers.AbstractUnmarshallerImpl.unmarshal(AbstractUnmarshallerImpl.java:214)
	at org.javolution.xml.annotation.JAXBAnnotatedObjectWriterTest.readJAXBObjectWithJDK(JAXBAnnotatedObjectWriterTest.java:212)
	at org.javolution.xml.annotation.JAXBAnnotatedObjectWriterTest.testBoundedElementWithMixedBoundedNesting(JAXBAnnotatedObjectWriterTest.java:47)
</error>
  </testcase>
  <testcase name="testWithQNameElement" classname="org.javolution.xml.annotation.JAXBAnnotatedObjectWriterTest" time="0.028">
    <error type="javax.xml.bind.UnmarshalException:">javax.xml.bind.UnmarshalException: null
	at org.javolution.io.CharSequenceReader.read(CharSequenceReader.java:129)
	at com.sun.org.apache.xerces.internal.impl.XMLEntityScanner.load(XMLEntityScanner.java:1743)
	at com.sun.org.apache.xerces.internal.impl.XMLEntityScanner.arrangeCapacity(XMLEntityScanner.java:1614)
	at com.sun.org.apache.xerces.internal.impl.XMLEntityScanner.skipString(XMLEntityScanner.java:1652)
	at com.sun.org.apache.xerces.internal.impl.XMLVersionDetector.determineDocVersion(XMLVersionDetector.java:196)
	at com.sun.org.apache.xerces.internal.parsers.XML11Configuration.parse(XML11Configuration.java:812)
	at com.sun.org.apache.xerces.internal.parsers.XML11Configuration.parse(XML11Configuration.java:777)
	at com.sun.org.apache.xerces.internal.parsers.XMLParser.parse(XMLParser.java:141)
	at com.sun.org.apache.xerces.internal.parsers.AbstractSAXParser.parse(AbstractSAXParser.java:1213)
	at com.sun.org.apache.xerces.internal.jaxp.SAXParserImpl$JAXPSAXParser.parse(SAXParserImpl.java:649)
	at com.sun.xml.internal.bind.v2.runtime.unmarshaller.UnmarshallerImpl.unmarshal0(UnmarshallerImpl.java:243)
	at com.sun.xml.internal.bind.v2.runtime.unmarshaller.UnmarshallerImpl.unmarshal(UnmarshallerImpl.java:214)
	at javax.xml.bind.helpers.AbstractUnmarshallerImpl.unmarshal(AbstractUnmarshallerImpl.java:157)
	at javax.xml.bind.helpers.AbstractUnmarshallerImpl.unmarshal(AbstractUnmarshallerImpl.java:214)
	at org.javolution.xml.annotation.JAXBAnnotatedObjectWriterTest.readJAXBObjectWithJDK(JAXBAnnotatedObjectWriterTest.java:212)
	at org.javolution.xml.annotation.JAXBAnnotatedObjectWriterTest.testWithQNameElement(JAXBAnnotatedObjectWriterTest.java:160)
</error>
  </testcase>
  <testcase name="testWithDecimalAndInteger" classname="org.javolution.xml.annotation.JAXBAnnotatedObjectWriterTest" time="0.007">
    <error type="javax.xml.bind.UnmarshalException:">javax.xml.bind.UnmarshalException: null
	at org.javolution.io.CharSequenceReader.read(CharSequenceReader.java:129)
	at com.sun.org.apache.xerces.internal.impl.XMLEntityScanner.load(XMLEntityScanner.java:1743)
	at com.sun.org.apache.xerces.internal.impl.XMLEntityScanner.arrangeCapacity(XMLEntityScanner.java:1614)
	at com.sun.org.apache.xerces.internal.impl.XMLEntityScanner.skipString(XMLEntityScanner.java:1652)
	at com.sun.org.apache.xerces.internal.impl.XMLVersionDetector.determineDocVersion(XMLVersionDetector.java:196)
	at com.sun.org.apache.xerces.internal.parsers.XML11Configuration.parse(XML11Configuration.java:812)
	at com.sun.org.apache.xerces.internal.parsers.XML11Configuration.parse(XML11Configuration.java:777)
	at com.sun.org.apache.xerces.internal.parsers.XMLParser.parse(XMLParser.java:141)
	at com.sun.org.apache.xerces.internal.parsers.AbstractSAXParser.parse(AbstractSAXParser.java:1213)
	at com.sun.org.apache.xerces.internal.jaxp.SAXParserImpl$JAXPSAXParser.parse(SAXParserImpl.java:649)
	at com.sun.xml.internal.bind.v2.runtime.unmarshaller.UnmarshallerImpl.unmarshal0(UnmarshallerImpl.java:243)
	at com.sun.xml.internal.bind.v2.runtime.unmarshaller.UnmarshallerImpl.unmarshal(UnmarshallerImpl.java:214)
	at javax.xml.bind.helpers.AbstractUnmarshallerImpl.unmarshal(AbstractUnmarshallerImpl.java:157)
	at javax.xml.bind.helpers.AbstractUnmarshallerImpl.unmarshal(AbstractUnmarshallerImpl.java:214)
	at org.javolution.xml.annotation.JAXBAnnotatedObjectWriterTest.readJAXBObjectWithJDK(JAXBAnnotatedObjectWriterTest.java:212)
	at org.javolution.xml.annotation.JAXBAnnotatedObjectWriterTest.testWithDecimalAndInteger(JAXBAnnotatedObjectWriterTest.java:196)
</error>
  </testcase>
  <testcase name="testWithSkippedElements" classname="org.javolution.xml.annotation.JAXBAnnotatedObjectWriterTest" time="0.012">
    <error type="javax.xml.bind.UnmarshalException:">javax.xml.bind.UnmarshalException: null
	at org.javolution.io.CharSequenceReader.read(CharSequenceReader.java:129)
	at com.sun.org.apache.xerces.internal.impl.XMLEntityScanner.load(XMLEntityScanner.java:1743)
	at com.sun.org.apache.xerces.internal.impl.XMLEntityScanner.arrangeCapacity(XMLEntityScanner.java:1614)
	at com.sun.org.apache.xerces.internal.impl.XMLEntityScanner.skipString(XMLEntityScanner.java:1652)
	at com.sun.org.apache.xerces.internal.impl.XMLVersionDetector.determineDocVersion(XMLVersionDetector.java:196)
	at com.sun.org.apache.xerces.internal.parsers.XML11Configuration.parse(XML11Configuration.java:812)
	at com.sun.org.apache.xerces.internal.parsers.XML11Configuration.parse(XML11Configuration.java:777)
	at com.sun.org.apache.xerces.internal.parsers.XMLParser.parse(XMLParser.java:141)
	at com.sun.org.apache.xerces.internal.parsers.AbstractSAXParser.parse(AbstractSAXParser.java:1213)
	at com.sun.org.apache.xerces.internal.jaxp.SAXParserImpl$JAXPSAXParser.parse(SAXParserImpl.java:649)
	at com.sun.xml.internal.bind.v2.runtime.unmarshaller.UnmarshallerImpl.unmarshal0(UnmarshallerImpl.java:243)
	at com.sun.xml.internal.bind.v2.runtime.unmarshaller.UnmarshallerImpl.unmarshal(UnmarshallerImpl.java:214)
	at javax.xml.bind.helpers.AbstractUnmarshallerImpl.unmarshal(AbstractUnmarshallerImpl.java:157)
	at javax.xml.bind.helpers.AbstractUnmarshallerImpl.unmarshal(AbstractUnmarshallerImpl.java:214)
	at org.javolution.xml.annotation.JAXBAnnotatedObjectWriterTest.readJAXBObjectWithJDK(JAXBAnnotatedObjectWriterTest.java:212)
	at org.javolution.xml.annotation.JAXBAnnotatedObjectWriterTest.testWithSkippedElements(JAXBAnnotatedObjectWriterTest.java:137)
</error>
  </testcase>
  <testcase name="testWithMissingRequiredAttribute" classname="org.javolution.xml.annotation.JAXBAnnotatedObjectWriterTest" time="0.016">
    <error message="Unexpected exception, expected&lt;javax.xml.bind.MarshalException&gt; but was&lt;javax.xml.bind.UnmarshalException&gt;" type="java.lang.Exception"><![CDATA[java.lang.Exception: Unexpected exception, expected<javax.xml.bind.MarshalException> but was<javax.xml.bind.UnmarshalException>
	at org.javolution.io.CharSequenceReader.read(CharSequenceReader.java:129)
	at com.sun.org.apache.xerces.internal.impl.XMLEntityScanner.load(XMLEntityScanner.java:1743)
	at com.sun.org.apache.xerces.internal.impl.XMLEntityScanner.arrangeCapacity(XMLEntityScanner.java:1614)
	at com.sun.org.apache.xerces.internal.impl.XMLEntityScanner.skipString(XMLEntityScanner.java:1652)
	at com.sun.org.apache.xerces.internal.impl.XMLVersionDetector.determineDocVersion(XMLVersionDetector.java:196)
	at com.sun.org.apache.xerces.internal.parsers.XML11Configuration.parse(XML11Configuration.java:812)
	at com.sun.org.apache.xerces.internal.parsers.XML11Configuration.parse(XML11Configuration.java:777)
	at com.sun.org.apache.xerces.internal.parsers.XMLParser.parse(XMLParser.java:141)
	at com.sun.org.apache.xerces.internal.parsers.AbstractSAXParser.parse(AbstractSAXParser.java:1213)
	at com.sun.org.apache.xerces.internal.jaxp.SAXParserImpl$JAXPSAXParser.parse(SAXParserImpl.java:649)
	at com.sun.xml.internal.bind.v2.runtime.unmarshaller.UnmarshallerImpl.unmarshal0(UnmarshallerImpl.java:243)
	at com.sun.xml.internal.bind.v2.runtime.unmarshaller.UnmarshallerImpl.unmarshal(UnmarshallerImpl.java:214)
	at javax.xml.bind.helpers.AbstractUnmarshallerImpl.unmarshal(AbstractUnmarshallerImpl.java:157)
	at javax.xml.bind.helpers.AbstractUnmarshallerImpl.unmarshal(AbstractUnmarshallerImpl.java:214)
	at org.javolution.xml.annotation.JAXBAnnotatedObjectWriterTest.readJAXBObjectWithJDK(JAXBAnnotatedObjectWriterTest.java:212)
	at org.javolution.xml.annotation.JAXBAnnotatedObjectWriterTest.testWithMissingRequiredAttribute(JAXBAnnotatedObjectWriterTest.java:146)
]]></error>
  </testcase>
  <testcase name="testWithBinaryElement" classname="org.javolution.xml.annotation.JAXBAnnotatedObjectWriterTest" time="0.014">
    <error type="javax.xml.bind.UnmarshalException:">javax.xml.bind.UnmarshalException: null
	at org.javolution.io.CharSequenceReader.read(CharSequenceReader.java:129)
	at com.sun.org.apache.xerces.internal.impl.XMLEntityScanner.load(XMLEntityScanner.java:1743)
	at com.sun.org.apache.xerces.internal.impl.XMLEntityScanner.arrangeCapacity(XMLEntityScanner.java:1614)
	at com.sun.org.apache.xerces.internal.impl.XMLEntityScanner.skipString(XMLEntityScanner.java:1652)
	at com.sun.org.apache.xerces.internal.impl.XMLVersionDetector.determineDocVersion(XMLVersionDetector.java:196)
	at com.sun.org.apache.xerces.internal.parsers.XML11Configuration.parse(XML11Configuration.java:812)
	at com.sun.org.apache.xerces.internal.parsers.XML11Configuration.parse(XML11Configuration.java:777)
	at com.sun.org.apache.xerces.internal.parsers.XMLParser.parse(XMLParser.java:141)
	at com.sun.org.apache.xerces.internal.parsers.AbstractSAXParser.parse(AbstractSAXParser.java:1213)
	at com.sun.org.apache.xerces.internal.jaxp.SAXParserImpl$JAXPSAXParser.parse(SAXParserImpl.java:649)
	at com.sun.xml.internal.bind.v2.runtime.unmarshaller.UnmarshallerImpl.unmarshal0(UnmarshallerImpl.java:243)
	at com.sun.xml.internal.bind.v2.runtime.unmarshaller.UnmarshallerImpl.unmarshal(UnmarshallerImpl.java:214)
	at javax.xml.bind.helpers.AbstractUnmarshallerImpl.unmarshal(AbstractUnmarshallerImpl.java:157)
	at javax.xml.bind.helpers.AbstractUnmarshallerImpl.unmarshal(AbstractUnmarshallerImpl.java:214)
	at org.javolution.xml.annotation.JAXBAnnotatedObjectWriterTest.readJAXBObjectWithJDK(JAXBAnnotatedObjectWriterTest.java:212)
	at org.javolution.xml.annotation.JAXBAnnotatedObjectWriterTest.testWithBinaryElement(JAXBAnnotatedObjectWriterTest.java:169)
</error>
  </testcase>
  <testcase name="testWithCDataString" classname="org.javolution.xml.annotation.JAXBAnnotatedObjectWriterTest" time="0.014">
    <error type="javax.xml.bind.UnmarshalException:">javax.xml.bind.UnmarshalException: null
	at org.javolution.io.CharSequenceReader.read(CharSequenceReader.java:129)
	at com.sun.org.apache.xerces.internal.impl.XMLEntityScanner.load(XMLEntityScanner.java:1743)
	at com.sun.org.apache.xerces.internal.impl.XMLEntityScanner.arrangeCapacity(XMLEntityScanner.java:1614)
	at com.sun.org.apache.xerces.internal.impl.XMLEntityScanner.skipString(XMLEntityScanner.java:1652)
	at com.sun.org.apache.xerces.internal.impl.XMLVersionDetector.determineDocVersion(XMLVersionDetector.java:196)
	at com.sun.org.apache.xerces.internal.parsers.XML11Configuration.parse(XML11Configuration.java:812)
	at com.sun.org.apache.xerces.internal.parsers.XML11Configuration.parse(XML11Configuration.java:777)
	at com.sun.org.apache.xerces.internal.parsers.XMLParser.parse(XMLParser.java:141)
	at com.sun.org.apache.xerces.internal.parsers.AbstractSAXParser.parse(AbstractSAXParser.java:1213)
	at com.sun.org.apache.xerces.internal.jaxp.SAXParserImpl$JAXPSAXParser.parse(SAXParserImpl.java:649)
	at com.sun.xml.internal.bind.v2.runtime.unmarshaller.UnmarshallerImpl.unmarshal0(UnmarshallerImpl.java:243)
	at com.sun.xml.internal.bind.v2.runtime.unmarshaller.UnmarshallerImpl.unmarshal(UnmarshallerImpl.java:214)
	at javax.xml.bind.helpers.AbstractUnmarshallerImpl.unmarshal(AbstractUnmarshallerImpl.java:157)
	at javax.xml.bind.helpers.AbstractUnmarshallerImpl.unmarshal(AbstractUnmarshallerImpl.java:214)
	at org.javolution.xml.annotation.JAXBAnnotatedObjectWriterTest.readJAXBObjectWithJDK(JAXBAnnotatedObjectWriterTest.java:212)
	at org.javolution.xml.annotation.JAXBAnnotatedObjectWriterTest.testWithCDataString(JAXBAnnotatedObjectWriterTest.java:110)
</error>
  </testcase>
  <testcase name="testCommonElement" classname="org.javolution.xml.annotation.JAXBAnnotatedObjectWriterTest" time="0.012">
    <error type="javax.xml.bind.UnmarshalException:">javax.xml.bind.UnmarshalException: null
	at org.javolution.io.CharSequenceReader.read(CharSequenceReader.java:129)
	at com.sun.org.apache.xerces.internal.impl.XMLEntityScanner.load(XMLEntityScanner.java:1743)
	at com.sun.org.apache.xerces.internal.impl.XMLEntityScanner.arrangeCapacity(XMLEntityScanner.java:1614)
	at com.sun.org.apache.xerces.internal.impl.XMLEntityScanner.skipString(XMLEntityScanner.java:1652)
	at com.sun.org.apache.xerces.internal.impl.XMLVersionDetector.determineDocVersion(XMLVersionDetector.java:196)
	at com.sun.org.apache.xerces.internal.parsers.XML11Configuration.parse(XML11Configuration.java:812)
	at com.sun.org.apache.xerces.internal.parsers.XML11Configuration.parse(XML11Configuration.java:777)
	at com.sun.org.apache.xerces.internal.parsers.XMLParser.parse(XMLParser.java:141)
	at com.sun.org.apache.xerces.internal.parsers.AbstractSAXParser.parse(AbstractSAXParser.java:1213)
	at com.sun.org.apache.xerces.internal.jaxp.SAXParserImpl$JAXPSAXParser.parse(SAXParserImpl.java:649)
	at com.sun.xml.internal.bind.v2.runtime.unmarshaller.UnmarshallerImpl.unmarshal0(UnmarshallerImpl.java:243)
	at com.sun.xml.internal.bind.v2.runtime.unmarshaller.UnmarshallerImpl.unmarshal(UnmarshallerImpl.java:214)
	at javax.xml.bind.helpers.AbstractUnmarshallerImpl.unmarshal(AbstractUnmarshallerImpl.java:157)
	at javax.xml.bind.helpers.AbstractUnmarshallerImpl.unmarshal(AbstractUnmarshallerImpl.java:214)
	at org.javolution.xml.annotation.JAXBAnnotatedObjectWriterTest.readJAXBObjectWithJDK(JAXBAnnotatedObjectWriterTest.java:212)
	at org.javolution.xml.annotation.JAXBAnnotatedObjectWriterTest.testCommonElement(JAXBAnnotatedObjectWriterTest.java:65)
</error>
  </testcase>
  <testcase name="testMoreThanOneOfSameElementWithMixedData" classname="org.javolution.xml.annotation.JAXBAnnotatedObjectWriterTest" time="0.011">
    <error type="javax.xml.bind.UnmarshalException:">javax.xml.bind.UnmarshalException: null
	at org.javolution.io.CharSequenceReader.read(CharSequenceReader.java:129)
	at com.sun.org.apache.xerces.internal.impl.XMLEntityScanner.load(XMLEntityScanner.java:1743)
	at com.sun.org.apache.xerces.internal.impl.XMLEntityScanner.arrangeCapacity(XMLEntityScanner.java:1614)
	at com.sun.org.apache.xerces.internal.impl.XMLEntityScanner.skipString(XMLEntityScanner.java:1652)
	at com.sun.org.apache.xerces.internal.impl.XMLVersionDetector.determineDocVersion(XMLVersionDetector.java:196)
	at com.sun.org.apache.xerces.internal.parsers.XML11Configuration.parse(XML11Configuration.java:812)
	at com.sun.org.apache.xerces.internal.parsers.XML11Configuration.parse(XML11Configuration.java:777)
	at com.sun.org.apache.xerces.internal.parsers.XMLParser.parse(XMLParser.java:141)
	at com.sun.org.apache.xerces.internal.parsers.AbstractSAXParser.parse(AbstractSAXParser.java:1213)
	at com.sun.org.apache.xerces.internal.jaxp.SAXParserImpl$JAXPSAXParser.parse(SAXParserImpl.java:649)
	at com.sun.xml.internal.bind.v2.runtime.unmarshaller.UnmarshallerImpl.unmarshal0(UnmarshallerImpl.java:243)
	at com.sun.xml.internal.bind.v2.runtime.unmarshaller.UnmarshallerImpl.unmarshal(UnmarshallerImpl.java:214)
	at javax.xml.bind.helpers.AbstractUnmarshallerImpl.unmarshal(AbstractUnmarshallerImpl.java:157)
	at javax.xml.bind.helpers.AbstractUnmarshallerImpl.unmarshal(AbstractUnmarshallerImpl.java:214)
	at org.javolution.xml.annotation.JAXBAnnotatedObjectWriterTest.readJAXBObjectWithJDK(JAXBAnnotatedObjectWriterTest.java:212)
	at org.javolution.xml.annotation.JAXBAnnotatedObjectWriterTest.testMoreThanOneOfSameElementWithMixedData(JAXBAnnotatedObjectWriterTest.java:92)
</error>
  </testcase>
  <testcase name="testBoundedElementWithNestedAttributeOnly" classname="org.javolution.xml.annotation.JAXBAnnotatedObjectWriterTest" time="0.011">
    <error type="javax.xml.bind.UnmarshalException:">javax.xml.bind.UnmarshalException: null
	at org.javolution.io.CharSequenceReader.read(CharSequenceReader.java:129)
	at com.sun.org.apache.xerces.internal.impl.XMLEntityScanner.load(XMLEntityScanner.java:1743)
	at com.sun.org.apache.xerces.internal.impl.XMLEntityScanner.arrangeCapacity(XMLEntityScanner.java:1614)
	at com.sun.org.apache.xerces.internal.impl.XMLEntityScanner.skipString(XMLEntityScanner.java:1652)
	at com.sun.org.apache.xerces.internal.impl.XMLVersionDetector.determineDocVersion(XMLVersionDetector.java:196)
	at com.sun.org.apache.xerces.internal.parsers.XML11Configuration.parse(XML11Configuration.java:812)
	at com.sun.org.apache.xerces.internal.parsers.XML11Configuration.parse(XML11Configuration.java:777)
	at com.sun.org.apache.xerces.internal.parsers.XMLParser.parse(XMLParser.java:141)
	at com.sun.org.apache.xerces.internal.parsers.AbstractSAXParser.parse(AbstractSAXParser.java:1213)
	at com.sun.org.apache.xerces.internal.jaxp.SAXParserImpl$JAXPSAXParser.parse(SAXParserImpl.java:649)
	at com.sun.xml.internal.bind.v2.runtime.unmarshaller.UnmarshallerImpl.unmarshal0(UnmarshallerImpl.java:243)
	at com.sun.xml.internal.bind.v2.runtime.unmarshaller.UnmarshallerImpl.unmarshal(UnmarshallerImpl.java:214)
	at javax.xml.bind.helpers.AbstractUnmarshallerImpl.unmarshal(AbstractUnmarshallerImpl.java:157)
	at javax.xml.bind.helpers.AbstractUnmarshallerImpl.unmarshal(AbstractUnmarshallerImpl.java:214)
	at org.javolution.xml.annotation.JAXBAnnotatedObjectWriterTest.readJAXBObjectWithJDK(JAXBAnnotatedObjectWriterTest.java:212)
	at org.javolution.xml.annotation.JAXBAnnotatedObjectWriterTest.testBoundedElementWithNestedAttributeOnly(JAXBAnnotatedObjectWriterTest.java:56)
</error>
  </testcase>
  <testcase name="testWithEmptyElements" classname="org.javolution.xml.annotation.JAXBAnnotatedObjectWriterTest" time="0.01">
    <error type="javax.xml.bind.UnmarshalException:">javax.xml.bind.UnmarshalException: null
	at org.javolution.io.CharSequenceReader.read(CharSequenceReader.java:129)
	at com.sun.org.apache.xerces.internal.impl.XMLEntityScanner.load(XMLEntityScanner.java:1743)
	at com.sun.org.apache.xerces.internal.impl.XMLEntityScanner.arrangeCapacity(XMLEntityScanner.java:1614)
	at com.sun.org.apache.xerces.internal.impl.XMLEntityScanner.skipString(XMLEntityScanner.java:1652)
	at com.sun.org.apache.xerces.internal.impl.XMLVersionDetector.determineDocVersion(XMLVersionDetector.java:196)
	at com.sun.org.apache.xerces.internal.parsers.XML11Configuration.parse(XML11Configuration.java:812)
	at com.sun.org.apache.xerces.internal.parsers.XML11Configuration.parse(XML11Configuration.java:777)
	at com.sun.org.apache.xerces.internal.parsers.XMLParser.parse(XMLParser.java:141)
	at com.sun.org.apache.xerces.internal.parsers.AbstractSAXParser.parse(AbstractSAXParser.java:1213)
	at com.sun.org.apache.xerces.internal.jaxp.SAXParserImpl$JAXPSAXParser.parse(SAXParserImpl.java:649)
	at com.sun.xml.internal.bind.v2.runtime.unmarshaller.UnmarshallerImpl.unmarshal0(UnmarshallerImpl.java:243)
	at com.sun.xml.internal.bind.v2.runtime.unmarshaller.UnmarshallerImpl.unmarshal(UnmarshallerImpl.java:214)
	at javax.xml.bind.helpers.AbstractUnmarshallerImpl.unmarshal(AbstractUnmarshallerImpl.java:157)
	at javax.xml.bind.helpers.AbstractUnmarshallerImpl.unmarshal(AbstractUnmarshallerImpl.java:214)
	at org.javolution.xml.annotation.JAXBAnnotatedObjectWriterTest.readJAXBObjectWithJDK(JAXBAnnotatedObjectWriterTest.java:212)
	at org.javolution.xml.annotation.JAXBAnnotatedObjectWriterTest.testWithEmptyElements(JAXBAnnotatedObjectWriterTest.java:187)
</error>
  </testcase>
</testsuite>